   0  $accept : programa $end

   1  programa : ID_simple BEGIN sentencias END
   2           | ID_simple BEGIN END
   3           | BEGIN sentencias END
   4           | ID_simple BEGIN sentencias
   5           | ID_simple sentencias END
   6           | ID_simple sentencias

   7  sentencias : sentencias sentencia
   8             | sentencia

   9  sentencia : sentencia_declarativa
  10            | error ';'
  11            | sentencia_ejecutable ';'
  12            | sentencia_ejecutable

  13  sentencia_declarativa : declaracion_variable
  14                        | declaracion_funciones ';'
  15                        | declaracion_subtipo ';'
  16                        | declaracion_funciones
  17                        | declaracion_subtipo

  18  declaracion_variable : tipo variables ';'
  19                       | tipo variables error

  20  tipo : ID_simple
  21       | tipo_primitivo

  22  tipo_primitivo : INTEGER
  23                 | DOUBLE

  24  declaracion_subtipo : TYPEDEF ID_simple ASIGNACION tipo '{' CTE_con_sig ',' CTE_con_sig '}'
  25                      | TYPEDEF ID_simple ASIGNACION tipo CTE_con_sig ',' CTE_con_sig '}'
  26                      | TYPEDEF ID_simple ASIGNACION tipo '{' CTE_con_sig ',' CTE_con_sig
  27                      | TYPEDEF ID_simple ASIGNACION tipo CTE_con_sig ',' CTE_con_sig
  28                      | TYPEDEF TRIPLE '<' tipo '>' ID_simple
  29                      | TYPEDEF ID_simple ASIGNACION tipo '{' ',' CTE_con_sig '}'
  30                      | TYPEDEF ID_simple ASIGNACION tipo '{' CTE_con_sig '}'
  31                      | TYPEDEF ID_simple ASIGNACION tipo '{' CTE_con_sig ',' '}'
  32                      | TYPEDEF ID_simple ASIGNACION tipo '{' '}'
  33                      | TYPEDEF ASIGNACION tipo '{' CTE_con_sig ',' CTE_con_sig '}'
  34                      | TYPEDEF ID_simple ASIGNACION '{' CTE_con_sig ',' CTE_con_sig '}'
  35                      | TYPEDEF '<' tipo '>' ID_simple
  36                      | TYPEDEF TRIPLE tipo '>' ID_simple
  37                      | TYPEDEF TRIPLE '<' tipo ID_simple
  38                      | TYPEDEF TRIPLE tipo ID_simple
  39                      | TYPEDEF TRIPLE '<' tipo '>' error

  40  declaracion_funciones : encabezado_funcion parametros_parentesis BEGIN cuerpo_funcion END

  41  encabezado_funcion : tipo FUN ID
  42                     | tipo FUN

  43  parametros_parentesis : '(' tipo_primitivo ID_simple ')'
  44                        | '(' tipo_primitivo ')'
  45                        | '(' ID_simple ')'
  46                        | '(' ')'
  47                        | '(' error ')'

  48  cuerpo_funcion : sentencias

  49  retorno : RET '(' expresion_arit ')'
  50          | RET '(' ')'

  51  sentencia_ejecutable : asignacion
  52                       | sentencia_IF
  53                       | sentencia_WHILE
  54                       | sentencia_goto
  55                       | ETIQUETA
  56                       | outf_rule
  57                       | retorno

  58  outf_rule : OUTF '(' expresion_arit ')'
  59            | OUTF '(' ')'
  60            | OUTF '(' cadena ')'
  61            | OUTF '(' sentencias ')'

  62  asignacion : variable_simple ASIGNACION expresion_arit
  63             | variable_simple '{' CTE '}' ASIGNACION expresion_arit
  64             | variable_simple '{' '-' CTE '}' ASIGNACION expresion_arit

  65  invocacion : ID_simple '(' expresion_arit ')'
  66             | ID_simple '(' tipo_primitivo '(' expresion_arit ')' ')'
  67             | ID_simple '(' ')'
  68             | ID_simple '(' error ')'

  69  list_expre : list_expre ',' expresion_arit
  70             | ',' expresion_arit
  71             | list_expre ','
  72             | expresion_arit

  73  expresion_arit : expresion_arit '+' termino
  74                 | expresion_arit '-' termino
  75                 | termino
  76                 | error '+' error
  77                 | error '-' error
  78                 | expresion_arit '+' error
  79                 | expresion_arit '-' error
  80                 | error termino

  81  termino : termino '*' factor
  82          | termino '/' factor
  83          | factor
  84          | error '*' error
  85          | error '/' error
  86          | termino '*' error
  87          | termino '/' error

  88  factor : variable_simple
  89         | CTE_con_sig
  90         | invocacion
  91         | variable_simple '{' CTE '}'
  92         | variable_simple '{' '-' CTE '}'

  93  variables : variables ',' variable_simple
  94            | variables variable_simple
  95            | variable_simple

  96  variable_simple : ID_simple

  97  ID_simple : ID

  98  CTE_con_sig : CTE
  99              | '-' CTE

 100  sentencia_IF : IF condicion THEN bloque_unidad ';' bloque_else ';' END_IF
 101               | IF condicion THEN bloque_unidad ';' END_IF
 102               | IF condicion THEN bloque_else ';' END_IF
 103               | IF condicion THEN END_IF
 104               | IF condicion THEN bloque_unidad ';' ELSE END_IF
 105               | IF condicion THEN bloque_unidad bloque_else ';' END_IF
 106               | IF condicion THEN bloque_unidad END_IF
 107               | IF condicion THEN bloque_unidad ';' bloque_else END_IF
 108               | IF condicion THEN bloque_unidad bloque_else END_IF
 109               | IF condicion THEN bloque_unidad ';' error
 110               | IF condicion THEN bloque_unidad ';' bloque_else ';' error

 111  condicion : '(' '(' list_expre ')' comparador '(' list_expre ')' ')'
 112            | '(' list_expre ')' comparador '(' list_expre ')' ')'
 113            | '(' '(' list_expre ')' comparador '(' list_expre ')'
 114            | '(' list_expre ')' comparador '(' list_expre ')'
 115            | '(' expresion_arit comparador expresion_arit ')'
 116            | expresion_arit comparador expresion_arit ')'
 117            | '(' expresion_arit comparador expresion_arit
 118            | expresion_arit comparador expresion_arit
 119            | '(' list_expre ')'
 120            | '(' '(' list_expre ')' '(' list_expre ')' ')'
 121            | '(' '(' list_expre comparador '(' list_expre ')' ')'
 122            | '(' '(' list_expre ')' comparador list_expre ')' ')'

 123  comparador : '>'
 124             | MAYORIGUAL
 125             | '<'
 126             | MENORIGUAL
 127             | '='
 128             | DISTINTO

 129  bloque_else : bloque_else_simple
 130              | bloque_else_multiple

 131  bloque_else_multiple : ELSE BEGIN bloque_sent_ejecutables ';' END
 132                       | ELSE BEGIN bloque_sent_ejecutables END

 133  bloque_else_simple : ELSE bloque_sentencia_simple

 134  bloque_unidad : bloque_unidad_simple
 135                | bloque_unidad_multiple

 136  bloque_unidad_multiple : BEGIN bloque_sent_ejecutables ';' END
 137                         | BEGIN END
 138                         | BEGIN bloque_sent_ejecutables END

 139  bloque_unidad_simple : bloque_sentencia_simple

 140  bloque_sent_ejecutables : bloque_sent_ejecutables ';' bloque_sentencia_simple
 141                          | bloque_sentencia_simple
 142                          | bloque_sent_ejecutables bloque_sentencia_simple

 143  bloque_sentencia_simple : sentencia_ejecutable

 144  cadena : CADENAMULTILINEA

 145  sentencia_WHILE : encabezado_WHILE condicion bloque_unidad
 146                  | encabezado_WHILE condicion error

 147  encabezado_WHILE : WHILE

 148  sentencia_goto : GOTO ETIQUETA
 149                 | GOTO error

state 0
	$accept : . programa $end  (0)

	BEGIN  shift 1
	ID  shift 2
	.  error

	programa  goto 3
	ID_simple  goto 4


state 1
	programa : BEGIN . sentencias END  (3)

	error  shift 5
	IF  shift 6
	OUTF  shift 7
	TYPEDEF  shift 8
	RET  shift 9
	ID  shift 2
	WHILE  shift 10
	GOTO  shift 11
	ETIQUETA  shift 12
	INTEGER  shift 13
	DOUBLE  shift 14
	.  error

	ID_simple  goto 15
	sentencias  goto 16
	sentencia  goto 17
	sentencia_declarativa  goto 18
	sentencia_ejecutable  goto 19
	declaracion_variable  goto 20
	declaracion_funciones  goto 21
	declaracion_subtipo  goto 22
	tipo  goto 23
	tipo_primitivo  goto 24
	encabezado_funcion  goto 25
	retorno  goto 26
	asignacion  goto 27
	sentencia_IF  goto 28
	sentencia_WHILE  goto 29
	sentencia_goto  goto 30
	outf_rule  goto 31
	variable_simple  goto 32
	encabezado_WHILE  goto 33


state 2
	ID_simple : ID .  (97)

	.  reduce 97


state 3
	$accept : programa . $end  (0)

	$end  accept


state 4
	programa : ID_simple . BEGIN sentencias END  (1)
	programa : ID_simple . BEGIN END  (2)
	programa : ID_simple . BEGIN sentencias  (4)
	programa : ID_simple . sentencias END  (5)
	programa : ID_simple . sentencias  (6)

	error  shift 5
	IF  shift 6
	BEGIN  shift 34
	OUTF  shift 7
	TYPEDEF  shift 8
	RET  shift 9
	ID  shift 2
	WHILE  shift 10
	GOTO  shift 11
	ETIQUETA  shift 12
	INTEGER  shift 13
	DOUBLE  shift 14
	.  error

	ID_simple  goto 15
	sentencias  goto 35
	sentencia  goto 17
	sentencia_declarativa  goto 18
	sentencia_ejecutable  goto 19
	declaracion_variable  goto 20
	declaracion_funciones  goto 21
	declaracion_subtipo  goto 22
	tipo  goto 23
	tipo_primitivo  goto 24
	encabezado_funcion  goto 25
	retorno  goto 26
	asignacion  goto 27
	sentencia_IF  goto 28
	sentencia_WHILE  goto 29
	sentencia_goto  goto 30
	outf_rule  goto 31
	variable_simple  goto 32
	encabezado_WHILE  goto 33


state 5
	sentencia : error . ';'  (10)

	';'  shift 36
	.  error


state 6
	sentencia_IF : IF . condicion THEN bloque_unidad ';' bloque_else ';' END_IF  (100)
	sentencia_IF : IF . condicion THEN bloque_unidad ';' END_IF  (101)
	sentencia_IF : IF . condicion THEN bloque_else ';' END_IF  (102)
	sentencia_IF : IF . condicion THEN END_IF  (103)
	sentencia_IF : IF . condicion THEN bloque_unidad ';' ELSE END_IF  (104)
	sentencia_IF : IF . condicion THEN bloque_unidad bloque_else ';' END_IF  (105)
	sentencia_IF : IF . condicion THEN bloque_unidad END_IF  (106)
	sentencia_IF : IF . condicion THEN bloque_unidad ';' bloque_else END_IF  (107)
	sentencia_IF : IF . condicion THEN bloque_unidad bloque_else END_IF  (108)
	sentencia_IF : IF . condicion THEN bloque_unidad ';' error  (109)
	sentencia_IF : IF . condicion THEN bloque_unidad ';' bloque_else ';' error  (110)

	error  shift 37
	CTE  shift 38
	ID  shift 2
	'('  shift 39
	'-'  shift 40
	.  error

	ID_simple  goto 41
	CTE_con_sig  goto 42
	expresion_arit  goto 43
	variable_simple  goto 44
	invocacion  goto 45
	termino  goto 46
	factor  goto 47
	condicion  goto 48


state 7
	outf_rule : OUTF . '(' expresion_arit ')'  (58)
	outf_rule : OUTF . '(' ')'  (59)
	outf_rule : OUTF . '(' cadena ')'  (60)
	outf_rule : OUTF . '(' sentencias ')'  (61)

	'('  shift 49
	.  error


state 8
	declaracion_subtipo : TYPEDEF . ID_simple ASIGNACION tipo '{' CTE_con_sig ',' CTE_con_sig '}'  (24)
	declaracion_subtipo : TYPEDEF . ID_simple ASIGNACION tipo CTE_con_sig ',' CTE_con_sig '}'  (25)
	declaracion_subtipo : TYPEDEF . ID_simple ASIGNACION tipo '{' CTE_con_sig ',' CTE_con_sig  (26)
	declaracion_subtipo : TYPEDEF . ID_simple ASIGNACION tipo CTE_con_sig ',' CTE_con_sig  (27)
	declaracion_subtipo : TYPEDEF . TRIPLE '<' tipo '>' ID_simple  (28)
	declaracion_subtipo : TYPEDEF . ID_simple ASIGNACION tipo '{' ',' CTE_con_sig '}'  (29)
	declaracion_subtipo : TYPEDEF . ID_simple ASIGNACION tipo '{' CTE_con_sig '}'  (30)
	declaracion_subtipo : TYPEDEF . ID_simple ASIGNACION tipo '{' CTE_con_sig ',' '}'  (31)
	declaracion_subtipo : TYPEDEF . ID_simple ASIGNACION tipo '{' '}'  (32)
	declaracion_subtipo : TYPEDEF . ASIGNACION tipo '{' CTE_con_sig ',' CTE_con_sig '}'  (33)
	declaracion_subtipo : TYPEDEF . ID_simple ASIGNACION '{' CTE_con_sig ',' CTE_con_sig '}'  (34)
	declaracion_subtipo : TYPEDEF . '<' tipo '>' ID_simple  (35)
	declaracion_subtipo : TYPEDEF . TRIPLE tipo '>' ID_simple  (36)
	declaracion_subtipo : TYPEDEF . TRIPLE '<' tipo ID_simple  (37)
	declaracion_subtipo : TYPEDEF . TRIPLE tipo ID_simple  (38)
	declaracion_subtipo : TYPEDEF . TRIPLE '<' tipo '>' error  (39)

	ID  shift 2
	TRIPLE  shift 50
	ASIGNACION  shift 51
	'<'  shift 52
	.  error

	ID_simple  goto 53


state 9
	retorno : RET . '(' expresion_arit ')'  (49)
	retorno : RET . '(' ')'  (50)

	'('  shift 54
	.  error


state 10
	encabezado_WHILE : WHILE .  (147)

	.  reduce 147


state 11
	sentencia_goto : GOTO . ETIQUETA  (148)
	sentencia_goto : GOTO . error  (149)

	error  shift 55
	ETIQUETA  shift 56
	.  error


state 12
	sentencia_ejecutable : ETIQUETA .  (55)

	.  reduce 55


state 13
	tipo_primitivo : INTEGER .  (22)

	.  reduce 22


state 14
	tipo_primitivo : DOUBLE .  (23)

	.  reduce 23


state 15
	tipo : ID_simple .  (20)
	variable_simple : ID_simple .  (96)

	FUN  reduce 20
	ID  reduce 20
	ASIGNACION  reduce 96
	'{'  reduce 96


state 16
	programa : BEGIN sentencias . END  (3)
	sentencias : sentencias . sentencia  (7)

	error  shift 5
	IF  shift 6
	END  shift 57
	OUTF  shift 7
	TYPEDEF  shift 8
	RET  shift 9
	ID  shift 2
	WHILE  shift 10
	GOTO  shift 11
	ETIQUETA  shift 12
	INTEGER  shift 13
	DOUBLE  shift 14
	.  error

	ID_simple  goto 15
	sentencia  goto 58
	sentencia_declarativa  goto 18
	sentencia_ejecutable  goto 19
	declaracion_variable  goto 20
	declaracion_funciones  goto 21
	declaracion_subtipo  goto 22
	tipo  goto 23
	tipo_primitivo  goto 24
	encabezado_funcion  goto 25
	retorno  goto 26
	asignacion  goto 27
	sentencia_IF  goto 28
	sentencia_WHILE  goto 29
	sentencia_goto  goto 30
	outf_rule  goto 31
	variable_simple  goto 32
	encabezado_WHILE  goto 33


state 17
	sentencias : sentencia .  (8)

	.  reduce 8


state 18
	sentencia : sentencia_declarativa .  (9)

	.  reduce 9


state 19
	sentencia : sentencia_ejecutable . ';'  (11)
	sentencia : sentencia_ejecutable .  (12)

	';'  shift 59
	$end  reduce 12
	error  reduce 12
	IF  reduce 12
	END  reduce 12
	OUTF  reduce 12
	TYPEDEF  reduce 12
	RET  reduce 12
	ID  reduce 12
	WHILE  reduce 12
	GOTO  reduce 12
	ETIQUETA  reduce 12
	INTEGER  reduce 12
	DOUBLE  reduce 12
	')'  reduce 12


state 20
	sentencia_declarativa : declaracion_variable .  (13)

	.  reduce 13


state 21
	sentencia_declarativa : declaracion_funciones . ';'  (14)
	sentencia_declarativa : declaracion_funciones .  (16)

	';'  shift 60
	$end  reduce 16
	error  reduce 16
	IF  reduce 16
	END  reduce 16
	OUTF  reduce 16
	TYPEDEF  reduce 16
	RET  reduce 16
	ID  reduce 16
	WHILE  reduce 16
	GOTO  reduce 16
	ETIQUETA  reduce 16
	INTEGER  reduce 16
	DOUBLE  reduce 16
	')'  reduce 16


state 22
	sentencia_declarativa : declaracion_subtipo . ';'  (15)
	sentencia_declarativa : declaracion_subtipo .  (17)

	';'  shift 61
	$end  reduce 17
	error  reduce 17
	IF  reduce 17
	END  reduce 17
	OUTF  reduce 17
	TYPEDEF  reduce 17
	RET  reduce 17
	ID  reduce 17
	WHILE  reduce 17
	GOTO  reduce 17
	ETIQUETA  reduce 17
	INTEGER  reduce 17
	DOUBLE  reduce 17
	')'  reduce 17


state 23
	declaracion_variable : tipo . variables ';'  (18)
	declaracion_variable : tipo . variables error  (19)
	encabezado_funcion : tipo . FUN ID  (41)
	encabezado_funcion : tipo . FUN  (42)

	FUN  shift 62
	ID  shift 2
	.  error

	ID_simple  goto 63
	variables  goto 64
	variable_simple  goto 65


state 24
	tipo : tipo_primitivo .  (21)

	.  reduce 21


state 25
	declaracion_funciones : encabezado_funcion . parametros_parentesis BEGIN cuerpo_funcion END  (40)

	'('  shift 66
	.  error

	parametros_parentesis  goto 67


state 26
	sentencia_ejecutable : retorno .  (57)

	.  reduce 57


state 27
	sentencia_ejecutable : asignacion .  (51)

	.  reduce 51


state 28
	sentencia_ejecutable : sentencia_IF .  (52)

	.  reduce 52


state 29
	sentencia_ejecutable : sentencia_WHILE .  (53)

	.  reduce 53


state 30
	sentencia_ejecutable : sentencia_goto .  (54)

	.  reduce 54


state 31
	sentencia_ejecutable : outf_rule .  (56)

	.  reduce 56


state 32
	asignacion : variable_simple . ASIGNACION expresion_arit  (62)
	asignacion : variable_simple . '{' CTE '}' ASIGNACION expresion_arit  (63)
	asignacion : variable_simple . '{' '-' CTE '}' ASIGNACION expresion_arit  (64)

	ASIGNACION  shift 68
	'{'  shift 69
	.  error


state 33
	sentencia_WHILE : encabezado_WHILE . condicion bloque_unidad  (145)
	sentencia_WHILE : encabezado_WHILE . condicion error  (146)

	error  shift 37
	CTE  shift 38
	ID  shift 2
	'('  shift 39
	'-'  shift 40
	.  error

	ID_simple  goto 41
	CTE_con_sig  goto 42
	expresion_arit  goto 43
	variable_simple  goto 44
	invocacion  goto 45
	termino  goto 46
	factor  goto 47
	condicion  goto 70


state 34
	programa : ID_simple BEGIN . sentencias END  (1)
	programa : ID_simple BEGIN . END  (2)
	programa : ID_simple BEGIN . sentencias  (4)

	error  shift 5
	IF  shift 6
	END  shift 71
	OUTF  shift 7
	TYPEDEF  shift 8
	RET  shift 9
	ID  shift 2
	WHILE  shift 10
	GOTO  shift 11
	ETIQUETA  shift 12
	INTEGER  shift 13
	DOUBLE  shift 14
	.  error

	ID_simple  goto 15
	sentencias  goto 72
	sentencia  goto 17
	sentencia_declarativa  goto 18
	sentencia_ejecutable  goto 19
	declaracion_variable  goto 20
	declaracion_funciones  goto 21
	declaracion_subtipo  goto 22
	tipo  goto 23
	tipo_primitivo  goto 24
	encabezado_funcion  goto 25
	retorno  goto 26
	asignacion  goto 27
	sentencia_IF  goto 28
	sentencia_WHILE  goto 29
	sentencia_goto  goto 30
	outf_rule  goto 31
	variable_simple  goto 32
	encabezado_WHILE  goto 33


state 35
	programa : ID_simple sentencias . END  (5)
	programa : ID_simple sentencias .  (6)
	sentencias : sentencias . sentencia  (7)

	error  shift 5
	IF  shift 6
	END  shift 73
	OUTF  shift 7
	TYPEDEF  shift 8
	RET  shift 9
	ID  shift 2
	WHILE  shift 10
	GOTO  shift 11
	ETIQUETA  shift 12
	INTEGER  shift 13
	DOUBLE  shift 14
	$end  reduce 6

	ID_simple  goto 15
	sentencia  goto 58
	sentencia_declarativa  goto 18
	sentencia_ejecutable  goto 19
	declaracion_variable  goto 20
	declaracion_funciones  goto 21
	declaracion_subtipo  goto 22
	tipo  goto 23
	tipo_primitivo  goto 24
	encabezado_funcion  goto 25
	retorno  goto 26
	asignacion  goto 27
	sentencia_IF  goto 28
	sentencia_WHILE  goto 29
	sentencia_goto  goto 30
	outf_rule  goto 31
	variable_simple  goto 32
	encabezado_WHILE  goto 33


state 36
	sentencia : error ';' .  (10)

	.  reduce 10


state 37
	expresion_arit : error . '+' error  (76)
	expresion_arit : error . '-' error  (77)
	expresion_arit : error . termino  (80)
	termino : error . '*' error  (84)
	termino : error . '/' error  (85)

	error  shift 74
	CTE  shift 38
	ID  shift 2
	'-'  shift 75
	'+'  shift 76
	'*'  shift 77
	'/'  shift 78
	.  error

	ID_simple  goto 41
	CTE_con_sig  goto 42
	variable_simple  goto 44
	invocacion  goto 45
	termino  goto 79
	factor  goto 47


state 38
	CTE_con_sig : CTE .  (98)

	.  reduce 98


state 39
	condicion : '(' . '(' list_expre ')' comparador '(' list_expre ')' ')'  (111)
	condicion : '(' . list_expre ')' comparador '(' list_expre ')' ')'  (112)
	condicion : '(' . '(' list_expre ')' comparador '(' list_expre ')'  (113)
	condicion : '(' . list_expre ')' comparador '(' list_expre ')'  (114)
	condicion : '(' . expresion_arit comparador expresion_arit ')'  (115)
	condicion : '(' . expresion_arit comparador expresion_arit  (117)
	condicion : '(' . list_expre ')'  (119)
	condicion : '(' . '(' list_expre ')' '(' list_expre ')' ')'  (120)
	condicion : '(' . '(' list_expre comparador '(' list_expre ')' ')'  (121)
	condicion : '(' . '(' list_expre ')' comparador list_expre ')' ')'  (122)

	error  shift 37
	CTE  shift 38
	ID  shift 2
	','  shift 80
	'('  shift 81
	'-'  shift 40
	.  error

	ID_simple  goto 41
	CTE_con_sig  goto 42
	expresion_arit  goto 82
	variable_simple  goto 44
	invocacion  goto 45
	list_expre  goto 83
	termino  goto 46
	factor  goto 47


state 40
	CTE_con_sig : '-' . CTE  (99)

	CTE  shift 84
	.  error


state 41
	invocacion : ID_simple . '(' expresion_arit ')'  (65)
	invocacion : ID_simple . '(' tipo_primitivo '(' expresion_arit ')' ')'  (66)
	invocacion : ID_simple . '(' ')'  (67)
	invocacion : ID_simple . '(' error ')'  (68)
	variable_simple : ID_simple .  (96)

	'('  shift 85
	$end  reduce 96
	error  reduce 96
	IF  reduce 96
	THEN  reduce 96
	ELSE  reduce 96
	BEGIN  reduce 96
	END  reduce 96
	END_IF  reduce 96
	OUTF  reduce 96
	TYPEDEF  reduce 96
	RET  reduce 96
	ID  reduce 96
	WHILE  reduce 96
	GOTO  reduce 96
	ETIQUETA  reduce 96
	MAYORIGUAL  reduce 96
	MENORIGUAL  reduce 96
	DISTINTO  reduce 96
	INTEGER  reduce 96
	DOUBLE  reduce 96
	';'  reduce 96
	'{'  reduce 96
	','  reduce 96
	'<'  reduce 96
	'>'  reduce 96
	')'  reduce 96
	'-'  reduce 96
	'+'  reduce 96
	'*'  reduce 96
	'/'  reduce 96
	'='  reduce 96


state 42
	factor : CTE_con_sig .  (89)

	.  reduce 89


state 43
	expresion_arit : expresion_arit . '+' termino  (73)
	expresion_arit : expresion_arit . '-' termino  (74)
	expresion_arit : expresion_arit . '+' error  (78)
	expresion_arit : expresion_arit . '-' error  (79)
	condicion : expresion_arit . comparador expresion_arit ')'  (116)
	condicion : expresion_arit . comparador expresion_arit  (118)

	MAYORIGUAL  shift 86
	MENORIGUAL  shift 87
	DISTINTO  shift 88
	'<'  shift 89
	'>'  shift 90
	'-'  shift 91
	'+'  shift 92
	'='  shift 93
	.  error

	comparador  goto 94


state 44
	factor : variable_simple .  (88)
	factor : variable_simple . '{' CTE '}'  (91)
	factor : variable_simple . '{' '-' CTE '}'  (92)

	'{'  shift 95
	$end  reduce 88
	error  reduce 88
	IF  reduce 88
	THEN  reduce 88
	ELSE  reduce 88
	BEGIN  reduce 88
	END  reduce 88
	END_IF  reduce 88
	OUTF  reduce 88
	TYPEDEF  reduce 88
	RET  reduce 88
	ID  reduce 88
	WHILE  reduce 88
	GOTO  reduce 88
	ETIQUETA  reduce 88
	MAYORIGUAL  reduce 88
	MENORIGUAL  reduce 88
	DISTINTO  reduce 88
	INTEGER  reduce 88
	DOUBLE  reduce 88
	';'  reduce 88
	','  reduce 88
	'<'  reduce 88
	'>'  reduce 88
	')'  reduce 88
	'-'  reduce 88
	'+'  reduce 88
	'*'  reduce 88
	'/'  reduce 88
	'='  reduce 88


state 45
	factor : invocacion .  (90)

	.  reduce 90


state 46
	expresion_arit : termino .  (75)
	termino : termino . '*' factor  (81)
	termino : termino . '/' factor  (82)
	termino : termino . '*' error  (86)
	termino : termino . '/' error  (87)

	'*'  shift 96
	'/'  shift 97
	$end  reduce 75
	error  reduce 75
	IF  reduce 75
	THEN  reduce 75
	ELSE  reduce 75
	BEGIN  reduce 75
	END  reduce 75
	END_IF  reduce 75
	OUTF  reduce 75
	TYPEDEF  reduce 75
	RET  reduce 75
	ID  reduce 75
	WHILE  reduce 75
	GOTO  reduce 75
	ETIQUETA  reduce 75
	MAYORIGUAL  reduce 75
	MENORIGUAL  reduce 75
	DISTINTO  reduce 75
	INTEGER  reduce 75
	DOUBLE  reduce 75
	';'  reduce 75
	','  reduce 75
	'<'  reduce 75
	'>'  reduce 75
	')'  reduce 75
	'-'  reduce 75
	'+'  reduce 75
	'='  reduce 75


state 47
	termino : factor .  (83)

	.  reduce 83


state 48
	sentencia_IF : IF condicion . THEN bloque_unidad ';' bloque_else ';' END_IF  (100)
	sentencia_IF : IF condicion . THEN bloque_unidad ';' END_IF  (101)
	sentencia_IF : IF condicion . THEN bloque_else ';' END_IF  (102)
	sentencia_IF : IF condicion . THEN END_IF  (103)
	sentencia_IF : IF condicion . THEN bloque_unidad ';' ELSE END_IF  (104)
	sentencia_IF : IF condicion . THEN bloque_unidad bloque_else ';' END_IF  (105)
	sentencia_IF : IF condicion . THEN bloque_unidad END_IF  (106)
	sentencia_IF : IF condicion . THEN bloque_unidad ';' bloque_else END_IF  (107)
	sentencia_IF : IF condicion . THEN bloque_unidad bloque_else END_IF  (108)
	sentencia_IF : IF condicion . THEN bloque_unidad ';' error  (109)
	sentencia_IF : IF condicion . THEN bloque_unidad ';' bloque_else ';' error  (110)

	THEN  shift 98
	.  error


state 49
	outf_rule : OUTF '(' . expresion_arit ')'  (58)
	outf_rule : OUTF '(' . ')'  (59)
	outf_rule : OUTF '(' . cadena ')'  (60)
	outf_rule : OUTF '(' . sentencias ')'  (61)

	error  shift 99
	IF  shift 6
	OUTF  shift 7
	TYPEDEF  shift 8
	RET  shift 9
	CTE  shift 38
	ID  shift 2
	CADENAMULTILINEA  shift 100
	WHILE  shift 10
	GOTO  shift 11
	ETIQUETA  shift 12
	INTEGER  shift 13
	DOUBLE  shift 14
	')'  shift 101
	'-'  shift 40
	.  error

	ID_simple  goto 102
	sentencias  goto 103
	sentencia  goto 17
	sentencia_declarativa  goto 18
	sentencia_ejecutable  goto 19
	declaracion_variable  goto 20
	declaracion_funciones  goto 21
	declaracion_subtipo  goto 22
	tipo  goto 23
	tipo_primitivo  goto 24
	CTE_con_sig  goto 42
	encabezado_funcion  goto 25
	retorno  goto 26
	expresion_arit  goto 104
	asignacion  goto 27
	sentencia_IF  goto 28
	sentencia_WHILE  goto 29
	sentencia_goto  goto 30
	outf_rule  goto 31
	cadena  goto 105
	variable_simple  goto 106
	invocacion  goto 45
	termino  goto 46
	factor  goto 47
	encabezado_WHILE  goto 33


state 50
	declaracion_subtipo : TYPEDEF TRIPLE . '<' tipo '>' ID_simple  (28)
	declaracion_subtipo : TYPEDEF TRIPLE . tipo '>' ID_simple  (36)
	declaracion_subtipo : TYPEDEF TRIPLE . '<' tipo ID_simple  (37)
	declaracion_subtipo : TYPEDEF TRIPLE . tipo ID_simple  (38)
	declaracion_subtipo : TYPEDEF TRIPLE . '<' tipo '>' error  (39)

	ID  shift 2
	INTEGER  shift 13
	DOUBLE  shift 14
	'<'  shift 107
	.  error

	ID_simple  goto 108
	tipo  goto 109
	tipo_primitivo  goto 24


state 51
	declaracion_subtipo : TYPEDEF ASIGNACION . tipo '{' CTE_con_sig ',' CTE_con_sig '}'  (33)

	ID  shift 2
	INTEGER  shift 13
	DOUBLE  shift 14
	.  error

	ID_simple  goto 108
	tipo  goto 110
	tipo_primitivo  goto 24


state 52
	declaracion_subtipo : TYPEDEF '<' . tipo '>' ID_simple  (35)

	ID  shift 2
	INTEGER  shift 13
	DOUBLE  shift 14
	.  error

	ID_simple  goto 108
	tipo  goto 111
	tipo_primitivo  goto 24


state 53
	declaracion_subtipo : TYPEDEF ID_simple . ASIGNACION tipo '{' CTE_con_sig ',' CTE_con_sig '}'  (24)
	declaracion_subtipo : TYPEDEF ID_simple . ASIGNACION tipo CTE_con_sig ',' CTE_con_sig '}'  (25)
	declaracion_subtipo : TYPEDEF ID_simple . ASIGNACION tipo '{' CTE_con_sig ',' CTE_con_sig  (26)
	declaracion_subtipo : TYPEDEF ID_simple . ASIGNACION tipo CTE_con_sig ',' CTE_con_sig  (27)
	declaracion_subtipo : TYPEDEF ID_simple . ASIGNACION tipo '{' ',' CTE_con_sig '}'  (29)
	declaracion_subtipo : TYPEDEF ID_simple . ASIGNACION tipo '{' CTE_con_sig '}'  (30)
	declaracion_subtipo : TYPEDEF ID_simple . ASIGNACION tipo '{' CTE_con_sig ',' '}'  (31)
	declaracion_subtipo : TYPEDEF ID_simple . ASIGNACION tipo '{' '}'  (32)
	declaracion_subtipo : TYPEDEF ID_simple . ASIGNACION '{' CTE_con_sig ',' CTE_con_sig '}'  (34)

	ASIGNACION  shift 112
	.  error


state 54
	retorno : RET '(' . expresion_arit ')'  (49)
	retorno : RET '(' . ')'  (50)

	error  shift 37
	CTE  shift 38
	ID  shift 2
	')'  shift 113
	'-'  shift 40
	.  error

	ID_simple  goto 41
	CTE_con_sig  goto 42
	expresion_arit  goto 114
	variable_simple  goto 44
	invocacion  goto 45
	termino  goto 46
	factor  goto 47


state 55
	sentencia_goto : GOTO error .  (149)

	.  reduce 149


state 56
	sentencia_goto : GOTO ETIQUETA .  (148)

	.  reduce 148


state 57
	programa : BEGIN sentencias END .  (3)

	.  reduce 3


state 58
	sentencias : sentencias sentencia .  (7)

	.  reduce 7


state 59
	sentencia : sentencia_ejecutable ';' .  (11)

	.  reduce 11


state 60
	sentencia_declarativa : declaracion_funciones ';' .  (14)

	.  reduce 14


state 61
	sentencia_declarativa : declaracion_subtipo ';' .  (15)

	.  reduce 15


state 62
	encabezado_funcion : tipo FUN . ID  (41)
	encabezado_funcion : tipo FUN .  (42)

	ID  shift 115
	'('  reduce 42


state 63
	variable_simple : ID_simple .  (96)

	.  reduce 96


state 64
	declaracion_variable : tipo variables . ';'  (18)
	declaracion_variable : tipo variables . error  (19)
	variables : variables . ',' variable_simple  (93)
	variables : variables . variable_simple  (94)

	error  shift 116
	ID  shift 2
	';'  shift 117
	','  shift 118
	.  error

	ID_simple  goto 63
	variable_simple  goto 119


state 65
	variables : variable_simple .  (95)

	.  reduce 95


state 66
	parametros_parentesis : '(' . tipo_primitivo ID_simple ')'  (43)
	parametros_parentesis : '(' . tipo_primitivo ')'  (44)
	parametros_parentesis : '(' . ID_simple ')'  (45)
	parametros_parentesis : '(' . ')'  (46)
	parametros_parentesis : '(' . error ')'  (47)

	error  shift 120
	ID  shift 2
	INTEGER  shift 13
	DOUBLE  shift 14
	')'  shift 121
	.  error

	ID_simple  goto 122
	tipo_primitivo  goto 123


state 67
	declaracion_funciones : encabezado_funcion parametros_parentesis . BEGIN cuerpo_funcion END  (40)

	BEGIN  shift 124
	.  error


state 68
	asignacion : variable_simple ASIGNACION . expresion_arit  (62)

	error  shift 37
	CTE  shift 38
	ID  shift 2
	'-'  shift 40
	.  error

	ID_simple  goto 41
	CTE_con_sig  goto 42
	expresion_arit  goto 125
	variable_simple  goto 44
	invocacion  goto 45
	termino  goto 46
	factor  goto 47


state 69
	asignacion : variable_simple '{' . CTE '}' ASIGNACION expresion_arit  (63)
	asignacion : variable_simple '{' . '-' CTE '}' ASIGNACION expresion_arit  (64)

	CTE  shift 126
	'-'  shift 127
	.  error


state 70
	sentencia_WHILE : encabezado_WHILE condicion . bloque_unidad  (145)
	sentencia_WHILE : encabezado_WHILE condicion . error  (146)

	error  shift 128
	IF  shift 6
	BEGIN  shift 129
	OUTF  shift 7
	RET  shift 9
	ID  shift 2
	WHILE  shift 10
	GOTO  shift 11
	ETIQUETA  shift 12
	.  error

	ID_simple  goto 63
	sentencia_ejecutable  goto 130
	retorno  goto 26
	asignacion  goto 27
	sentencia_IF  goto 28
	sentencia_WHILE  goto 29
	sentencia_goto  goto 30
	outf_rule  goto 31
	variable_simple  goto 32
	bloque_unidad  goto 131
	bloque_sentencia_simple  goto 132
	bloque_unidad_simple  goto 133
	bloque_unidad_multiple  goto 134
	encabezado_WHILE  goto 33


state 71
	programa : ID_simple BEGIN END .  (2)

	.  reduce 2


state 72
	programa : ID_simple BEGIN sentencias . END  (1)
	programa : ID_simple BEGIN sentencias .  (4)
	sentencias : sentencias . sentencia  (7)

	error  shift 5
	IF  shift 6
	END  shift 135
	OUTF  shift 7
	TYPEDEF  shift 8
	RET  shift 9
	ID  shift 2
	WHILE  shift 10
	GOTO  shift 11
	ETIQUETA  shift 12
	INTEGER  shift 13
	DOUBLE  shift 14
	$end  reduce 4

	ID_simple  goto 15
	sentencia  goto 58
	sentencia_declarativa  goto 18
	sentencia_ejecutable  goto 19
	declaracion_variable  goto 20
	declaracion_funciones  goto 21
	declaracion_subtipo  goto 22
	tipo  goto 23
	tipo_primitivo  goto 24
	encabezado_funcion  goto 25
	retorno  goto 26
	asignacion  goto 27
	sentencia_IF  goto 28
	sentencia_WHILE  goto 29
	sentencia_goto  goto 30
	outf_rule  goto 31
	variable_simple  goto 32
	encabezado_WHILE  goto 33


state 73
	programa : ID_simple sentencias END .  (5)

	.  reduce 5


state 74
	termino : error . '*' error  (84)
	termino : error . '/' error  (85)

	'*'  shift 77
	'/'  shift 78
	.  error


state 75
	expresion_arit : error '-' . error  (77)
	CTE_con_sig : '-' . CTE  (99)

	error  shift 136
	CTE  shift 84
	.  error


state 76
	expresion_arit : error '+' . error  (76)

	error  shift 137
	.  error


state 77
	termino : error '*' . error  (84)

	error  shift 138
	.  error


state 78
	termino : error '/' . error  (85)

	error  shift 139
	.  error


state 79
	expresion_arit : error termino .  (80)
	termino : termino . '*' factor  (81)
	termino : termino . '/' factor  (82)
	termino : termino . '*' error  (86)
	termino : termino . '/' error  (87)

	'*'  shift 96
	'/'  shift 97
	$end  reduce 80
	error  reduce 80
	IF  reduce 80
	THEN  reduce 80
	ELSE  reduce 80
	BEGIN  reduce 80
	END  reduce 80
	END_IF  reduce 80
	OUTF  reduce 80
	TYPEDEF  reduce 80
	RET  reduce 80
	ID  reduce 80
	WHILE  reduce 80
	GOTO  reduce 80
	ETIQUETA  reduce 80
	MAYORIGUAL  reduce 80
	MENORIGUAL  reduce 80
	DISTINTO  reduce 80
	INTEGER  reduce 80
	DOUBLE  reduce 80
	';'  reduce 80
	','  reduce 80
	'<'  reduce 80
	'>'  reduce 80
	')'  reduce 80
	'-'  reduce 80
	'+'  reduce 80
	'='  reduce 80


state 80
	list_expre : ',' . expresion_arit  (70)

	error  shift 37
	CTE  shift 38
	ID  shift 2
	'-'  shift 40
	.  error

	ID_simple  goto 41
	CTE_con_sig  goto 42
	expresion_arit  goto 140
	variable_simple  goto 44
	invocacion  goto 45
	termino  goto 46
	factor  goto 47


state 81
	condicion : '(' '(' . list_expre ')' comparador '(' list_expre ')' ')'  (111)
	condicion : '(' '(' . list_expre ')' comparador '(' list_expre ')'  (113)
	condicion : '(' '(' . list_expre ')' '(' list_expre ')' ')'  (120)
	condicion : '(' '(' . list_expre comparador '(' list_expre ')' ')'  (121)
	condicion : '(' '(' . list_expre ')' comparador list_expre ')' ')'  (122)

	error  shift 37
	CTE  shift 38
	ID  shift 2
	','  shift 80
	'-'  shift 40
	.  error

	ID_simple  goto 41
	CTE_con_sig  goto 42
	expresion_arit  goto 141
	variable_simple  goto 44
	invocacion  goto 45
	list_expre  goto 142
	termino  goto 46
	factor  goto 47


state 82
	list_expre : expresion_arit .  (72)
	expresion_arit : expresion_arit . '+' termino  (73)
	expresion_arit : expresion_arit . '-' termino  (74)
	expresion_arit : expresion_arit . '+' error  (78)
	expresion_arit : expresion_arit . '-' error  (79)
	condicion : '(' expresion_arit . comparador expresion_arit ')'  (115)
	condicion : '(' expresion_arit . comparador expresion_arit  (117)

	MAYORIGUAL  shift 86
	MENORIGUAL  shift 87
	DISTINTO  shift 88
	'<'  shift 89
	'>'  shift 90
	'-'  shift 91
	'+'  shift 92
	'='  shift 93
	','  reduce 72
	')'  reduce 72

	comparador  goto 143


state 83
	list_expre : list_expre . ',' expresion_arit  (69)
	list_expre : list_expre . ','  (71)
	condicion : '(' list_expre . ')' comparador '(' list_expre ')' ')'  (112)
	condicion : '(' list_expre . ')' comparador '(' list_expre ')'  (114)
	condicion : '(' list_expre . ')'  (119)

	','  shift 144
	')'  shift 145
	.  error


state 84
	CTE_con_sig : '-' CTE .  (99)

	.  reduce 99


state 85
	invocacion : ID_simple '(' . expresion_arit ')'  (65)
	invocacion : ID_simple '(' . tipo_primitivo '(' expresion_arit ')' ')'  (66)
	invocacion : ID_simple '(' . ')'  (67)
	invocacion : ID_simple '(' . error ')'  (68)

	error  shift 146
	CTE  shift 38
	ID  shift 2
	INTEGER  shift 13
	DOUBLE  shift 14
	')'  shift 147
	'-'  shift 40
	.  error

	ID_simple  goto 41
	tipo_primitivo  goto 148
	CTE_con_sig  goto 42
	expresion_arit  goto 149
	variable_simple  goto 44
	invocacion  goto 45
	termino  goto 46
	factor  goto 47


state 86
	comparador : MAYORIGUAL .  (124)

	.  reduce 124


state 87
	comparador : MENORIGUAL .  (126)

	.  reduce 126


state 88
	comparador : DISTINTO .  (128)

	.  reduce 128


state 89
	comparador : '<' .  (125)

	.  reduce 125


state 90
	comparador : '>' .  (123)

	.  reduce 123


state 91
	expresion_arit : expresion_arit '-' . termino  (74)
	expresion_arit : expresion_arit '-' . error  (79)

	error  shift 150
	CTE  shift 38
	ID  shift 2
	'-'  shift 40
	.  error

	ID_simple  goto 41
	CTE_con_sig  goto 42
	variable_simple  goto 44
	invocacion  goto 45
	termino  goto 151
	factor  goto 47


state 92
	expresion_arit : expresion_arit '+' . termino  (73)
	expresion_arit : expresion_arit '+' . error  (78)

	error  shift 152
	CTE  shift 38
	ID  shift 2
	'-'  shift 40
	.  error

	ID_simple  goto 41
	CTE_con_sig  goto 42
	variable_simple  goto 44
	invocacion  goto 45
	termino  goto 153
	factor  goto 47


state 93
	comparador : '=' .  (127)

	.  reduce 127


state 94
	condicion : expresion_arit comparador . expresion_arit ')'  (116)
	condicion : expresion_arit comparador . expresion_arit  (118)

	error  shift 37
	CTE  shift 38
	ID  shift 2
	'-'  shift 40
	.  error

	ID_simple  goto 41
	CTE_con_sig  goto 42
	expresion_arit  goto 154
	variable_simple  goto 44
	invocacion  goto 45
	termino  goto 46
	factor  goto 47


state 95
	factor : variable_simple '{' . CTE '}'  (91)
	factor : variable_simple '{' . '-' CTE '}'  (92)

	CTE  shift 155
	'-'  shift 156
	.  error


state 96
	termino : termino '*' . factor  (81)
	termino : termino '*' . error  (86)

	error  shift 157
	CTE  shift 38
	ID  shift 2
	'-'  shift 40
	.  error

	ID_simple  goto 41
	CTE_con_sig  goto 42
	variable_simple  goto 44
	invocacion  goto 45
	factor  goto 158


state 97
	termino : termino '/' . factor  (82)
	termino : termino '/' . error  (87)

	error  shift 159
	CTE  shift 38
	ID  shift 2
	'-'  shift 40
	.  error

	ID_simple  goto 41
	CTE_con_sig  goto 42
	variable_simple  goto 44
	invocacion  goto 45
	factor  goto 160


state 98
	sentencia_IF : IF condicion THEN . bloque_unidad ';' bloque_else ';' END_IF  (100)
	sentencia_IF : IF condicion THEN . bloque_unidad ';' END_IF  (101)
	sentencia_IF : IF condicion THEN . bloque_else ';' END_IF  (102)
	sentencia_IF : IF condicion THEN . END_IF  (103)
	sentencia_IF : IF condicion THEN . bloque_unidad ';' ELSE END_IF  (104)
	sentencia_IF : IF condicion THEN . bloque_unidad bloque_else ';' END_IF  (105)
	sentencia_IF : IF condicion THEN . bloque_unidad END_IF  (106)
	sentencia_IF : IF condicion THEN . bloque_unidad ';' bloque_else END_IF  (107)
	sentencia_IF : IF condicion THEN . bloque_unidad bloque_else END_IF  (108)
	sentencia_IF : IF condicion THEN . bloque_unidad ';' error  (109)
	sentencia_IF : IF condicion THEN . bloque_unidad ';' bloque_else ';' error  (110)

	IF  shift 6
	ELSE  shift 161
	BEGIN  shift 129
	END_IF  shift 162
	OUTF  shift 7
	RET  shift 9
	ID  shift 2
	WHILE  shift 10
	GOTO  shift 11
	ETIQUETA  shift 12
	.  error

	ID_simple  goto 63
	sentencia_ejecutable  goto 130
	retorno  goto 26
	asignacion  goto 27
	sentencia_IF  goto 28
	sentencia_WHILE  goto 29
	sentencia_goto  goto 30
	outf_rule  goto 31
	variable_simple  goto 32
	bloque_unidad  goto 163
	bloque_else  goto 164
	bloque_else_simple  goto 165
	bloque_else_multiple  goto 166
	bloque_sentencia_simple  goto 132
	bloque_unidad_simple  goto 133
	bloque_unidad_multiple  goto 134
	encabezado_WHILE  goto 33


state 99
	sentencia : error . ';'  (10)
	expresion_arit : error . '+' error  (76)
	expresion_arit : error . '-' error  (77)
	expresion_arit : error . termino  (80)
	termino : error . '*' error  (84)
	termino : error . '/' error  (85)

	error  shift 74
	CTE  shift 38
	ID  shift 2
	';'  shift 36
	'-'  shift 75
	'+'  shift 76
	'*'  shift 77
	'/'  shift 78
	.  error

	ID_simple  goto 41
	CTE_con_sig  goto 42
	variable_simple  goto 44
	invocacion  goto 45
	termino  goto 79
	factor  goto 47


state 100
	cadena : CADENAMULTILINEA .  (144)

	.  reduce 144


state 101
	outf_rule : OUTF '(' ')' .  (59)

	.  reduce 59


state 102
	tipo : ID_simple .  (20)
	invocacion : ID_simple . '(' expresion_arit ')'  (65)
	invocacion : ID_simple . '(' tipo_primitivo '(' expresion_arit ')' ')'  (66)
	invocacion : ID_simple . '(' ')'  (67)
	invocacion : ID_simple . '(' error ')'  (68)
	variable_simple : ID_simple .  (96)

	'('  shift 85
	FUN  reduce 20
	ID  reduce 20
	ASIGNACION  reduce 96
	'{'  reduce 96
	')'  reduce 96
	'-'  reduce 96
	'+'  reduce 96
	'*'  reduce 96
	'/'  reduce 96


state 103
	sentencias : sentencias . sentencia  (7)
	outf_rule : OUTF '(' sentencias . ')'  (61)

	error  shift 5
	IF  shift 6
	OUTF  shift 7
	TYPEDEF  shift 8
	RET  shift 9
	ID  shift 2
	WHILE  shift 10
	GOTO  shift 11
	ETIQUETA  shift 12
	INTEGER  shift 13
	DOUBLE  shift 14
	')'  shift 167
	.  error

	ID_simple  goto 15
	sentencia  goto 58
	sentencia_declarativa  goto 18
	sentencia_ejecutable  goto 19
	declaracion_variable  goto 20
	declaracion_funciones  goto 21
	declaracion_subtipo  goto 22
	tipo  goto 23
	tipo_primitivo  goto 24
	encabezado_funcion  goto 25
	retorno  goto 26
	asignacion  goto 27
	sentencia_IF  goto 28
	sentencia_WHILE  goto 29
	sentencia_goto  goto 30
	outf_rule  goto 31
	variable_simple  goto 32
	encabezado_WHILE  goto 33


state 104
	outf_rule : OUTF '(' expresion_arit . ')'  (58)
	expresion_arit : expresion_arit . '+' termino  (73)
	expresion_arit : expresion_arit . '-' termino  (74)
	expresion_arit : expresion_arit . '+' error  (78)
	expresion_arit : expresion_arit . '-' error  (79)

	')'  shift 168
	'-'  shift 91
	'+'  shift 92
	.  error


state 105
	outf_rule : OUTF '(' cadena . ')'  (60)

	')'  shift 169
	.  error


state 106
	asignacion : variable_simple . ASIGNACION expresion_arit  (62)
	asignacion : variable_simple . '{' CTE '}' ASIGNACION expresion_arit  (63)
	asignacion : variable_simple . '{' '-' CTE '}' ASIGNACION expresion_arit  (64)
	factor : variable_simple .  (88)
	factor : variable_simple . '{' CTE '}'  (91)
	factor : variable_simple . '{' '-' CTE '}'  (92)

	ASIGNACION  shift 68
	'{'  shift 170
	')'  reduce 88
	'-'  reduce 88
	'+'  reduce 88
	'*'  reduce 88
	'/'  reduce 88


state 107
	declaracion_subtipo : TYPEDEF TRIPLE '<' . tipo '>' ID_simple  (28)
	declaracion_subtipo : TYPEDEF TRIPLE '<' . tipo ID_simple  (37)
	declaracion_subtipo : TYPEDEF TRIPLE '<' . tipo '>' error  (39)

	ID  shift 2
	INTEGER  shift 13
	DOUBLE  shift 14
	.  error

	ID_simple  goto 108
	tipo  goto 171
	tipo_primitivo  goto 24


state 108
	tipo : ID_simple .  (20)

	.  reduce 20


state 109
	declaracion_subtipo : TYPEDEF TRIPLE tipo . '>' ID_simple  (36)
	declaracion_subtipo : TYPEDEF TRIPLE tipo . ID_simple  (38)

	ID  shift 2
	'>'  shift 172
	.  error

	ID_simple  goto 173


state 110
	declaracion_subtipo : TYPEDEF ASIGNACION tipo . '{' CTE_con_sig ',' CTE_con_sig '}'  (33)

	'{'  shift 174
	.  error


state 111
	declaracion_subtipo : TYPEDEF '<' tipo . '>' ID_simple  (35)

	'>'  shift 175
	.  error


state 112
	declaracion_subtipo : TYPEDEF ID_simple ASIGNACION . tipo '{' CTE_con_sig ',' CTE_con_sig '}'  (24)
	declaracion_subtipo : TYPEDEF ID_simple ASIGNACION . tipo CTE_con_sig ',' CTE_con_sig '}'  (25)
	declaracion_subtipo : TYPEDEF ID_simple ASIGNACION . tipo '{' CTE_con_sig ',' CTE_con_sig  (26)
	declaracion_subtipo : TYPEDEF ID_simple ASIGNACION . tipo CTE_con_sig ',' CTE_con_sig  (27)
	declaracion_subtipo : TYPEDEF ID_simple ASIGNACION . tipo '{' ',' CTE_con_sig '}'  (29)
	declaracion_subtipo : TYPEDEF ID_simple ASIGNACION . tipo '{' CTE_con_sig '}'  (30)
	declaracion_subtipo : TYPEDEF ID_simple ASIGNACION . tipo '{' CTE_con_sig ',' '}'  (31)
	declaracion_subtipo : TYPEDEF ID_simple ASIGNACION . tipo '{' '}'  (32)
	declaracion_subtipo : TYPEDEF ID_simple ASIGNACION . '{' CTE_con_sig ',' CTE_con_sig '}'  (34)

	ID  shift 2
	INTEGER  shift 13
	DOUBLE  shift 14
	'{'  shift 176
	.  error

	ID_simple  goto 108
	tipo  goto 177
	tipo_primitivo  goto 24


state 113
	retorno : RET '(' ')' .  (50)

	.  reduce 50


state 114
	retorno : RET '(' expresion_arit . ')'  (49)
	expresion_arit : expresion_arit . '+' termino  (73)
	expresion_arit : expresion_arit . '-' termino  (74)
	expresion_arit : expresion_arit . '+' error  (78)
	expresion_arit : expresion_arit . '-' error  (79)

	')'  shift 178
	'-'  shift 91
	'+'  shift 92
	.  error


state 115
	encabezado_funcion : tipo FUN ID .  (41)

	.  reduce 41


state 116
	declaracion_variable : tipo variables error .  (19)

	.  reduce 19


state 117
	declaracion_variable : tipo variables ';' .  (18)

	.  reduce 18


state 118
	variables : variables ',' . variable_simple  (93)

	ID  shift 2
	.  error

	ID_simple  goto 63
	variable_simple  goto 179


state 119
	variables : variables variable_simple .  (94)

	.  reduce 94


state 120
	parametros_parentesis : '(' error . ')'  (47)

	')'  shift 180
	.  error


state 121
	parametros_parentesis : '(' ')' .  (46)

	.  reduce 46


state 122
	parametros_parentesis : '(' ID_simple . ')'  (45)

	')'  shift 181
	.  error


state 123
	parametros_parentesis : '(' tipo_primitivo . ID_simple ')'  (43)
	parametros_parentesis : '(' tipo_primitivo . ')'  (44)

	ID  shift 2
	')'  shift 182
	.  error

	ID_simple  goto 183


state 124
	declaracion_funciones : encabezado_funcion parametros_parentesis BEGIN . cuerpo_funcion END  (40)

	error  shift 5
	IF  shift 6
	OUTF  shift 7
	TYPEDEF  shift 8
	RET  shift 9
	ID  shift 2
	WHILE  shift 10
	GOTO  shift 11
	ETIQUETA  shift 12
	INTEGER  shift 13
	DOUBLE  shift 14
	.  error

	ID_simple  goto 15
	sentencias  goto 184
	sentencia  goto 17
	sentencia_declarativa  goto 18
	sentencia_ejecutable  goto 19
	declaracion_variable  goto 20
	declaracion_funciones  goto 21
	declaracion_subtipo  goto 22
	tipo  goto 23
	tipo_primitivo  goto 24
	encabezado_funcion  goto 25
	cuerpo_funcion  goto 185
	retorno  goto 26
	asignacion  goto 27
	sentencia_IF  goto 28
	sentencia_WHILE  goto 29
	sentencia_goto  goto 30
	outf_rule  goto 31
	variable_simple  goto 32
	encabezado_WHILE  goto 33


state 125
	asignacion : variable_simple ASIGNACION expresion_arit .  (62)
	expresion_arit : expresion_arit . '+' termino  (73)
	expresion_arit : expresion_arit . '-' termino  (74)
	expresion_arit : expresion_arit . '+' error  (78)
	expresion_arit : expresion_arit . '-' error  (79)

	'-'  shift 91
	'+'  shift 92
	$end  reduce 62
	error  reduce 62
	IF  reduce 62
	ELSE  reduce 62
	END  reduce 62
	END_IF  reduce 62
	OUTF  reduce 62
	TYPEDEF  reduce 62
	RET  reduce 62
	ID  reduce 62
	WHILE  reduce 62
	GOTO  reduce 62
	ETIQUETA  reduce 62
	INTEGER  reduce 62
	DOUBLE  reduce 62
	';'  reduce 62
	')'  reduce 62


state 126
	asignacion : variable_simple '{' CTE . '}' ASIGNACION expresion_arit  (63)

	'}'  shift 186
	.  error


state 127
	asignacion : variable_simple '{' '-' . CTE '}' ASIGNACION expresion_arit  (64)

	CTE  shift 187
	.  error


state 128
	sentencia_WHILE : encabezado_WHILE condicion error .  (146)

	.  reduce 146


state 129
	bloque_unidad_multiple : BEGIN . bloque_sent_ejecutables ';' END  (136)
	bloque_unidad_multiple : BEGIN . END  (137)
	bloque_unidad_multiple : BEGIN . bloque_sent_ejecutables END  (138)

	IF  shift 6
	END  shift 188
	OUTF  shift 7
	RET  shift 9
	ID  shift 2
	WHILE  shift 10
	GOTO  shift 11
	ETIQUETA  shift 12
	.  error

	ID_simple  goto 63
	sentencia_ejecutable  goto 130
	retorno  goto 26
	asignacion  goto 27
	sentencia_IF  goto 28
	sentencia_WHILE  goto 29
	sentencia_goto  goto 30
	outf_rule  goto 31
	variable_simple  goto 32
	bloque_sent_ejecutables  goto 189
	bloque_sentencia_simple  goto 190
	encabezado_WHILE  goto 33


state 130
	bloque_sentencia_simple : sentencia_ejecutable .  (143)

	.  reduce 143


state 131
	sentencia_WHILE : encabezado_WHILE condicion bloque_unidad .  (145)

	.  reduce 145


state 132
	bloque_unidad_simple : bloque_sentencia_simple .  (139)

	.  reduce 139


state 133
	bloque_unidad : bloque_unidad_simple .  (134)

	.  reduce 134


state 134
	bloque_unidad : bloque_unidad_multiple .  (135)

	.  reduce 135


state 135
	programa : ID_simple BEGIN sentencias END .  (1)

	.  reduce 1


state 136
	expresion_arit : error '-' error .  (77)

	.  reduce 77


state 137
	expresion_arit : error '+' error .  (76)

	.  reduce 76


state 138
	termino : error '*' error .  (84)

	.  reduce 84


state 139
	termino : error '/' error .  (85)

	.  reduce 85


state 140
	list_expre : ',' expresion_arit .  (70)
	expresion_arit : expresion_arit . '+' termino  (73)
	expresion_arit : expresion_arit . '-' termino  (74)
	expresion_arit : expresion_arit . '+' error  (78)
	expresion_arit : expresion_arit . '-' error  (79)

	'-'  shift 91
	'+'  shift 92
	MAYORIGUAL  reduce 70
	MENORIGUAL  reduce 70
	DISTINTO  reduce 70
	','  reduce 70
	'<'  reduce 70
	'>'  reduce 70
	')'  reduce 70
	'='  reduce 70


state 141
	list_expre : expresion_arit .  (72)
	expresion_arit : expresion_arit . '+' termino  (73)
	expresion_arit : expresion_arit . '-' termino  (74)
	expresion_arit : expresion_arit . '+' error  (78)
	expresion_arit : expresion_arit . '-' error  (79)

	'-'  shift 91
	'+'  shift 92
	MAYORIGUAL  reduce 72
	MENORIGUAL  reduce 72
	DISTINTO  reduce 72
	','  reduce 72
	'<'  reduce 72
	'>'  reduce 72
	')'  reduce 72
	'='  reduce 72


state 142
	list_expre : list_expre . ',' expresion_arit  (69)
	list_expre : list_expre . ','  (71)
	condicion : '(' '(' list_expre . ')' comparador '(' list_expre ')' ')'  (111)
	condicion : '(' '(' list_expre . ')' comparador '(' list_expre ')'  (113)
	condicion : '(' '(' list_expre . ')' '(' list_expre ')' ')'  (120)
	condicion : '(' '(' list_expre . comparador '(' list_expre ')' ')'  (121)
	condicion : '(' '(' list_expre . ')' comparador list_expre ')' ')'  (122)

	MAYORIGUAL  shift 86
	MENORIGUAL  shift 87
	DISTINTO  shift 88
	','  shift 144
	'<'  shift 89
	'>'  shift 90
	')'  shift 191
	'='  shift 93
	.  error

	comparador  goto 192


state 143
	condicion : '(' expresion_arit comparador . expresion_arit ')'  (115)
	condicion : '(' expresion_arit comparador . expresion_arit  (117)

	error  shift 37
	CTE  shift 38
	ID  shift 2
	'-'  shift 40
	.  error

	ID_simple  goto 41
	CTE_con_sig  goto 42
	expresion_arit  goto 193
	variable_simple  goto 44
	invocacion  goto 45
	termino  goto 46
	factor  goto 47


state 144
	list_expre : list_expre ',' . expresion_arit  (69)
	list_expre : list_expre ',' .  (71)

	error  shift 37
	CTE  shift 38
	ID  shift 2
	'-'  shift 40
	MAYORIGUAL  reduce 71
	MENORIGUAL  reduce 71
	DISTINTO  reduce 71
	','  reduce 71
	'<'  reduce 71
	'>'  reduce 71
	')'  reduce 71
	'='  reduce 71

	ID_simple  goto 41
	CTE_con_sig  goto 42
	expresion_arit  goto 194
	variable_simple  goto 44
	invocacion  goto 45
	termino  goto 46
	factor  goto 47


state 145
	condicion : '(' list_expre ')' . comparador '(' list_expre ')' ')'  (112)
	condicion : '(' list_expre ')' . comparador '(' list_expre ')'  (114)
	condicion : '(' list_expre ')' .  (119)

	MAYORIGUAL  shift 86
	MENORIGUAL  shift 87
	DISTINTO  shift 88
	'<'  shift 89
	'>'  shift 90
	'='  shift 93
	error  reduce 119
	IF  reduce 119
	THEN  reduce 119
	BEGIN  reduce 119
	OUTF  reduce 119
	RET  reduce 119
	ID  reduce 119
	WHILE  reduce 119
	GOTO  reduce 119
	ETIQUETA  reduce 119

	comparador  goto 195


state 146
	invocacion : ID_simple '(' error . ')'  (68)
	expresion_arit : error . '+' error  (76)
	expresion_arit : error . '-' error  (77)
	expresion_arit : error . termino  (80)
	termino : error . '*' error  (84)
	termino : error . '/' error  (85)

	error  shift 74
	CTE  shift 38
	ID  shift 2
	')'  shift 196
	'-'  shift 75
	'+'  shift 76
	'*'  shift 77
	'/'  shift 78
	.  error

	ID_simple  goto 41
	CTE_con_sig  goto 42
	variable_simple  goto 44
	invocacion  goto 45
	termino  goto 79
	factor  goto 47


state 147
	invocacion : ID_simple '(' ')' .  (67)

	.  reduce 67


state 148
	invocacion : ID_simple '(' tipo_primitivo . '(' expresion_arit ')' ')'  (66)

	'('  shift 197
	.  error


state 149
	invocacion : ID_simple '(' expresion_arit . ')'  (65)
	expresion_arit : expresion_arit . '+' termino  (73)
	expresion_arit : expresion_arit . '-' termino  (74)
	expresion_arit : expresion_arit . '+' error  (78)
	expresion_arit : expresion_arit . '-' error  (79)

	')'  shift 198
	'-'  shift 91
	'+'  shift 92
	.  error


state 150
	expresion_arit : expresion_arit '-' error .  (79)
	termino : error . '*' error  (84)
	termino : error . '/' error  (85)

	'*'  shift 77
	'/'  shift 78
	$end  reduce 79
	error  reduce 79
	IF  reduce 79
	THEN  reduce 79
	ELSE  reduce 79
	BEGIN  reduce 79
	END  reduce 79
	END_IF  reduce 79
	OUTF  reduce 79
	TYPEDEF  reduce 79
	RET  reduce 79
	ID  reduce 79
	WHILE  reduce 79
	GOTO  reduce 79
	ETIQUETA  reduce 79
	MAYORIGUAL  reduce 79
	MENORIGUAL  reduce 79
	DISTINTO  reduce 79
	INTEGER  reduce 79
	DOUBLE  reduce 79
	';'  reduce 79
	','  reduce 79
	'<'  reduce 79
	'>'  reduce 79
	')'  reduce 79
	'-'  reduce 79
	'+'  reduce 79
	'='  reduce 79


state 151
	expresion_arit : expresion_arit '-' termino .  (74)
	termino : termino . '*' factor  (81)
	termino : termino . '/' factor  (82)
	termino : termino . '*' error  (86)
	termino : termino . '/' error  (87)

	'*'  shift 96
	'/'  shift 97
	$end  reduce 74
	error  reduce 74
	IF  reduce 74
	THEN  reduce 74
	ELSE  reduce 74
	BEGIN  reduce 74
	END  reduce 74
	END_IF  reduce 74
	OUTF  reduce 74
	TYPEDEF  reduce 74
	RET  reduce 74
	ID  reduce 74
	WHILE  reduce 74
	GOTO  reduce 74
	ETIQUETA  reduce 74
	MAYORIGUAL  reduce 74
	MENORIGUAL  reduce 74
	DISTINTO  reduce 74
	INTEGER  reduce 74
	DOUBLE  reduce 74
	';'  reduce 74
	','  reduce 74
	'<'  reduce 74
	'>'  reduce 74
	')'  reduce 74
	'-'  reduce 74
	'+'  reduce 74
	'='  reduce 74


state 152
	expresion_arit : expresion_arit '+' error .  (78)
	termino : error . '*' error  (84)
	termino : error . '/' error  (85)

	'*'  shift 77
	'/'  shift 78
	$end  reduce 78
	error  reduce 78
	IF  reduce 78
	THEN  reduce 78
	ELSE  reduce 78
	BEGIN  reduce 78
	END  reduce 78
	END_IF  reduce 78
	OUTF  reduce 78
	TYPEDEF  reduce 78
	RET  reduce 78
	ID  reduce 78
	WHILE  reduce 78
	GOTO  reduce 78
	ETIQUETA  reduce 78
	MAYORIGUAL  reduce 78
	MENORIGUAL  reduce 78
	DISTINTO  reduce 78
	INTEGER  reduce 78
	DOUBLE  reduce 78
	';'  reduce 78
	','  reduce 78
	'<'  reduce 78
	'>'  reduce 78
	')'  reduce 78
	'-'  reduce 78
	'+'  reduce 78
	'='  reduce 78


state 153
	expresion_arit : expresion_arit '+' termino .  (73)
	termino : termino . '*' factor  (81)
	termino : termino . '/' factor  (82)
	termino : termino . '*' error  (86)
	termino : termino . '/' error  (87)

	'*'  shift 96
	'/'  shift 97
	$end  reduce 73
	error  reduce 73
	IF  reduce 73
	THEN  reduce 73
	ELSE  reduce 73
	BEGIN  reduce 73
	END  reduce 73
	END_IF  reduce 73
	OUTF  reduce 73
	TYPEDEF  reduce 73
	RET  reduce 73
	ID  reduce 73
	WHILE  reduce 73
	GOTO  reduce 73
	ETIQUETA  reduce 73
	MAYORIGUAL  reduce 73
	MENORIGUAL  reduce 73
	DISTINTO  reduce 73
	INTEGER  reduce 73
	DOUBLE  reduce 73
	';'  reduce 73
	','  reduce 73
	'<'  reduce 73
	'>'  reduce 73
	')'  reduce 73
	'-'  reduce 73
	'+'  reduce 73
	'='  reduce 73


state 154
	expresion_arit : expresion_arit . '+' termino  (73)
	expresion_arit : expresion_arit . '-' termino  (74)
	expresion_arit : expresion_arit . '+' error  (78)
	expresion_arit : expresion_arit . '-' error  (79)
	condicion : expresion_arit comparador expresion_arit . ')'  (116)
	condicion : expresion_arit comparador expresion_arit .  (118)

	')'  shift 199
	'-'  shift 91
	'+'  shift 92
	error  reduce 118
	IF  reduce 118
	THEN  reduce 118
	BEGIN  reduce 118
	OUTF  reduce 118
	RET  reduce 118
	ID  reduce 118
	WHILE  reduce 118
	GOTO  reduce 118
	ETIQUETA  reduce 118


state 155
	factor : variable_simple '{' CTE . '}'  (91)

	'}'  shift 200
	.  error


state 156
	factor : variable_simple '{' '-' . CTE '}'  (92)

	CTE  shift 201
	.  error


state 157
	termino : termino '*' error .  (86)

	.  reduce 86


state 158
	termino : termino '*' factor .  (81)

	.  reduce 81


state 159
	termino : termino '/' error .  (87)

	.  reduce 87


state 160
	termino : termino '/' factor .  (82)

	.  reduce 82


state 161
	bloque_else_multiple : ELSE . BEGIN bloque_sent_ejecutables ';' END  (131)
	bloque_else_multiple : ELSE . BEGIN bloque_sent_ejecutables END  (132)
	bloque_else_simple : ELSE . bloque_sentencia_simple  (133)

	IF  shift 6
	BEGIN  shift 202
	OUTF  shift 7
	RET  shift 9
	ID  shift 2
	WHILE  shift 10
	GOTO  shift 11
	ETIQUETA  shift 12
	.  error

	ID_simple  goto 63
	sentencia_ejecutable  goto 130
	retorno  goto 26
	asignacion  goto 27
	sentencia_IF  goto 28
	sentencia_WHILE  goto 29
	sentencia_goto  goto 30
	outf_rule  goto 31
	variable_simple  goto 32
	bloque_sentencia_simple  goto 203
	encabezado_WHILE  goto 33


state 162
	sentencia_IF : IF condicion THEN END_IF .  (103)

	.  reduce 103


state 163
	sentencia_IF : IF condicion THEN bloque_unidad . ';' bloque_else ';' END_IF  (100)
	sentencia_IF : IF condicion THEN bloque_unidad . ';' END_IF  (101)
	sentencia_IF : IF condicion THEN bloque_unidad . ';' ELSE END_IF  (104)
	sentencia_IF : IF condicion THEN bloque_unidad . bloque_else ';' END_IF  (105)
	sentencia_IF : IF condicion THEN bloque_unidad . END_IF  (106)
	sentencia_IF : IF condicion THEN bloque_unidad . ';' bloque_else END_IF  (107)
	sentencia_IF : IF condicion THEN bloque_unidad . bloque_else END_IF  (108)
	sentencia_IF : IF condicion THEN bloque_unidad . ';' error  (109)
	sentencia_IF : IF condicion THEN bloque_unidad . ';' bloque_else ';' error  (110)

	ELSE  shift 161
	END_IF  shift 204
	';'  shift 205
	.  error

	bloque_else  goto 206
	bloque_else_simple  goto 165
	bloque_else_multiple  goto 166


state 164
	sentencia_IF : IF condicion THEN bloque_else . ';' END_IF  (102)

	';'  shift 207
	.  error


state 165
	bloque_else : bloque_else_simple .  (129)

	.  reduce 129


state 166
	bloque_else : bloque_else_multiple .  (130)

	.  reduce 130


state 167
	outf_rule : OUTF '(' sentencias ')' .  (61)

	.  reduce 61


state 168
	outf_rule : OUTF '(' expresion_arit ')' .  (58)

	.  reduce 58


state 169
	outf_rule : OUTF '(' cadena ')' .  (60)

	.  reduce 60


state 170
	asignacion : variable_simple '{' . CTE '}' ASIGNACION expresion_arit  (63)
	asignacion : variable_simple '{' . '-' CTE '}' ASIGNACION expresion_arit  (64)
	factor : variable_simple '{' . CTE '}'  (91)
	factor : variable_simple '{' . '-' CTE '}'  (92)

	CTE  shift 208
	'-'  shift 209
	.  error


state 171
	declaracion_subtipo : TYPEDEF TRIPLE '<' tipo . '>' ID_simple  (28)
	declaracion_subtipo : TYPEDEF TRIPLE '<' tipo . ID_simple  (37)
	declaracion_subtipo : TYPEDEF TRIPLE '<' tipo . '>' error  (39)

	ID  shift 2
	'>'  shift 210
	.  error

	ID_simple  goto 211


state 172
	declaracion_subtipo : TYPEDEF TRIPLE tipo '>' . ID_simple  (36)

	ID  shift 2
	.  error

	ID_simple  goto 212


state 173
	declaracion_subtipo : TYPEDEF TRIPLE tipo ID_simple .  (38)

	.  reduce 38


state 174
	declaracion_subtipo : TYPEDEF ASIGNACION tipo '{' . CTE_con_sig ',' CTE_con_sig '}'  (33)

	CTE  shift 38
	'-'  shift 40
	.  error

	CTE_con_sig  goto 213


state 175
	declaracion_subtipo : TYPEDEF '<' tipo '>' . ID_simple  (35)

	ID  shift 2
	.  error

	ID_simple  goto 214


state 176
	declaracion_subtipo : TYPEDEF ID_simple ASIGNACION '{' . CTE_con_sig ',' CTE_con_sig '}'  (34)

	CTE  shift 38
	'-'  shift 40
	.  error

	CTE_con_sig  goto 215


state 177
	declaracion_subtipo : TYPEDEF ID_simple ASIGNACION tipo . '{' CTE_con_sig ',' CTE_con_sig '}'  (24)
	declaracion_subtipo : TYPEDEF ID_simple ASIGNACION tipo . CTE_con_sig ',' CTE_con_sig '}'  (25)
	declaracion_subtipo : TYPEDEF ID_simple ASIGNACION tipo . '{' CTE_con_sig ',' CTE_con_sig  (26)
	declaracion_subtipo : TYPEDEF ID_simple ASIGNACION tipo . CTE_con_sig ',' CTE_con_sig  (27)
	declaracion_subtipo : TYPEDEF ID_simple ASIGNACION tipo . '{' ',' CTE_con_sig '}'  (29)
	declaracion_subtipo : TYPEDEF ID_simple ASIGNACION tipo . '{' CTE_con_sig '}'  (30)
	declaracion_subtipo : TYPEDEF ID_simple ASIGNACION tipo . '{' CTE_con_sig ',' '}'  (31)
	declaracion_subtipo : TYPEDEF ID_simple ASIGNACION tipo . '{' '}'  (32)

	CTE  shift 38
	'{'  shift 216
	'-'  shift 40
	.  error

	CTE_con_sig  goto 217


state 178
	retorno : RET '(' expresion_arit ')' .  (49)

	.  reduce 49


state 179
	variables : variables ',' variable_simple .  (93)

	.  reduce 93


state 180
	parametros_parentesis : '(' error ')' .  (47)

	.  reduce 47


state 181
	parametros_parentesis : '(' ID_simple ')' .  (45)

	.  reduce 45


state 182
	parametros_parentesis : '(' tipo_primitivo ')' .  (44)

	.  reduce 44


state 183
	parametros_parentesis : '(' tipo_primitivo ID_simple . ')'  (43)

	')'  shift 218
	.  error


state 184
	sentencias : sentencias . sentencia  (7)
	cuerpo_funcion : sentencias .  (48)

	error  shift 5
	IF  shift 6
	OUTF  shift 7
	TYPEDEF  shift 8
	RET  shift 9
	ID  shift 2
	WHILE  shift 10
	GOTO  shift 11
	ETIQUETA  shift 12
	INTEGER  shift 13
	DOUBLE  shift 14
	END  reduce 48

	ID_simple  goto 15
	sentencia  goto 58
	sentencia_declarativa  goto 18
	sentencia_ejecutable  goto 19
	declaracion_variable  goto 20
	declaracion_funciones  goto 21
	declaracion_subtipo  goto 22
	tipo  goto 23
	tipo_primitivo  goto 24
	encabezado_funcion  goto 25
	retorno  goto 26
	asignacion  goto 27
	sentencia_IF  goto 28
	sentencia_WHILE  goto 29
	sentencia_goto  goto 30
	outf_rule  goto 31
	variable_simple  goto 32
	encabezado_WHILE  goto 33


state 185
	declaracion_funciones : encabezado_funcion parametros_parentesis BEGIN cuerpo_funcion . END  (40)

	END  shift 219
	.  error


state 186
	asignacion : variable_simple '{' CTE '}' . ASIGNACION expresion_arit  (63)

	ASIGNACION  shift 220
	.  error


state 187
	asignacion : variable_simple '{' '-' CTE . '}' ASIGNACION expresion_arit  (64)

	'}'  shift 221
	.  error


state 188
	bloque_unidad_multiple : BEGIN END .  (137)

	.  reduce 137


state 189
	bloque_unidad_multiple : BEGIN bloque_sent_ejecutables . ';' END  (136)
	bloque_unidad_multiple : BEGIN bloque_sent_ejecutables . END  (138)
	bloque_sent_ejecutables : bloque_sent_ejecutables . ';' bloque_sentencia_simple  (140)
	bloque_sent_ejecutables : bloque_sent_ejecutables . bloque_sentencia_simple  (142)

	IF  shift 6
	END  shift 222
	OUTF  shift 7
	RET  shift 9
	ID  shift 2
	WHILE  shift 10
	GOTO  shift 11
	ETIQUETA  shift 12
	';'  shift 223
	.  error

	ID_simple  goto 63
	sentencia_ejecutable  goto 130
	retorno  goto 26
	asignacion  goto 27
	sentencia_IF  goto 28
	sentencia_WHILE  goto 29
	sentencia_goto  goto 30
	outf_rule  goto 31
	variable_simple  goto 32
	bloque_sentencia_simple  goto 224
	encabezado_WHILE  goto 33


state 190
	bloque_sent_ejecutables : bloque_sentencia_simple .  (141)

	.  reduce 141


state 191
	condicion : '(' '(' list_expre ')' . comparador '(' list_expre ')' ')'  (111)
	condicion : '(' '(' list_expre ')' . comparador '(' list_expre ')'  (113)
	condicion : '(' '(' list_expre ')' . '(' list_expre ')' ')'  (120)
	condicion : '(' '(' list_expre ')' . comparador list_expre ')' ')'  (122)

	MAYORIGUAL  shift 86
	MENORIGUAL  shift 87
	DISTINTO  shift 88
	'<'  shift 89
	'>'  shift 90
	'('  shift 225
	'='  shift 93
	.  error

	comparador  goto 226


state 192
	condicion : '(' '(' list_expre comparador . '(' list_expre ')' ')'  (121)

	'('  shift 227
	.  error


state 193
	expresion_arit : expresion_arit . '+' termino  (73)
	expresion_arit : expresion_arit . '-' termino  (74)
	expresion_arit : expresion_arit . '+' error  (78)
	expresion_arit : expresion_arit . '-' error  (79)
	condicion : '(' expresion_arit comparador expresion_arit . ')'  (115)
	condicion : '(' expresion_arit comparador expresion_arit .  (117)

	')'  shift 228
	'-'  shift 91
	'+'  shift 92
	error  reduce 117
	IF  reduce 117
	THEN  reduce 117
	BEGIN  reduce 117
	OUTF  reduce 117
	RET  reduce 117
	ID  reduce 117
	WHILE  reduce 117
	GOTO  reduce 117
	ETIQUETA  reduce 117


state 194
	list_expre : list_expre ',' expresion_arit .  (69)
	expresion_arit : expresion_arit . '+' termino  (73)
	expresion_arit : expresion_arit . '-' termino  (74)
	expresion_arit : expresion_arit . '+' error  (78)
	expresion_arit : expresion_arit . '-' error  (79)

	'-'  shift 91
	'+'  shift 92
	MAYORIGUAL  reduce 69
	MENORIGUAL  reduce 69
	DISTINTO  reduce 69
	','  reduce 69
	'<'  reduce 69
	'>'  reduce 69
	')'  reduce 69
	'='  reduce 69


state 195
	condicion : '(' list_expre ')' comparador . '(' list_expre ')' ')'  (112)
	condicion : '(' list_expre ')' comparador . '(' list_expre ')'  (114)

	'('  shift 229
	.  error


state 196
	invocacion : ID_simple '(' error ')' .  (68)

	.  reduce 68


state 197
	invocacion : ID_simple '(' tipo_primitivo '(' . expresion_arit ')' ')'  (66)

	error  shift 37
	CTE  shift 38
	ID  shift 2
	'-'  shift 40
	.  error

	ID_simple  goto 41
	CTE_con_sig  goto 42
	expresion_arit  goto 230
	variable_simple  goto 44
	invocacion  goto 45
	termino  goto 46
	factor  goto 47


state 198
	invocacion : ID_simple '(' expresion_arit ')' .  (65)

	.  reduce 65


state 199
	condicion : expresion_arit comparador expresion_arit ')' .  (116)

	.  reduce 116


state 200
	factor : variable_simple '{' CTE '}' .  (91)

	.  reduce 91


state 201
	factor : variable_simple '{' '-' CTE . '}'  (92)

	'}'  shift 231
	.  error


state 202
	bloque_else_multiple : ELSE BEGIN . bloque_sent_ejecutables ';' END  (131)
	bloque_else_multiple : ELSE BEGIN . bloque_sent_ejecutables END  (132)

	IF  shift 6
	OUTF  shift 7
	RET  shift 9
	ID  shift 2
	WHILE  shift 10
	GOTO  shift 11
	ETIQUETA  shift 12
	.  error

	ID_simple  goto 63
	sentencia_ejecutable  goto 130
	retorno  goto 26
	asignacion  goto 27
	sentencia_IF  goto 28
	sentencia_WHILE  goto 29
	sentencia_goto  goto 30
	outf_rule  goto 31
	variable_simple  goto 32
	bloque_sent_ejecutables  goto 232
	bloque_sentencia_simple  goto 190
	encabezado_WHILE  goto 33


state 203
	bloque_else_simple : ELSE bloque_sentencia_simple .  (133)

	.  reduce 133


state 204
	sentencia_IF : IF condicion THEN bloque_unidad END_IF .  (106)

	.  reduce 106


state 205
	sentencia_IF : IF condicion THEN bloque_unidad ';' . bloque_else ';' END_IF  (100)
	sentencia_IF : IF condicion THEN bloque_unidad ';' . END_IF  (101)
	sentencia_IF : IF condicion THEN bloque_unidad ';' . ELSE END_IF  (104)
	sentencia_IF : IF condicion THEN bloque_unidad ';' . bloque_else END_IF  (107)
	sentencia_IF : IF condicion THEN bloque_unidad ';' . error  (109)
	sentencia_IF : IF condicion THEN bloque_unidad ';' . bloque_else ';' error  (110)

	error  shift 233
	ELSE  shift 234
	END_IF  shift 235
	.  error

	bloque_else  goto 236
	bloque_else_simple  goto 165
	bloque_else_multiple  goto 166


state 206
	sentencia_IF : IF condicion THEN bloque_unidad bloque_else . ';' END_IF  (105)
	sentencia_IF : IF condicion THEN bloque_unidad bloque_else . END_IF  (108)

	END_IF  shift 237
	';'  shift 238
	.  error


state 207
	sentencia_IF : IF condicion THEN bloque_else ';' . END_IF  (102)

	END_IF  shift 239
	.  error


state 208
	asignacion : variable_simple '{' CTE . '}' ASIGNACION expresion_arit  (63)
	factor : variable_simple '{' CTE . '}'  (91)

	'}'  shift 240
	.  error


state 209
	asignacion : variable_simple '{' '-' . CTE '}' ASIGNACION expresion_arit  (64)
	factor : variable_simple '{' '-' . CTE '}'  (92)

	CTE  shift 241
	.  error


state 210
	declaracion_subtipo : TYPEDEF TRIPLE '<' tipo '>' . ID_simple  (28)
	declaracion_subtipo : TYPEDEF TRIPLE '<' tipo '>' . error  (39)

	error  shift 242
	ID  shift 2
	.  error

	ID_simple  goto 243


state 211
	declaracion_subtipo : TYPEDEF TRIPLE '<' tipo ID_simple .  (37)

	.  reduce 37


state 212
	declaracion_subtipo : TYPEDEF TRIPLE tipo '>' ID_simple .  (36)

	.  reduce 36


state 213
	declaracion_subtipo : TYPEDEF ASIGNACION tipo '{' CTE_con_sig . ',' CTE_con_sig '}'  (33)

	','  shift 244
	.  error


state 214
	declaracion_subtipo : TYPEDEF '<' tipo '>' ID_simple .  (35)

	.  reduce 35


state 215
	declaracion_subtipo : TYPEDEF ID_simple ASIGNACION '{' CTE_con_sig . ',' CTE_con_sig '}'  (34)

	','  shift 245
	.  error


state 216
	declaracion_subtipo : TYPEDEF ID_simple ASIGNACION tipo '{' . CTE_con_sig ',' CTE_con_sig '}'  (24)
	declaracion_subtipo : TYPEDEF ID_simple ASIGNACION tipo '{' . CTE_con_sig ',' CTE_con_sig  (26)
	declaracion_subtipo : TYPEDEF ID_simple ASIGNACION tipo '{' . ',' CTE_con_sig '}'  (29)
	declaracion_subtipo : TYPEDEF ID_simple ASIGNACION tipo '{' . CTE_con_sig '}'  (30)
	declaracion_subtipo : TYPEDEF ID_simple ASIGNACION tipo '{' . CTE_con_sig ',' '}'  (31)
	declaracion_subtipo : TYPEDEF ID_simple ASIGNACION tipo '{' . '}'  (32)

	CTE  shift 38
	','  shift 246
	'}'  shift 247
	'-'  shift 40
	.  error

	CTE_con_sig  goto 248


state 217
	declaracion_subtipo : TYPEDEF ID_simple ASIGNACION tipo CTE_con_sig . ',' CTE_con_sig '}'  (25)
	declaracion_subtipo : TYPEDEF ID_simple ASIGNACION tipo CTE_con_sig . ',' CTE_con_sig  (27)

	','  shift 249
	.  error


state 218
	parametros_parentesis : '(' tipo_primitivo ID_simple ')' .  (43)

	.  reduce 43


state 219
	declaracion_funciones : encabezado_funcion parametros_parentesis BEGIN cuerpo_funcion END .  (40)

	.  reduce 40


state 220
	asignacion : variable_simple '{' CTE '}' ASIGNACION . expresion_arit  (63)

	error  shift 37
	CTE  shift 38
	ID  shift 2
	'-'  shift 40
	.  error

	ID_simple  goto 41
	CTE_con_sig  goto 42
	expresion_arit  goto 250
	variable_simple  goto 44
	invocacion  goto 45
	termino  goto 46
	factor  goto 47


state 221
	asignacion : variable_simple '{' '-' CTE '}' . ASIGNACION expresion_arit  (64)

	ASIGNACION  shift 251
	.  error


state 222
	bloque_unidad_multiple : BEGIN bloque_sent_ejecutables END .  (138)

	.  reduce 138


state 223
	bloque_unidad_multiple : BEGIN bloque_sent_ejecutables ';' . END  (136)
	bloque_sent_ejecutables : bloque_sent_ejecutables ';' . bloque_sentencia_simple  (140)

	IF  shift 6
	END  shift 252
	OUTF  shift 7
	RET  shift 9
	ID  shift 2
	WHILE  shift 10
	GOTO  shift 11
	ETIQUETA  shift 12
	.  error

	ID_simple  goto 63
	sentencia_ejecutable  goto 130
	retorno  goto 26
	asignacion  goto 27
	sentencia_IF  goto 28
	sentencia_WHILE  goto 29
	sentencia_goto  goto 30
	outf_rule  goto 31
	variable_simple  goto 32
	bloque_sentencia_simple  goto 253
	encabezado_WHILE  goto 33


state 224
	bloque_sent_ejecutables : bloque_sent_ejecutables bloque_sentencia_simple .  (142)

	.  reduce 142


state 225
	condicion : '(' '(' list_expre ')' '(' . list_expre ')' ')'  (120)

	error  shift 37
	CTE  shift 38
	ID  shift 2
	','  shift 80
	'-'  shift 40
	.  error

	ID_simple  goto 41
	CTE_con_sig  goto 42
	expresion_arit  goto 141
	variable_simple  goto 44
	invocacion  goto 45
	list_expre  goto 254
	termino  goto 46
	factor  goto 47


state 226
	condicion : '(' '(' list_expre ')' comparador . '(' list_expre ')' ')'  (111)
	condicion : '(' '(' list_expre ')' comparador . '(' list_expre ')'  (113)
	condicion : '(' '(' list_expre ')' comparador . list_expre ')' ')'  (122)

	error  shift 37
	CTE  shift 38
	ID  shift 2
	','  shift 80
	'('  shift 255
	'-'  shift 40
	.  error

	ID_simple  goto 41
	CTE_con_sig  goto 42
	expresion_arit  goto 141
	variable_simple  goto 44
	invocacion  goto 45
	list_expre  goto 256
	termino  goto 46
	factor  goto 47


state 227
	condicion : '(' '(' list_expre comparador '(' . list_expre ')' ')'  (121)

	error  shift 37
	CTE  shift 38
	ID  shift 2
	','  shift 80
	'-'  shift 40
	.  error

	ID_simple  goto 41
	CTE_con_sig  goto 42
	expresion_arit  goto 141
	variable_simple  goto 44
	invocacion  goto 45
	list_expre  goto 257
	termino  goto 46
	factor  goto 47


state 228
	condicion : '(' expresion_arit comparador expresion_arit ')' .  (115)

	.  reduce 115


state 229
	condicion : '(' list_expre ')' comparador '(' . list_expre ')' ')'  (112)
	condicion : '(' list_expre ')' comparador '(' . list_expre ')'  (114)

	error  shift 37
	CTE  shift 38
	ID  shift 2
	','  shift 80
	'-'  shift 40
	.  error

	ID_simple  goto 41
	CTE_con_sig  goto 42
	expresion_arit  goto 141
	variable_simple  goto 44
	invocacion  goto 45
	list_expre  goto 258
	termino  goto 46
	factor  goto 47


state 230
	invocacion : ID_simple '(' tipo_primitivo '(' expresion_arit . ')' ')'  (66)
	expresion_arit : expresion_arit . '+' termino  (73)
	expresion_arit : expresion_arit . '-' termino  (74)
	expresion_arit : expresion_arit . '+' error  (78)
	expresion_arit : expresion_arit . '-' error  (79)

	')'  shift 259
	'-'  shift 91
	'+'  shift 92
	.  error


state 231
	factor : variable_simple '{' '-' CTE '}' .  (92)

	.  reduce 92


state 232
	bloque_else_multiple : ELSE BEGIN bloque_sent_ejecutables . ';' END  (131)
	bloque_else_multiple : ELSE BEGIN bloque_sent_ejecutables . END  (132)
	bloque_sent_ejecutables : bloque_sent_ejecutables . ';' bloque_sentencia_simple  (140)
	bloque_sent_ejecutables : bloque_sent_ejecutables . bloque_sentencia_simple  (142)

	IF  shift 6
	END  shift 260
	OUTF  shift 7
	RET  shift 9
	ID  shift 2
	WHILE  shift 10
	GOTO  shift 11
	ETIQUETA  shift 12
	';'  shift 261
	.  error

	ID_simple  goto 63
	sentencia_ejecutable  goto 130
	retorno  goto 26
	asignacion  goto 27
	sentencia_IF  goto 28
	sentencia_WHILE  goto 29
	sentencia_goto  goto 30
	outf_rule  goto 31
	variable_simple  goto 32
	bloque_sentencia_simple  goto 224
	encabezado_WHILE  goto 33


state 233
	sentencia_IF : IF condicion THEN bloque_unidad ';' error .  (109)

	.  reduce 109


state 234
	sentencia_IF : IF condicion THEN bloque_unidad ';' ELSE . END_IF  (104)
	bloque_else_multiple : ELSE . BEGIN bloque_sent_ejecutables ';' END  (131)
	bloque_else_multiple : ELSE . BEGIN bloque_sent_ejecutables END  (132)
	bloque_else_simple : ELSE . bloque_sentencia_simple  (133)

	IF  shift 6
	BEGIN  shift 202
	END_IF  shift 262
	OUTF  shift 7
	RET  shift 9
	ID  shift 2
	WHILE  shift 10
	GOTO  shift 11
	ETIQUETA  shift 12
	.  error

	ID_simple  goto 63
	sentencia_ejecutable  goto 130
	retorno  goto 26
	asignacion  goto 27
	sentencia_IF  goto 28
	sentencia_WHILE  goto 29
	sentencia_goto  goto 30
	outf_rule  goto 31
	variable_simple  goto 32
	bloque_sentencia_simple  goto 203
	encabezado_WHILE  goto 33


state 235
	sentencia_IF : IF condicion THEN bloque_unidad ';' END_IF .  (101)

	.  reduce 101


state 236
	sentencia_IF : IF condicion THEN bloque_unidad ';' bloque_else . ';' END_IF  (100)
	sentencia_IF : IF condicion THEN bloque_unidad ';' bloque_else . END_IF  (107)
	sentencia_IF : IF condicion THEN bloque_unidad ';' bloque_else . ';' error  (110)

	END_IF  shift 263
	';'  shift 264
	.  error


state 237
	sentencia_IF : IF condicion THEN bloque_unidad bloque_else END_IF .  (108)

	.  reduce 108


state 238
	sentencia_IF : IF condicion THEN bloque_unidad bloque_else ';' . END_IF  (105)

	END_IF  shift 265
	.  error


state 239
	sentencia_IF : IF condicion THEN bloque_else ';' END_IF .  (102)

	.  reduce 102


state 240
	asignacion : variable_simple '{' CTE '}' . ASIGNACION expresion_arit  (63)
	factor : variable_simple '{' CTE '}' .  (91)

	ASIGNACION  shift 220
	')'  reduce 91
	'-'  reduce 91
	'+'  reduce 91
	'*'  reduce 91
	'/'  reduce 91


state 241
	asignacion : variable_simple '{' '-' CTE . '}' ASIGNACION expresion_arit  (64)
	factor : variable_simple '{' '-' CTE . '}'  (92)

	'}'  shift 266
	.  error


state 242
	declaracion_subtipo : TYPEDEF TRIPLE '<' tipo '>' error .  (39)

	.  reduce 39


state 243
	declaracion_subtipo : TYPEDEF TRIPLE '<' tipo '>' ID_simple .  (28)

	.  reduce 28


state 244
	declaracion_subtipo : TYPEDEF ASIGNACION tipo '{' CTE_con_sig ',' . CTE_con_sig '}'  (33)

	CTE  shift 38
	'-'  shift 40
	.  error

	CTE_con_sig  goto 267


state 245
	declaracion_subtipo : TYPEDEF ID_simple ASIGNACION '{' CTE_con_sig ',' . CTE_con_sig '}'  (34)

	CTE  shift 38
	'-'  shift 40
	.  error

	CTE_con_sig  goto 268


state 246
	declaracion_subtipo : TYPEDEF ID_simple ASIGNACION tipo '{' ',' . CTE_con_sig '}'  (29)

	CTE  shift 38
	'-'  shift 40
	.  error

	CTE_con_sig  goto 269


state 247
	declaracion_subtipo : TYPEDEF ID_simple ASIGNACION tipo '{' '}' .  (32)

	.  reduce 32


state 248
	declaracion_subtipo : TYPEDEF ID_simple ASIGNACION tipo '{' CTE_con_sig . ',' CTE_con_sig '}'  (24)
	declaracion_subtipo : TYPEDEF ID_simple ASIGNACION tipo '{' CTE_con_sig . ',' CTE_con_sig  (26)
	declaracion_subtipo : TYPEDEF ID_simple ASIGNACION tipo '{' CTE_con_sig . '}'  (30)
	declaracion_subtipo : TYPEDEF ID_simple ASIGNACION tipo '{' CTE_con_sig . ',' '}'  (31)

	','  shift 270
	'}'  shift 271
	.  error


state 249
	declaracion_subtipo : TYPEDEF ID_simple ASIGNACION tipo CTE_con_sig ',' . CTE_con_sig '}'  (25)
	declaracion_subtipo : TYPEDEF ID_simple ASIGNACION tipo CTE_con_sig ',' . CTE_con_sig  (27)

	CTE  shift 38
	'-'  shift 40
	.  error

	CTE_con_sig  goto 272


state 250
	asignacion : variable_simple '{' CTE '}' ASIGNACION expresion_arit .  (63)
	expresion_arit : expresion_arit . '+' termino  (73)
	expresion_arit : expresion_arit . '-' termino  (74)
	expresion_arit : expresion_arit . '+' error  (78)
	expresion_arit : expresion_arit . '-' error  (79)

	'-'  shift 91
	'+'  shift 92
	$end  reduce 63
	error  reduce 63
	IF  reduce 63
	ELSE  reduce 63
	END  reduce 63
	END_IF  reduce 63
	OUTF  reduce 63
	TYPEDEF  reduce 63
	RET  reduce 63
	ID  reduce 63
	WHILE  reduce 63
	GOTO  reduce 63
	ETIQUETA  reduce 63
	INTEGER  reduce 63
	DOUBLE  reduce 63
	';'  reduce 63
	')'  reduce 63


state 251
	asignacion : variable_simple '{' '-' CTE '}' ASIGNACION . expresion_arit  (64)

	error  shift 37
	CTE  shift 38
	ID  shift 2
	'-'  shift 40
	.  error

	ID_simple  goto 41
	CTE_con_sig  goto 42
	expresion_arit  goto 273
	variable_simple  goto 44
	invocacion  goto 45
	termino  goto 46
	factor  goto 47


state 252
	bloque_unidad_multiple : BEGIN bloque_sent_ejecutables ';' END .  (136)

	.  reduce 136


state 253
	bloque_sent_ejecutables : bloque_sent_ejecutables ';' bloque_sentencia_simple .  (140)

	.  reduce 140


state 254
	list_expre : list_expre . ',' expresion_arit  (69)
	list_expre : list_expre . ','  (71)
	condicion : '(' '(' list_expre ')' '(' list_expre . ')' ')'  (120)

	','  shift 144
	')'  shift 274
	.  error


state 255
	condicion : '(' '(' list_expre ')' comparador '(' . list_expre ')' ')'  (111)
	condicion : '(' '(' list_expre ')' comparador '(' . list_expre ')'  (113)

	error  shift 37
	CTE  shift 38
	ID  shift 2
	','  shift 80
	'-'  shift 40
	.  error

	ID_simple  goto 41
	CTE_con_sig  goto 42
	expresion_arit  goto 141
	variable_simple  goto 44
	invocacion  goto 45
	list_expre  goto 275
	termino  goto 46
	factor  goto 47


state 256
	list_expre : list_expre . ',' expresion_arit  (69)
	list_expre : list_expre . ','  (71)
	condicion : '(' '(' list_expre ')' comparador list_expre . ')' ')'  (122)

	','  shift 144
	')'  shift 276
	.  error


state 257
	list_expre : list_expre . ',' expresion_arit  (69)
	list_expre : list_expre . ','  (71)
	condicion : '(' '(' list_expre comparador '(' list_expre . ')' ')'  (121)

	','  shift 144
	')'  shift 277
	.  error


state 258
	list_expre : list_expre . ',' expresion_arit  (69)
	list_expre : list_expre . ','  (71)
	condicion : '(' list_expre ')' comparador '(' list_expre . ')' ')'  (112)
	condicion : '(' list_expre ')' comparador '(' list_expre . ')'  (114)

	','  shift 144
	')'  shift 278
	.  error


state 259
	invocacion : ID_simple '(' tipo_primitivo '(' expresion_arit ')' . ')'  (66)

	')'  shift 279
	.  error


state 260
	bloque_else_multiple : ELSE BEGIN bloque_sent_ejecutables END .  (132)

	.  reduce 132


state 261
	bloque_else_multiple : ELSE BEGIN bloque_sent_ejecutables ';' . END  (131)
	bloque_sent_ejecutables : bloque_sent_ejecutables ';' . bloque_sentencia_simple  (140)

	IF  shift 6
	END  shift 280
	OUTF  shift 7
	RET  shift 9
	ID  shift 2
	WHILE  shift 10
	GOTO  shift 11
	ETIQUETA  shift 12
	.  error

	ID_simple  goto 63
	sentencia_ejecutable  goto 130
	retorno  goto 26
	asignacion  goto 27
	sentencia_IF  goto 28
	sentencia_WHILE  goto 29
	sentencia_goto  goto 30
	outf_rule  goto 31
	variable_simple  goto 32
	bloque_sentencia_simple  goto 253
	encabezado_WHILE  goto 33


state 262
	sentencia_IF : IF condicion THEN bloque_unidad ';' ELSE END_IF .  (104)

	.  reduce 104


state 263
	sentencia_IF : IF condicion THEN bloque_unidad ';' bloque_else END_IF .  (107)

	.  reduce 107


state 264
	sentencia_IF : IF condicion THEN bloque_unidad ';' bloque_else ';' . END_IF  (100)
	sentencia_IF : IF condicion THEN bloque_unidad ';' bloque_else ';' . error  (110)

	error  shift 281
	END_IF  shift 282
	.  error


state 265
	sentencia_IF : IF condicion THEN bloque_unidad bloque_else ';' END_IF .  (105)

	.  reduce 105


state 266
	asignacion : variable_simple '{' '-' CTE '}' . ASIGNACION expresion_arit  (64)
	factor : variable_simple '{' '-' CTE '}' .  (92)

	ASIGNACION  shift 251
	')'  reduce 92
	'-'  reduce 92
	'+'  reduce 92
	'*'  reduce 92
	'/'  reduce 92


state 267
	declaracion_subtipo : TYPEDEF ASIGNACION tipo '{' CTE_con_sig ',' CTE_con_sig . '}'  (33)

	'}'  shift 283
	.  error


state 268
	declaracion_subtipo : TYPEDEF ID_simple ASIGNACION '{' CTE_con_sig ',' CTE_con_sig . '}'  (34)

	'}'  shift 284
	.  error


state 269
	declaracion_subtipo : TYPEDEF ID_simple ASIGNACION tipo '{' ',' CTE_con_sig . '}'  (29)

	'}'  shift 285
	.  error


state 270
	declaracion_subtipo : TYPEDEF ID_simple ASIGNACION tipo '{' CTE_con_sig ',' . CTE_con_sig '}'  (24)
	declaracion_subtipo : TYPEDEF ID_simple ASIGNACION tipo '{' CTE_con_sig ',' . CTE_con_sig  (26)
	declaracion_subtipo : TYPEDEF ID_simple ASIGNACION tipo '{' CTE_con_sig ',' . '}'  (31)

	CTE  shift 38
	'}'  shift 286
	'-'  shift 40
	.  error

	CTE_con_sig  goto 287


state 271
	declaracion_subtipo : TYPEDEF ID_simple ASIGNACION tipo '{' CTE_con_sig '}' .  (30)

	.  reduce 30


state 272
	declaracion_subtipo : TYPEDEF ID_simple ASIGNACION tipo CTE_con_sig ',' CTE_con_sig . '}'  (25)
	declaracion_subtipo : TYPEDEF ID_simple ASIGNACION tipo CTE_con_sig ',' CTE_con_sig .  (27)

	'}'  shift 288
	$end  reduce 27
	error  reduce 27
	IF  reduce 27
	END  reduce 27
	OUTF  reduce 27
	TYPEDEF  reduce 27
	RET  reduce 27
	ID  reduce 27
	WHILE  reduce 27
	GOTO  reduce 27
	ETIQUETA  reduce 27
	INTEGER  reduce 27
	DOUBLE  reduce 27
	';'  reduce 27
	')'  reduce 27


state 273
	asignacion : variable_simple '{' '-' CTE '}' ASIGNACION expresion_arit .  (64)
	expresion_arit : expresion_arit . '+' termino  (73)
	expresion_arit : expresion_arit . '-' termino  (74)
	expresion_arit : expresion_arit . '+' error  (78)
	expresion_arit : expresion_arit . '-' error  (79)

	'-'  shift 91
	'+'  shift 92
	$end  reduce 64
	error  reduce 64
	IF  reduce 64
	ELSE  reduce 64
	END  reduce 64
	END_IF  reduce 64
	OUTF  reduce 64
	TYPEDEF  reduce 64
	RET  reduce 64
	ID  reduce 64
	WHILE  reduce 64
	GOTO  reduce 64
	ETIQUETA  reduce 64
	INTEGER  reduce 64
	DOUBLE  reduce 64
	';'  reduce 64
	')'  reduce 64


state 274
	condicion : '(' '(' list_expre ')' '(' list_expre ')' . ')'  (120)

	')'  shift 289
	.  error


state 275
	list_expre : list_expre . ',' expresion_arit  (69)
	list_expre : list_expre . ','  (71)
	condicion : '(' '(' list_expre ')' comparador '(' list_expre . ')' ')'  (111)
	condicion : '(' '(' list_expre ')' comparador '(' list_expre . ')'  (113)

	','  shift 144
	')'  shift 290
	.  error


state 276
	condicion : '(' '(' list_expre ')' comparador list_expre ')' . ')'  (122)

	')'  shift 291
	.  error


state 277
	condicion : '(' '(' list_expre comparador '(' list_expre ')' . ')'  (121)

	')'  shift 292
	.  error


state 278
	condicion : '(' list_expre ')' comparador '(' list_expre ')' . ')'  (112)
	condicion : '(' list_expre ')' comparador '(' list_expre ')' .  (114)

	')'  shift 293
	error  reduce 114
	IF  reduce 114
	THEN  reduce 114
	BEGIN  reduce 114
	OUTF  reduce 114
	RET  reduce 114
	ID  reduce 114
	WHILE  reduce 114
	GOTO  reduce 114
	ETIQUETA  reduce 114


state 279
	invocacion : ID_simple '(' tipo_primitivo '(' expresion_arit ')' ')' .  (66)

	.  reduce 66


state 280
	bloque_else_multiple : ELSE BEGIN bloque_sent_ejecutables ';' END .  (131)

	.  reduce 131


state 281
	sentencia_IF : IF condicion THEN bloque_unidad ';' bloque_else ';' error .  (110)

	.  reduce 110


state 282
	sentencia_IF : IF condicion THEN bloque_unidad ';' bloque_else ';' END_IF .  (100)

	.  reduce 100


state 283
	declaracion_subtipo : TYPEDEF ASIGNACION tipo '{' CTE_con_sig ',' CTE_con_sig '}' .  (33)

	.  reduce 33


state 284
	declaracion_subtipo : TYPEDEF ID_simple ASIGNACION '{' CTE_con_sig ',' CTE_con_sig '}' .  (34)

	.  reduce 34


state 285
	declaracion_subtipo : TYPEDEF ID_simple ASIGNACION tipo '{' ',' CTE_con_sig '}' .  (29)

	.  reduce 29


state 286
	declaracion_subtipo : TYPEDEF ID_simple ASIGNACION tipo '{' CTE_con_sig ',' '}' .  (31)

	.  reduce 31


state 287
	declaracion_subtipo : TYPEDEF ID_simple ASIGNACION tipo '{' CTE_con_sig ',' CTE_con_sig . '}'  (24)
	declaracion_subtipo : TYPEDEF ID_simple ASIGNACION tipo '{' CTE_con_sig ',' CTE_con_sig .  (26)

	'}'  shift 294
	$end  reduce 26
	error  reduce 26
	IF  reduce 26
	END  reduce 26
	OUTF  reduce 26
	TYPEDEF  reduce 26
	RET  reduce 26
	ID  reduce 26
	WHILE  reduce 26
	GOTO  reduce 26
	ETIQUETA  reduce 26
	INTEGER  reduce 26
	DOUBLE  reduce 26
	';'  reduce 26
	')'  reduce 26


state 288
	declaracion_subtipo : TYPEDEF ID_simple ASIGNACION tipo CTE_con_sig ',' CTE_con_sig '}' .  (25)

	.  reduce 25


state 289
	condicion : '(' '(' list_expre ')' '(' list_expre ')' ')' .  (120)

	.  reduce 120


state 290
	condicion : '(' '(' list_expre ')' comparador '(' list_expre ')' . ')'  (111)
	condicion : '(' '(' list_expre ')' comparador '(' list_expre ')' .  (113)

	')'  shift 295
	error  reduce 113
	IF  reduce 113
	THEN  reduce 113
	BEGIN  reduce 113
	OUTF  reduce 113
	RET  reduce 113
	ID  reduce 113
	WHILE  reduce 113
	GOTO  reduce 113
	ETIQUETA  reduce 113


state 291
	condicion : '(' '(' list_expre ')' comparador list_expre ')' ')' .  (122)

	.  reduce 122


state 292
	condicion : '(' '(' list_expre comparador '(' list_expre ')' ')' .  (121)

	.  reduce 121


state 293
	condicion : '(' list_expre ')' comparador '(' list_expre ')' ')' .  (112)

	.  reduce 112


state 294
	declaracion_subtipo : TYPEDEF ID_simple ASIGNACION tipo '{' CTE_con_sig ',' CTE_con_sig '}' .  (24)

	.  reduce 24


state 295
	condicion : '(' '(' list_expre ')' comparador '(' list_expre ')' ')' .  (111)

	.  reduce 111


39 terminals, 41 nonterminals
150 grammar rules, 296 states
