   0  $accept : programa $end

   1  programa : ID_simple BEGIN sentencias END
   2           | ID_simple BEGIN END
   3           | BEGIN sentencias END
   4           | ID_simple BEGIN sentencias
   5           | ID_simple sentencias END
   6           | ID_simple sentencias

   7  sentencias : sentencias sentencia
   8             | sentencia

   9  sentencia : sentencia_declarativa
  10            | sentencia_ejecutable ';'
  11            | sentencia_ejecutable

  12  sentencia_declarativa : declaracion_variable
  13                        | declaracion_funciones ';'
  14                        | declaracion_subtipo ';'
  15                        | declaracion_funciones
  16                        | declaracion_subtipo

  17  declaracion_variable : tipo variables ';'
  18                       | tipo variables error

  19  tipo : ID_simple
  20       | tipo_primitivo

  21  tipo_primitivo : INTEGER
  22                 | DOUBLE

  23  declaracion_subtipo : TYPEDEF ID_simple ASIGNACION tipo '{' CTE_con_sig ',' CTE_con_sig '}'
  24                      | TYPEDEF ID_simple ASIGNACION tipo CTE_con_sig ',' CTE_con_sig '}'
  25                      | TYPEDEF ID_simple ASIGNACION tipo '{' CTE_con_sig ',' CTE_con_sig
  26                      | TYPEDEF ID_simple ASIGNACION tipo CTE_con_sig ',' CTE_con_sig
  27                      | TYPEDEF TRIPLE '<' tipo '>' ID_simple
  28                      | TYPEDEF ID_simple ASIGNACION tipo '{' ',' CTE_con_sig '}'
  29                      | TYPEDEF ID_simple ASIGNACION tipo '{' CTE_con_sig '}'
  30                      | TYPEDEF ID_simple ASIGNACION tipo '{' CTE_con_sig ',' '}'
  31                      | TYPEDEF ID_simple ASIGNACION tipo '{' '}'
  32                      | TYPEDEF ASIGNACION tipo '{' CTE_con_sig ',' CTE_con_sig '}'
  33                      | TYPEDEF ID_simple ASIGNACION '{' CTE_con_sig ',' CTE_con_sig '}'
  34                      | TYPEDEF '<' tipo '>' ID_simple
  35                      | TYPEDEF TRIPLE tipo '>' ID_simple
  36                      | TYPEDEF TRIPLE '<' tipo ID_simple
  37                      | TYPEDEF TRIPLE tipo ID_simple
  38                      | TYPEDEF TRIPLE '<' tipo '>' error

  39  declaracion_funciones : encabezado_funcion parametros_parentesis BEGIN cuerpo_funcion END

  40  encabezado_funcion : tipo FUN ID
  41                     | tipo FUN

  42  parametros_parentesis : '(' tipo_primitivo ID_simple ')'
  43                        | '(' tipo_primitivo ')'
  44                        | '(' ID_simple ')'
  45                        | '(' ')'
  46                        | '(' error ')'

  47  cuerpo_funcion : sentencias

  48  retorno : RET '(' expresion_arit ')'

  49  sentencia_ejecutable : asignacion
  50                       | sentencia_IF
  51                       | sentencia_WHILE
  52                       | sentencia_goto
  53                       | ETIQUETA
  54                       | outf_rule
  55                       | retorno

  56  outf_rule : OUTF '(' expresion_arit ')'
  57            | OUTF '(' ')'
  58            | OUTF '(' cadena ')'
  59            | OUTF '(' sentencias ')'

  60  asignacion : variable_simple ASIGNACION expresion_arit
  61             | variable_simple '{' CTE '}' ASIGNACION expresion_arit

  62  invocacion : ID_simple '(' expresion_arit ')'
  63             | ID_simple '(' tipo_primitivo '(' expresion_arit ')' ')'
  64             | ID_simple '(' ')'
  65             | ID_simple '(' error ')'

  66  list_expre : list_expre ',' expresion_arit
  67             | expresion_arit

  68  expresion_arit : expresion_arit '+' termino
  69                 | expresion_arit '-' termino
  70                 | termino
  71                 | error '+' error
  72                 | error '-' error
  73                 | expresion_arit '+' error
  74                 | expresion_arit '-' error
  75                 | error termino

  76  termino : termino '*' factor
  77          | termino '/' factor
  78          | factor
  79          | error '*' error
  80          | error '/' error
  81          | termino '*' error
  82          | termino '/' error

  83  factor : variable_simple
  84         | CTE_con_sig
  85         | invocacion
  86         | variable_simple '{' CTE '}'

  87  variables : variables ',' variable_simple
  88            | variables variable_simple
  89            | variable_simple

  90  variable_simple : ID_simple

  91  ID_simple : ID

  92  CTE_con_sig : CTE
  93              | '-' CTE
  94              | ERROR
  95              | '-' ERROR

  96  sentencia_IF : IF condicion THEN bloque_unidad ';' bloque_else ';' END_IF
  97               | IF condicion THEN bloque_unidad ';' END_IF
  98               | IF condicion THEN bloque_else ';' END_IF
  99               | IF condicion THEN END_IF
 100               | IF condicion THEN bloque_unidad ';' ELSE END_IF
 101               | IF condicion THEN bloque_unidad bloque_else ';' END_IF
 102               | IF condicion THEN bloque_unidad END_IF
 103               | IF condicion THEN bloque_unidad ';' bloque_else END_IF
 104               | IF condicion THEN bloque_unidad bloque_else END_IF
 105               | IF condicion THEN bloque_unidad ';' error
 106               | IF condicion THEN bloque_unidad ';' bloque_else ';' error

 107  condicion : '(' '(' list_expre ')' comparador '(' list_expre ')' ')'
 108            | '(' list_expre ')' comparador '(' list_expre ')' ')'
 109            | '(' '(' list_expre ')' comparador '(' list_expre ')'
 110            | '(' list_expre ')' comparador '(' list_expre ')'
 111            | '(' expresion_arit comparador expresion_arit ')'
 112            | expresion_arit comparador expresion_arit ')'
 113            | '(' expresion_arit comparador expresion_arit
 114            | expresion_arit comparador expresion_arit
 115            | '(' '(' list_expre ')' '(' list_expre ')' ')'
 116            | '(' error ')'
 117            | '(' '(' list_expre comparador '(' list_expre ')' ')'
 118            | '(' '(' list_expre ')' comparador list_expre ')' ')'

 119  comparador : '>'
 120             | MAYORIGUAL
 121             | '<'
 122             | MENORIGUAL
 123             | '='
 124             | DISTINTO

 125  bloque_else : bloque_else_simple
 126              | bloque_else_multiple

 127  bloque_else_multiple : ELSE BEGIN bloque_sent_ejecutables ';' END
 128                       | ELSE BEGIN bloque_sent_ejecutables END

 129  bloque_else_simple : ELSE bloque_sentencia_simple

 130  bloque_unidad : bloque_unidad_simple
 131                | bloque_unidad_multiple

 132  bloque_unidad_multiple : BEGIN bloque_sent_ejecutables ';' END
 133                         | BEGIN END
 134                         | BEGIN bloque_sent_ejecutables END

 135  bloque_unidad_simple : bloque_sentencia_simple

 136  bloque_sent_ejecutables : bloque_sent_ejecutables ';' bloque_sentencia_simple
 137                          | bloque_sentencia_simple
 138                          | bloque_sent_ejecutables bloque_sentencia_simple

 139  bloque_sentencia_simple : sentencia_ejecutable

 140  cadena : CADENAMULTILINEA

 141  sentencia_WHILE : WHILE condicion bloque_unidad
 142                  | WHILE condicion error

 143  sentencia_goto : GOTO ETIQUETA
 144                 | GOTO error

state 0
	$accept : . programa $end  (0)

	BEGIN  shift 1
	ID  shift 2
	.  error

	programa  goto 3
	ID_simple  goto 4


state 1
	programa : BEGIN . sentencias END  (3)

	IF  shift 5
	OUTF  shift 6
	TYPEDEF  shift 7
	RET  shift 8
	ID  shift 2
	WHILE  shift 9
	GOTO  shift 10
	ETIQUETA  shift 11
	INTEGER  shift 12
	DOUBLE  shift 13
	.  error

	ID_simple  goto 14
	sentencias  goto 15
	sentencia  goto 16
	sentencia_declarativa  goto 17
	sentencia_ejecutable  goto 18
	declaracion_variable  goto 19
	declaracion_funciones  goto 20
	declaracion_subtipo  goto 21
	tipo  goto 22
	tipo_primitivo  goto 23
	encabezado_funcion  goto 24
	retorno  goto 25
	asignacion  goto 26
	sentencia_IF  goto 27
	sentencia_WHILE  goto 28
	sentencia_goto  goto 29
	outf_rule  goto 30
	variable_simple  goto 31


state 2
	ID_simple : ID .  (91)

	.  reduce 91


state 3
	$accept : programa . $end  (0)

	$end  accept


state 4
	programa : ID_simple . BEGIN sentencias END  (1)
	programa : ID_simple . BEGIN END  (2)
	programa : ID_simple . BEGIN sentencias  (4)
	programa : ID_simple . sentencias END  (5)
	programa : ID_simple . sentencias  (6)

	IF  shift 5
	BEGIN  shift 32
	OUTF  shift 6
	TYPEDEF  shift 7
	RET  shift 8
	ID  shift 2
	WHILE  shift 9
	GOTO  shift 10
	ETIQUETA  shift 11
	INTEGER  shift 12
	DOUBLE  shift 13
	.  error

	ID_simple  goto 14
	sentencias  goto 33
	sentencia  goto 16
	sentencia_declarativa  goto 17
	sentencia_ejecutable  goto 18
	declaracion_variable  goto 19
	declaracion_funciones  goto 20
	declaracion_subtipo  goto 21
	tipo  goto 22
	tipo_primitivo  goto 23
	encabezado_funcion  goto 24
	retorno  goto 25
	asignacion  goto 26
	sentencia_IF  goto 27
	sentencia_WHILE  goto 28
	sentencia_goto  goto 29
	outf_rule  goto 30
	variable_simple  goto 31


state 5
	sentencia_IF : IF . condicion THEN bloque_unidad ';' bloque_else ';' END_IF  (96)
	sentencia_IF : IF . condicion THEN bloque_unidad ';' END_IF  (97)
	sentencia_IF : IF . condicion THEN bloque_else ';' END_IF  (98)
	sentencia_IF : IF . condicion THEN END_IF  (99)
	sentencia_IF : IF . condicion THEN bloque_unidad ';' ELSE END_IF  (100)
	sentencia_IF : IF . condicion THEN bloque_unidad bloque_else ';' END_IF  (101)
	sentencia_IF : IF . condicion THEN bloque_unidad END_IF  (102)
	sentencia_IF : IF . condicion THEN bloque_unidad ';' bloque_else END_IF  (103)
	sentencia_IF : IF . condicion THEN bloque_unidad bloque_else END_IF  (104)
	sentencia_IF : IF . condicion THEN bloque_unidad ';' error  (105)
	sentencia_IF : IF . condicion THEN bloque_unidad ';' bloque_else ';' error  (106)

	error  shift 34
	CTE  shift 35
	ID  shift 2
	ERROR  shift 36
	'('  shift 37
	'-'  shift 38
	.  error

	ID_simple  goto 39
	CTE_con_sig  goto 40
	expresion_arit  goto 41
	variable_simple  goto 42
	invocacion  goto 43
	termino  goto 44
	factor  goto 45
	condicion  goto 46


state 6
	outf_rule : OUTF . '(' expresion_arit ')'  (56)
	outf_rule : OUTF . '(' ')'  (57)
	outf_rule : OUTF . '(' cadena ')'  (58)
	outf_rule : OUTF . '(' sentencias ')'  (59)

	'('  shift 47
	.  error


state 7
	declaracion_subtipo : TYPEDEF . ID_simple ASIGNACION tipo '{' CTE_con_sig ',' CTE_con_sig '}'  (23)
	declaracion_subtipo : TYPEDEF . ID_simple ASIGNACION tipo CTE_con_sig ',' CTE_con_sig '}'  (24)
	declaracion_subtipo : TYPEDEF . ID_simple ASIGNACION tipo '{' CTE_con_sig ',' CTE_con_sig  (25)
	declaracion_subtipo : TYPEDEF . ID_simple ASIGNACION tipo CTE_con_sig ',' CTE_con_sig  (26)
	declaracion_subtipo : TYPEDEF . TRIPLE '<' tipo '>' ID_simple  (27)
	declaracion_subtipo : TYPEDEF . ID_simple ASIGNACION tipo '{' ',' CTE_con_sig '}'  (28)
	declaracion_subtipo : TYPEDEF . ID_simple ASIGNACION tipo '{' CTE_con_sig '}'  (29)
	declaracion_subtipo : TYPEDEF . ID_simple ASIGNACION tipo '{' CTE_con_sig ',' '}'  (30)
	declaracion_subtipo : TYPEDEF . ID_simple ASIGNACION tipo '{' '}'  (31)
	declaracion_subtipo : TYPEDEF . ASIGNACION tipo '{' CTE_con_sig ',' CTE_con_sig '}'  (32)
	declaracion_subtipo : TYPEDEF . ID_simple ASIGNACION '{' CTE_con_sig ',' CTE_con_sig '}'  (33)
	declaracion_subtipo : TYPEDEF . '<' tipo '>' ID_simple  (34)
	declaracion_subtipo : TYPEDEF . TRIPLE tipo '>' ID_simple  (35)
	declaracion_subtipo : TYPEDEF . TRIPLE '<' tipo ID_simple  (36)
	declaracion_subtipo : TYPEDEF . TRIPLE tipo ID_simple  (37)
	declaracion_subtipo : TYPEDEF . TRIPLE '<' tipo '>' error  (38)

	ID  shift 2
	TRIPLE  shift 48
	ASIGNACION  shift 49
	'<'  shift 50
	.  error

	ID_simple  goto 51


state 8
	retorno : RET . '(' expresion_arit ')'  (48)

	'('  shift 52
	.  error


state 9
	sentencia_WHILE : WHILE . condicion bloque_unidad  (141)
	sentencia_WHILE : WHILE . condicion error  (142)

	error  shift 34
	CTE  shift 35
	ID  shift 2
	ERROR  shift 36
	'('  shift 37
	'-'  shift 38
	.  error

	ID_simple  goto 39
	CTE_con_sig  goto 40
	expresion_arit  goto 41
	variable_simple  goto 42
	invocacion  goto 43
	termino  goto 44
	factor  goto 45
	condicion  goto 53


state 10
	sentencia_goto : GOTO . ETIQUETA  (143)
	sentencia_goto : GOTO . error  (144)

	error  shift 54
	ETIQUETA  shift 55
	.  error


state 11
	sentencia_ejecutable : ETIQUETA .  (53)

	.  reduce 53


state 12
	tipo_primitivo : INTEGER .  (21)

	.  reduce 21


state 13
	tipo_primitivo : DOUBLE .  (22)

	.  reduce 22


state 14
	tipo : ID_simple .  (19)
	variable_simple : ID_simple .  (90)

	FUN  reduce 19
	ID  reduce 19
	ASIGNACION  reduce 90
	'{'  reduce 90


state 15
	programa : BEGIN sentencias . END  (3)
	sentencias : sentencias . sentencia  (7)

	IF  shift 5
	END  shift 56
	OUTF  shift 6
	TYPEDEF  shift 7
	RET  shift 8
	ID  shift 2
	WHILE  shift 9
	GOTO  shift 10
	ETIQUETA  shift 11
	INTEGER  shift 12
	DOUBLE  shift 13
	.  error

	ID_simple  goto 14
	sentencia  goto 57
	sentencia_declarativa  goto 17
	sentencia_ejecutable  goto 18
	declaracion_variable  goto 19
	declaracion_funciones  goto 20
	declaracion_subtipo  goto 21
	tipo  goto 22
	tipo_primitivo  goto 23
	encabezado_funcion  goto 24
	retorno  goto 25
	asignacion  goto 26
	sentencia_IF  goto 27
	sentencia_WHILE  goto 28
	sentencia_goto  goto 29
	outf_rule  goto 30
	variable_simple  goto 31


state 16
	sentencias : sentencia .  (8)

	.  reduce 8


state 17
	sentencia : sentencia_declarativa .  (9)

	.  reduce 9


state 18
	sentencia : sentencia_ejecutable . ';'  (10)
	sentencia : sentencia_ejecutable .  (11)

	';'  shift 58
	$end  reduce 11
	IF  reduce 11
	END  reduce 11
	OUTF  reduce 11
	TYPEDEF  reduce 11
	RET  reduce 11
	ID  reduce 11
	WHILE  reduce 11
	GOTO  reduce 11
	ETIQUETA  reduce 11
	INTEGER  reduce 11
	DOUBLE  reduce 11
	')'  reduce 11


state 19
	sentencia_declarativa : declaracion_variable .  (12)

	.  reduce 12


state 20
	sentencia_declarativa : declaracion_funciones . ';'  (13)
	sentencia_declarativa : declaracion_funciones .  (15)

	';'  shift 59
	$end  reduce 15
	IF  reduce 15
	END  reduce 15
	OUTF  reduce 15
	TYPEDEF  reduce 15
	RET  reduce 15
	ID  reduce 15
	WHILE  reduce 15
	GOTO  reduce 15
	ETIQUETA  reduce 15
	INTEGER  reduce 15
	DOUBLE  reduce 15
	')'  reduce 15


state 21
	sentencia_declarativa : declaracion_subtipo . ';'  (14)
	sentencia_declarativa : declaracion_subtipo .  (16)

	';'  shift 60
	$end  reduce 16
	IF  reduce 16
	END  reduce 16
	OUTF  reduce 16
	TYPEDEF  reduce 16
	RET  reduce 16
	ID  reduce 16
	WHILE  reduce 16
	GOTO  reduce 16
	ETIQUETA  reduce 16
	INTEGER  reduce 16
	DOUBLE  reduce 16
	')'  reduce 16


state 22
	declaracion_variable : tipo . variables ';'  (17)
	declaracion_variable : tipo . variables error  (18)
	encabezado_funcion : tipo . FUN ID  (40)
	encabezado_funcion : tipo . FUN  (41)

	FUN  shift 61
	ID  shift 2
	.  error

	ID_simple  goto 62
	variables  goto 63
	variable_simple  goto 64


state 23
	tipo : tipo_primitivo .  (20)

	.  reduce 20


state 24
	declaracion_funciones : encabezado_funcion . parametros_parentesis BEGIN cuerpo_funcion END  (39)

	'('  shift 65
	.  error

	parametros_parentesis  goto 66


state 25
	sentencia_ejecutable : retorno .  (55)

	.  reduce 55


state 26
	sentencia_ejecutable : asignacion .  (49)

	.  reduce 49


state 27
	sentencia_ejecutable : sentencia_IF .  (50)

	.  reduce 50


state 28
	sentencia_ejecutable : sentencia_WHILE .  (51)

	.  reduce 51


state 29
	sentencia_ejecutable : sentencia_goto .  (52)

	.  reduce 52


state 30
	sentencia_ejecutable : outf_rule .  (54)

	.  reduce 54


state 31
	asignacion : variable_simple . ASIGNACION expresion_arit  (60)
	asignacion : variable_simple . '{' CTE '}' ASIGNACION expresion_arit  (61)

	ASIGNACION  shift 67
	'{'  shift 68
	.  error


state 32
	programa : ID_simple BEGIN . sentencias END  (1)
	programa : ID_simple BEGIN . END  (2)
	programa : ID_simple BEGIN . sentencias  (4)

	IF  shift 5
	END  shift 69
	OUTF  shift 6
	TYPEDEF  shift 7
	RET  shift 8
	ID  shift 2
	WHILE  shift 9
	GOTO  shift 10
	ETIQUETA  shift 11
	INTEGER  shift 12
	DOUBLE  shift 13
	.  error

	ID_simple  goto 14
	sentencias  goto 70
	sentencia  goto 16
	sentencia_declarativa  goto 17
	sentencia_ejecutable  goto 18
	declaracion_variable  goto 19
	declaracion_funciones  goto 20
	declaracion_subtipo  goto 21
	tipo  goto 22
	tipo_primitivo  goto 23
	encabezado_funcion  goto 24
	retorno  goto 25
	asignacion  goto 26
	sentencia_IF  goto 27
	sentencia_WHILE  goto 28
	sentencia_goto  goto 29
	outf_rule  goto 30
	variable_simple  goto 31


state 33
	programa : ID_simple sentencias . END  (5)
	programa : ID_simple sentencias .  (6)
	sentencias : sentencias . sentencia  (7)

	IF  shift 5
	END  shift 71
	OUTF  shift 6
	TYPEDEF  shift 7
	RET  shift 8
	ID  shift 2
	WHILE  shift 9
	GOTO  shift 10
	ETIQUETA  shift 11
	INTEGER  shift 12
	DOUBLE  shift 13
	$end  reduce 6

	ID_simple  goto 14
	sentencia  goto 57
	sentencia_declarativa  goto 17
	sentencia_ejecutable  goto 18
	declaracion_variable  goto 19
	declaracion_funciones  goto 20
	declaracion_subtipo  goto 21
	tipo  goto 22
	tipo_primitivo  goto 23
	encabezado_funcion  goto 24
	retorno  goto 25
	asignacion  goto 26
	sentencia_IF  goto 27
	sentencia_WHILE  goto 28
	sentencia_goto  goto 29
	outf_rule  goto 30
	variable_simple  goto 31


state 34
	expresion_arit : error . '+' error  (71)
	expresion_arit : error . '-' error  (72)
	expresion_arit : error . termino  (75)
	termino : error . '*' error  (79)
	termino : error . '/' error  (80)

	error  shift 72
	CTE  shift 35
	ID  shift 2
	ERROR  shift 36
	'+'  shift 73
	'-'  shift 74
	'*'  shift 75
	'/'  shift 76
	.  error

	ID_simple  goto 39
	CTE_con_sig  goto 40
	variable_simple  goto 42
	invocacion  goto 43
	termino  goto 77
	factor  goto 45


state 35
	CTE_con_sig : CTE .  (92)

	.  reduce 92


state 36
	CTE_con_sig : ERROR .  (94)

	.  reduce 94


state 37
	condicion : '(' . '(' list_expre ')' comparador '(' list_expre ')' ')'  (107)
	condicion : '(' . list_expre ')' comparador '(' list_expre ')' ')'  (108)
	condicion : '(' . '(' list_expre ')' comparador '(' list_expre ')'  (109)
	condicion : '(' . list_expre ')' comparador '(' list_expre ')'  (110)
	condicion : '(' . expresion_arit comparador expresion_arit ')'  (111)
	condicion : '(' . expresion_arit comparador expresion_arit  (113)
	condicion : '(' . '(' list_expre ')' '(' list_expre ')' ')'  (115)
	condicion : '(' . error ')'  (116)
	condicion : '(' . '(' list_expre comparador '(' list_expre ')' ')'  (117)
	condicion : '(' . '(' list_expre ')' comparador list_expre ')' ')'  (118)

	error  shift 78
	CTE  shift 35
	ID  shift 2
	ERROR  shift 36
	'('  shift 79
	'-'  shift 38
	.  error

	ID_simple  goto 39
	CTE_con_sig  goto 40
	expresion_arit  goto 80
	variable_simple  goto 42
	invocacion  goto 43
	list_expre  goto 81
	termino  goto 44
	factor  goto 45


state 38
	CTE_con_sig : '-' . CTE  (93)
	CTE_con_sig : '-' . ERROR  (95)

	CTE  shift 82
	ERROR  shift 83
	.  error


state 39
	invocacion : ID_simple . '(' expresion_arit ')'  (62)
	invocacion : ID_simple . '(' tipo_primitivo '(' expresion_arit ')' ')'  (63)
	invocacion : ID_simple . '(' ')'  (64)
	invocacion : ID_simple . '(' error ')'  (65)
	variable_simple : ID_simple .  (90)

	'('  shift 84
	$end  reduce 90
	error  reduce 90
	IF  reduce 90
	THEN  reduce 90
	ELSE  reduce 90
	BEGIN  reduce 90
	END  reduce 90
	END_IF  reduce 90
	OUTF  reduce 90
	TYPEDEF  reduce 90
	RET  reduce 90
	ID  reduce 90
	WHILE  reduce 90
	GOTO  reduce 90
	ETIQUETA  reduce 90
	MAYORIGUAL  reduce 90
	MENORIGUAL  reduce 90
	DISTINTO  reduce 90
	INTEGER  reduce 90
	DOUBLE  reduce 90
	';'  reduce 90
	'{'  reduce 90
	','  reduce 90
	'<'  reduce 90
	'>'  reduce 90
	')'  reduce 90
	'+'  reduce 90
	'-'  reduce 90
	'*'  reduce 90
	'/'  reduce 90
	'='  reduce 90


state 40
	factor : CTE_con_sig .  (84)

	.  reduce 84


state 41
	expresion_arit : expresion_arit . '+' termino  (68)
	expresion_arit : expresion_arit . '-' termino  (69)
	expresion_arit : expresion_arit . '+' error  (73)
	expresion_arit : expresion_arit . '-' error  (74)
	condicion : expresion_arit . comparador expresion_arit ')'  (112)
	condicion : expresion_arit . comparador expresion_arit  (114)

	MAYORIGUAL  shift 85
	MENORIGUAL  shift 86
	DISTINTO  shift 87
	'<'  shift 88
	'>'  shift 89
	'+'  shift 90
	'-'  shift 91
	'='  shift 92
	.  error

	comparador  goto 93


state 42
	factor : variable_simple .  (83)
	factor : variable_simple . '{' CTE '}'  (86)

	'{'  shift 94
	$end  reduce 83
	error  reduce 83
	IF  reduce 83
	THEN  reduce 83
	ELSE  reduce 83
	BEGIN  reduce 83
	END  reduce 83
	END_IF  reduce 83
	OUTF  reduce 83
	TYPEDEF  reduce 83
	RET  reduce 83
	ID  reduce 83
	WHILE  reduce 83
	GOTO  reduce 83
	ETIQUETA  reduce 83
	MAYORIGUAL  reduce 83
	MENORIGUAL  reduce 83
	DISTINTO  reduce 83
	INTEGER  reduce 83
	DOUBLE  reduce 83
	';'  reduce 83
	','  reduce 83
	'<'  reduce 83
	'>'  reduce 83
	')'  reduce 83
	'+'  reduce 83
	'-'  reduce 83
	'*'  reduce 83
	'/'  reduce 83
	'='  reduce 83


state 43
	factor : invocacion .  (85)

	.  reduce 85


state 44
	expresion_arit : termino .  (70)
	termino : termino . '*' factor  (76)
	termino : termino . '/' factor  (77)
	termino : termino . '*' error  (81)
	termino : termino . '/' error  (82)

	'*'  shift 95
	'/'  shift 96
	$end  reduce 70
	error  reduce 70
	IF  reduce 70
	THEN  reduce 70
	ELSE  reduce 70
	BEGIN  reduce 70
	END  reduce 70
	END_IF  reduce 70
	OUTF  reduce 70
	TYPEDEF  reduce 70
	RET  reduce 70
	ID  reduce 70
	WHILE  reduce 70
	GOTO  reduce 70
	ETIQUETA  reduce 70
	MAYORIGUAL  reduce 70
	MENORIGUAL  reduce 70
	DISTINTO  reduce 70
	INTEGER  reduce 70
	DOUBLE  reduce 70
	';'  reduce 70
	','  reduce 70
	'<'  reduce 70
	'>'  reduce 70
	')'  reduce 70
	'+'  reduce 70
	'-'  reduce 70
	'='  reduce 70


state 45
	termino : factor .  (78)

	.  reduce 78


state 46
	sentencia_IF : IF condicion . THEN bloque_unidad ';' bloque_else ';' END_IF  (96)
	sentencia_IF : IF condicion . THEN bloque_unidad ';' END_IF  (97)
	sentencia_IF : IF condicion . THEN bloque_else ';' END_IF  (98)
	sentencia_IF : IF condicion . THEN END_IF  (99)
	sentencia_IF : IF condicion . THEN bloque_unidad ';' ELSE END_IF  (100)
	sentencia_IF : IF condicion . THEN bloque_unidad bloque_else ';' END_IF  (101)
	sentencia_IF : IF condicion . THEN bloque_unidad END_IF  (102)
	sentencia_IF : IF condicion . THEN bloque_unidad ';' bloque_else END_IF  (103)
	sentencia_IF : IF condicion . THEN bloque_unidad bloque_else END_IF  (104)
	sentencia_IF : IF condicion . THEN bloque_unidad ';' error  (105)
	sentencia_IF : IF condicion . THEN bloque_unidad ';' bloque_else ';' error  (106)

	THEN  shift 97
	.  error


state 47
	outf_rule : OUTF '(' . expresion_arit ')'  (56)
	outf_rule : OUTF '(' . ')'  (57)
	outf_rule : OUTF '(' . cadena ')'  (58)
	outf_rule : OUTF '(' . sentencias ')'  (59)

	error  shift 34
	IF  shift 5
	OUTF  shift 6
	TYPEDEF  shift 7
	RET  shift 8
	CTE  shift 35
	ID  shift 2
	CADENAMULTILINEA  shift 98
	WHILE  shift 9
	GOTO  shift 10
	ETIQUETA  shift 11
	INTEGER  shift 12
	DOUBLE  shift 13
	ERROR  shift 36
	')'  shift 99
	'-'  shift 38
	.  error

	ID_simple  goto 100
	sentencias  goto 101
	sentencia  goto 16
	sentencia_declarativa  goto 17
	sentencia_ejecutable  goto 18
	declaracion_variable  goto 19
	declaracion_funciones  goto 20
	declaracion_subtipo  goto 21
	tipo  goto 22
	tipo_primitivo  goto 23
	CTE_con_sig  goto 40
	encabezado_funcion  goto 24
	retorno  goto 25
	expresion_arit  goto 102
	asignacion  goto 26
	sentencia_IF  goto 27
	sentencia_WHILE  goto 28
	sentencia_goto  goto 29
	outf_rule  goto 30
	cadena  goto 103
	variable_simple  goto 104
	invocacion  goto 43
	termino  goto 44
	factor  goto 45


state 48
	declaracion_subtipo : TYPEDEF TRIPLE . '<' tipo '>' ID_simple  (27)
	declaracion_subtipo : TYPEDEF TRIPLE . tipo '>' ID_simple  (35)
	declaracion_subtipo : TYPEDEF TRIPLE . '<' tipo ID_simple  (36)
	declaracion_subtipo : TYPEDEF TRIPLE . tipo ID_simple  (37)
	declaracion_subtipo : TYPEDEF TRIPLE . '<' tipo '>' error  (38)

	ID  shift 2
	INTEGER  shift 12
	DOUBLE  shift 13
	'<'  shift 105
	.  error

	ID_simple  goto 106
	tipo  goto 107
	tipo_primitivo  goto 23


state 49
	declaracion_subtipo : TYPEDEF ASIGNACION . tipo '{' CTE_con_sig ',' CTE_con_sig '}'  (32)

	ID  shift 2
	INTEGER  shift 12
	DOUBLE  shift 13
	.  error

	ID_simple  goto 106
	tipo  goto 108
	tipo_primitivo  goto 23


state 50
	declaracion_subtipo : TYPEDEF '<' . tipo '>' ID_simple  (34)

	ID  shift 2
	INTEGER  shift 12
	DOUBLE  shift 13
	.  error

	ID_simple  goto 106
	tipo  goto 109
	tipo_primitivo  goto 23


state 51
	declaracion_subtipo : TYPEDEF ID_simple . ASIGNACION tipo '{' CTE_con_sig ',' CTE_con_sig '}'  (23)
	declaracion_subtipo : TYPEDEF ID_simple . ASIGNACION tipo CTE_con_sig ',' CTE_con_sig '}'  (24)
	declaracion_subtipo : TYPEDEF ID_simple . ASIGNACION tipo '{' CTE_con_sig ',' CTE_con_sig  (25)
	declaracion_subtipo : TYPEDEF ID_simple . ASIGNACION tipo CTE_con_sig ',' CTE_con_sig  (26)
	declaracion_subtipo : TYPEDEF ID_simple . ASIGNACION tipo '{' ',' CTE_con_sig '}'  (28)
	declaracion_subtipo : TYPEDEF ID_simple . ASIGNACION tipo '{' CTE_con_sig '}'  (29)
	declaracion_subtipo : TYPEDEF ID_simple . ASIGNACION tipo '{' CTE_con_sig ',' '}'  (30)
	declaracion_subtipo : TYPEDEF ID_simple . ASIGNACION tipo '{' '}'  (31)
	declaracion_subtipo : TYPEDEF ID_simple . ASIGNACION '{' CTE_con_sig ',' CTE_con_sig '}'  (33)

	ASIGNACION  shift 110
	.  error


state 52
	retorno : RET '(' . expresion_arit ')'  (48)

	error  shift 34
	CTE  shift 35
	ID  shift 2
	ERROR  shift 36
	'-'  shift 38
	.  error

	ID_simple  goto 39
	CTE_con_sig  goto 40
	expresion_arit  goto 111
	variable_simple  goto 42
	invocacion  goto 43
	termino  goto 44
	factor  goto 45


state 53
	sentencia_WHILE : WHILE condicion . bloque_unidad  (141)
	sentencia_WHILE : WHILE condicion . error  (142)

	error  shift 112
	IF  shift 5
	BEGIN  shift 113
	OUTF  shift 6
	RET  shift 8
	ID  shift 2
	WHILE  shift 9
	GOTO  shift 10
	ETIQUETA  shift 11
	.  error

	ID_simple  goto 62
	sentencia_ejecutable  goto 114
	retorno  goto 25
	asignacion  goto 26
	sentencia_IF  goto 27
	sentencia_WHILE  goto 28
	sentencia_goto  goto 29
	outf_rule  goto 30
	variable_simple  goto 31
	bloque_unidad  goto 115
	bloque_sentencia_simple  goto 116
	bloque_unidad_simple  goto 117
	bloque_unidad_multiple  goto 118


state 54
	sentencia_goto : GOTO error .  (144)

	.  reduce 144


state 55
	sentencia_goto : GOTO ETIQUETA .  (143)

	.  reduce 143


state 56
	programa : BEGIN sentencias END .  (3)

	.  reduce 3


state 57
	sentencias : sentencias sentencia .  (7)

	.  reduce 7


state 58
	sentencia : sentencia_ejecutable ';' .  (10)

	.  reduce 10


state 59
	sentencia_declarativa : declaracion_funciones ';' .  (13)

	.  reduce 13


state 60
	sentencia_declarativa : declaracion_subtipo ';' .  (14)

	.  reduce 14


state 61
	encabezado_funcion : tipo FUN . ID  (40)
	encabezado_funcion : tipo FUN .  (41)

	ID  shift 119
	'('  reduce 41


state 62
	variable_simple : ID_simple .  (90)

	.  reduce 90


state 63
	declaracion_variable : tipo variables . ';'  (17)
	declaracion_variable : tipo variables . error  (18)
	variables : variables . ',' variable_simple  (87)
	variables : variables . variable_simple  (88)

	error  shift 120
	ID  shift 2
	';'  shift 121
	','  shift 122
	.  error

	ID_simple  goto 62
	variable_simple  goto 123


state 64
	variables : variable_simple .  (89)

	.  reduce 89


state 65
	parametros_parentesis : '(' . tipo_primitivo ID_simple ')'  (42)
	parametros_parentesis : '(' . tipo_primitivo ')'  (43)
	parametros_parentesis : '(' . ID_simple ')'  (44)
	parametros_parentesis : '(' . ')'  (45)
	parametros_parentesis : '(' . error ')'  (46)

	error  shift 124
	ID  shift 2
	INTEGER  shift 12
	DOUBLE  shift 13
	')'  shift 125
	.  error

	ID_simple  goto 126
	tipo_primitivo  goto 127


state 66
	declaracion_funciones : encabezado_funcion parametros_parentesis . BEGIN cuerpo_funcion END  (39)

	BEGIN  shift 128
	.  error


state 67
	asignacion : variable_simple ASIGNACION . expresion_arit  (60)

	error  shift 34
	CTE  shift 35
	ID  shift 2
	ERROR  shift 36
	'-'  shift 38
	.  error

	ID_simple  goto 39
	CTE_con_sig  goto 40
	expresion_arit  goto 129
	variable_simple  goto 42
	invocacion  goto 43
	termino  goto 44
	factor  goto 45


state 68
	asignacion : variable_simple '{' . CTE '}' ASIGNACION expresion_arit  (61)

	CTE  shift 130
	.  error


state 69
	programa : ID_simple BEGIN END .  (2)

	.  reduce 2


state 70
	programa : ID_simple BEGIN sentencias . END  (1)
	programa : ID_simple BEGIN sentencias .  (4)
	sentencias : sentencias . sentencia  (7)

	IF  shift 5
	END  shift 131
	OUTF  shift 6
	TYPEDEF  shift 7
	RET  shift 8
	ID  shift 2
	WHILE  shift 9
	GOTO  shift 10
	ETIQUETA  shift 11
	INTEGER  shift 12
	DOUBLE  shift 13
	$end  reduce 4

	ID_simple  goto 14
	sentencia  goto 57
	sentencia_declarativa  goto 17
	sentencia_ejecutable  goto 18
	declaracion_variable  goto 19
	declaracion_funciones  goto 20
	declaracion_subtipo  goto 21
	tipo  goto 22
	tipo_primitivo  goto 23
	encabezado_funcion  goto 24
	retorno  goto 25
	asignacion  goto 26
	sentencia_IF  goto 27
	sentencia_WHILE  goto 28
	sentencia_goto  goto 29
	outf_rule  goto 30
	variable_simple  goto 31


state 71
	programa : ID_simple sentencias END .  (5)

	.  reduce 5


state 72
	termino : error . '*' error  (79)
	termino : error . '/' error  (80)

	'*'  shift 75
	'/'  shift 76
	.  error


state 73
	expresion_arit : error '+' . error  (71)

	error  shift 132
	.  error


state 74
	expresion_arit : error '-' . error  (72)
	CTE_con_sig : '-' . CTE  (93)
	CTE_con_sig : '-' . ERROR  (95)

	error  shift 133
	CTE  shift 82
	ERROR  shift 83
	.  error


state 75
	termino : error '*' . error  (79)

	error  shift 134
	.  error


state 76
	termino : error '/' . error  (80)

	error  shift 135
	.  error


state 77
	expresion_arit : error termino .  (75)
	termino : termino . '*' factor  (76)
	termino : termino . '/' factor  (77)
	termino : termino . '*' error  (81)
	termino : termino . '/' error  (82)

	'*'  shift 95
	'/'  shift 96
	$end  reduce 75
	error  reduce 75
	IF  reduce 75
	THEN  reduce 75
	ELSE  reduce 75
	BEGIN  reduce 75
	END  reduce 75
	END_IF  reduce 75
	OUTF  reduce 75
	TYPEDEF  reduce 75
	RET  reduce 75
	ID  reduce 75
	WHILE  reduce 75
	GOTO  reduce 75
	ETIQUETA  reduce 75
	MAYORIGUAL  reduce 75
	MENORIGUAL  reduce 75
	DISTINTO  reduce 75
	INTEGER  reduce 75
	DOUBLE  reduce 75
	';'  reduce 75
	','  reduce 75
	'<'  reduce 75
	'>'  reduce 75
	')'  reduce 75
	'+'  reduce 75
	'-'  reduce 75
	'='  reduce 75


state 78
	expresion_arit : error . '+' error  (71)
	expresion_arit : error . '-' error  (72)
	expresion_arit : error . termino  (75)
	termino : error . '*' error  (79)
	termino : error . '/' error  (80)
	condicion : '(' error . ')'  (116)

	error  shift 72
	CTE  shift 35
	ID  shift 2
	ERROR  shift 36
	')'  shift 136
	'+'  shift 73
	'-'  shift 74
	'*'  shift 75
	'/'  shift 76
	.  error

	ID_simple  goto 39
	CTE_con_sig  goto 40
	variable_simple  goto 42
	invocacion  goto 43
	termino  goto 77
	factor  goto 45


state 79
	condicion : '(' '(' . list_expre ')' comparador '(' list_expre ')' ')'  (107)
	condicion : '(' '(' . list_expre ')' comparador '(' list_expre ')'  (109)
	condicion : '(' '(' . list_expre ')' '(' list_expre ')' ')'  (115)
	condicion : '(' '(' . list_expre comparador '(' list_expre ')' ')'  (117)
	condicion : '(' '(' . list_expre ')' comparador list_expre ')' ')'  (118)

	error  shift 34
	CTE  shift 35
	ID  shift 2
	ERROR  shift 36
	'-'  shift 38
	.  error

	ID_simple  goto 39
	CTE_con_sig  goto 40
	expresion_arit  goto 137
	variable_simple  goto 42
	invocacion  goto 43
	list_expre  goto 138
	termino  goto 44
	factor  goto 45


state 80
	list_expre : expresion_arit .  (67)
	expresion_arit : expresion_arit . '+' termino  (68)
	expresion_arit : expresion_arit . '-' termino  (69)
	expresion_arit : expresion_arit . '+' error  (73)
	expresion_arit : expresion_arit . '-' error  (74)
	condicion : '(' expresion_arit . comparador expresion_arit ')'  (111)
	condicion : '(' expresion_arit . comparador expresion_arit  (113)

	MAYORIGUAL  shift 85
	MENORIGUAL  shift 86
	DISTINTO  shift 87
	'<'  shift 88
	'>'  shift 89
	'+'  shift 90
	'-'  shift 91
	'='  shift 92
	','  reduce 67
	')'  reduce 67

	comparador  goto 139


state 81
	list_expre : list_expre . ',' expresion_arit  (66)
	condicion : '(' list_expre . ')' comparador '(' list_expre ')' ')'  (108)
	condicion : '(' list_expre . ')' comparador '(' list_expre ')'  (110)

	','  shift 140
	')'  shift 141
	.  error


state 82
	CTE_con_sig : '-' CTE .  (93)

	.  reduce 93


state 83
	CTE_con_sig : '-' ERROR .  (95)

	.  reduce 95


state 84
	invocacion : ID_simple '(' . expresion_arit ')'  (62)
	invocacion : ID_simple '(' . tipo_primitivo '(' expresion_arit ')' ')'  (63)
	invocacion : ID_simple '(' . ')'  (64)
	invocacion : ID_simple '(' . error ')'  (65)

	error  shift 142
	CTE  shift 35
	ID  shift 2
	INTEGER  shift 12
	DOUBLE  shift 13
	ERROR  shift 36
	')'  shift 143
	'-'  shift 38
	.  error

	ID_simple  goto 39
	tipo_primitivo  goto 144
	CTE_con_sig  goto 40
	expresion_arit  goto 145
	variable_simple  goto 42
	invocacion  goto 43
	termino  goto 44
	factor  goto 45


state 85
	comparador : MAYORIGUAL .  (120)

	.  reduce 120


state 86
	comparador : MENORIGUAL .  (122)

	.  reduce 122


state 87
	comparador : DISTINTO .  (124)

	.  reduce 124


state 88
	comparador : '<' .  (121)

	.  reduce 121


state 89
	comparador : '>' .  (119)

	.  reduce 119


state 90
	expresion_arit : expresion_arit '+' . termino  (68)
	expresion_arit : expresion_arit '+' . error  (73)

	error  shift 146
	CTE  shift 35
	ID  shift 2
	ERROR  shift 36
	'-'  shift 38
	.  error

	ID_simple  goto 39
	CTE_con_sig  goto 40
	variable_simple  goto 42
	invocacion  goto 43
	termino  goto 147
	factor  goto 45


state 91
	expresion_arit : expresion_arit '-' . termino  (69)
	expresion_arit : expresion_arit '-' . error  (74)

	error  shift 148
	CTE  shift 35
	ID  shift 2
	ERROR  shift 36
	'-'  shift 38
	.  error

	ID_simple  goto 39
	CTE_con_sig  goto 40
	variable_simple  goto 42
	invocacion  goto 43
	termino  goto 149
	factor  goto 45


state 92
	comparador : '=' .  (123)

	.  reduce 123


state 93
	condicion : expresion_arit comparador . expresion_arit ')'  (112)
	condicion : expresion_arit comparador . expresion_arit  (114)

	error  shift 34
	CTE  shift 35
	ID  shift 2
	ERROR  shift 36
	'-'  shift 38
	.  error

	ID_simple  goto 39
	CTE_con_sig  goto 40
	expresion_arit  goto 150
	variable_simple  goto 42
	invocacion  goto 43
	termino  goto 44
	factor  goto 45


state 94
	factor : variable_simple '{' . CTE '}'  (86)

	CTE  shift 151
	.  error


state 95
	termino : termino '*' . factor  (76)
	termino : termino '*' . error  (81)

	error  shift 152
	CTE  shift 35
	ID  shift 2
	ERROR  shift 36
	'-'  shift 38
	.  error

	ID_simple  goto 39
	CTE_con_sig  goto 40
	variable_simple  goto 42
	invocacion  goto 43
	factor  goto 153


state 96
	termino : termino '/' . factor  (77)
	termino : termino '/' . error  (82)

	error  shift 154
	CTE  shift 35
	ID  shift 2
	ERROR  shift 36
	'-'  shift 38
	.  error

	ID_simple  goto 39
	CTE_con_sig  goto 40
	variable_simple  goto 42
	invocacion  goto 43
	factor  goto 155


state 97
	sentencia_IF : IF condicion THEN . bloque_unidad ';' bloque_else ';' END_IF  (96)
	sentencia_IF : IF condicion THEN . bloque_unidad ';' END_IF  (97)
	sentencia_IF : IF condicion THEN . bloque_else ';' END_IF  (98)
	sentencia_IF : IF condicion THEN . END_IF  (99)
	sentencia_IF : IF condicion THEN . bloque_unidad ';' ELSE END_IF  (100)
	sentencia_IF : IF condicion THEN . bloque_unidad bloque_else ';' END_IF  (101)
	sentencia_IF : IF condicion THEN . bloque_unidad END_IF  (102)
	sentencia_IF : IF condicion THEN . bloque_unidad ';' bloque_else END_IF  (103)
	sentencia_IF : IF condicion THEN . bloque_unidad bloque_else END_IF  (104)
	sentencia_IF : IF condicion THEN . bloque_unidad ';' error  (105)
	sentencia_IF : IF condicion THEN . bloque_unidad ';' bloque_else ';' error  (106)

	IF  shift 5
	ELSE  shift 156
	BEGIN  shift 113
	END_IF  shift 157
	OUTF  shift 6
	RET  shift 8
	ID  shift 2
	WHILE  shift 9
	GOTO  shift 10
	ETIQUETA  shift 11
	.  error

	ID_simple  goto 62
	sentencia_ejecutable  goto 114
	retorno  goto 25
	asignacion  goto 26
	sentencia_IF  goto 27
	sentencia_WHILE  goto 28
	sentencia_goto  goto 29
	outf_rule  goto 30
	variable_simple  goto 31
	bloque_unidad  goto 158
	bloque_else  goto 159
	bloque_else_simple  goto 160
	bloque_else_multiple  goto 161
	bloque_sentencia_simple  goto 116
	bloque_unidad_simple  goto 117
	bloque_unidad_multiple  goto 118


state 98
	cadena : CADENAMULTILINEA .  (140)

	.  reduce 140


state 99
	outf_rule : OUTF '(' ')' .  (57)

	.  reduce 57


state 100
	tipo : ID_simple .  (19)
	invocacion : ID_simple . '(' expresion_arit ')'  (62)
	invocacion : ID_simple . '(' tipo_primitivo '(' expresion_arit ')' ')'  (63)
	invocacion : ID_simple . '(' ')'  (64)
	invocacion : ID_simple . '(' error ')'  (65)
	variable_simple : ID_simple .  (90)

	'('  shift 84
	FUN  reduce 19
	ID  reduce 19
	ASIGNACION  reduce 90
	'{'  reduce 90
	')'  reduce 90
	'+'  reduce 90
	'-'  reduce 90
	'*'  reduce 90
	'/'  reduce 90


state 101
	sentencias : sentencias . sentencia  (7)
	outf_rule : OUTF '(' sentencias . ')'  (59)

	IF  shift 5
	OUTF  shift 6
	TYPEDEF  shift 7
	RET  shift 8
	ID  shift 2
	WHILE  shift 9
	GOTO  shift 10
	ETIQUETA  shift 11
	INTEGER  shift 12
	DOUBLE  shift 13
	')'  shift 162
	.  error

	ID_simple  goto 14
	sentencia  goto 57
	sentencia_declarativa  goto 17
	sentencia_ejecutable  goto 18
	declaracion_variable  goto 19
	declaracion_funciones  goto 20
	declaracion_subtipo  goto 21
	tipo  goto 22
	tipo_primitivo  goto 23
	encabezado_funcion  goto 24
	retorno  goto 25
	asignacion  goto 26
	sentencia_IF  goto 27
	sentencia_WHILE  goto 28
	sentencia_goto  goto 29
	outf_rule  goto 30
	variable_simple  goto 31


state 102
	outf_rule : OUTF '(' expresion_arit . ')'  (56)
	expresion_arit : expresion_arit . '+' termino  (68)
	expresion_arit : expresion_arit . '-' termino  (69)
	expresion_arit : expresion_arit . '+' error  (73)
	expresion_arit : expresion_arit . '-' error  (74)

	')'  shift 163
	'+'  shift 90
	'-'  shift 91
	.  error


state 103
	outf_rule : OUTF '(' cadena . ')'  (58)

	')'  shift 164
	.  error


state 104
	asignacion : variable_simple . ASIGNACION expresion_arit  (60)
	asignacion : variable_simple . '{' CTE '}' ASIGNACION expresion_arit  (61)
	factor : variable_simple .  (83)
	factor : variable_simple . '{' CTE '}'  (86)

	ASIGNACION  shift 67
	'{'  shift 165
	')'  reduce 83
	'+'  reduce 83
	'-'  reduce 83
	'*'  reduce 83
	'/'  reduce 83


state 105
	declaracion_subtipo : TYPEDEF TRIPLE '<' . tipo '>' ID_simple  (27)
	declaracion_subtipo : TYPEDEF TRIPLE '<' . tipo ID_simple  (36)
	declaracion_subtipo : TYPEDEF TRIPLE '<' . tipo '>' error  (38)

	ID  shift 2
	INTEGER  shift 12
	DOUBLE  shift 13
	.  error

	ID_simple  goto 106
	tipo  goto 166
	tipo_primitivo  goto 23


state 106
	tipo : ID_simple .  (19)

	.  reduce 19


state 107
	declaracion_subtipo : TYPEDEF TRIPLE tipo . '>' ID_simple  (35)
	declaracion_subtipo : TYPEDEF TRIPLE tipo . ID_simple  (37)

	ID  shift 2
	'>'  shift 167
	.  error

	ID_simple  goto 168


state 108
	declaracion_subtipo : TYPEDEF ASIGNACION tipo . '{' CTE_con_sig ',' CTE_con_sig '}'  (32)

	'{'  shift 169
	.  error


state 109
	declaracion_subtipo : TYPEDEF '<' tipo . '>' ID_simple  (34)

	'>'  shift 170
	.  error


state 110
	declaracion_subtipo : TYPEDEF ID_simple ASIGNACION . tipo '{' CTE_con_sig ',' CTE_con_sig '}'  (23)
	declaracion_subtipo : TYPEDEF ID_simple ASIGNACION . tipo CTE_con_sig ',' CTE_con_sig '}'  (24)
	declaracion_subtipo : TYPEDEF ID_simple ASIGNACION . tipo '{' CTE_con_sig ',' CTE_con_sig  (25)
	declaracion_subtipo : TYPEDEF ID_simple ASIGNACION . tipo CTE_con_sig ',' CTE_con_sig  (26)
	declaracion_subtipo : TYPEDEF ID_simple ASIGNACION . tipo '{' ',' CTE_con_sig '}'  (28)
	declaracion_subtipo : TYPEDEF ID_simple ASIGNACION . tipo '{' CTE_con_sig '}'  (29)
	declaracion_subtipo : TYPEDEF ID_simple ASIGNACION . tipo '{' CTE_con_sig ',' '}'  (30)
	declaracion_subtipo : TYPEDEF ID_simple ASIGNACION . tipo '{' '}'  (31)
	declaracion_subtipo : TYPEDEF ID_simple ASIGNACION . '{' CTE_con_sig ',' CTE_con_sig '}'  (33)

	ID  shift 2
	INTEGER  shift 12
	DOUBLE  shift 13
	'{'  shift 171
	.  error

	ID_simple  goto 106
	tipo  goto 172
	tipo_primitivo  goto 23


state 111
	retorno : RET '(' expresion_arit . ')'  (48)
	expresion_arit : expresion_arit . '+' termino  (68)
	expresion_arit : expresion_arit . '-' termino  (69)
	expresion_arit : expresion_arit . '+' error  (73)
	expresion_arit : expresion_arit . '-' error  (74)

	')'  shift 173
	'+'  shift 90
	'-'  shift 91
	.  error


state 112
	sentencia_WHILE : WHILE condicion error .  (142)

	.  reduce 142


state 113
	bloque_unidad_multiple : BEGIN . bloque_sent_ejecutables ';' END  (132)
	bloque_unidad_multiple : BEGIN . END  (133)
	bloque_unidad_multiple : BEGIN . bloque_sent_ejecutables END  (134)

	IF  shift 5
	END  shift 174
	OUTF  shift 6
	RET  shift 8
	ID  shift 2
	WHILE  shift 9
	GOTO  shift 10
	ETIQUETA  shift 11
	.  error

	ID_simple  goto 62
	sentencia_ejecutable  goto 114
	retorno  goto 25
	asignacion  goto 26
	sentencia_IF  goto 27
	sentencia_WHILE  goto 28
	sentencia_goto  goto 29
	outf_rule  goto 30
	variable_simple  goto 31
	bloque_sent_ejecutables  goto 175
	bloque_sentencia_simple  goto 176


state 114
	bloque_sentencia_simple : sentencia_ejecutable .  (139)

	.  reduce 139


state 115
	sentencia_WHILE : WHILE condicion bloque_unidad .  (141)

	.  reduce 141


state 116
	bloque_unidad_simple : bloque_sentencia_simple .  (135)

	.  reduce 135


state 117
	bloque_unidad : bloque_unidad_simple .  (130)

	.  reduce 130


state 118
	bloque_unidad : bloque_unidad_multiple .  (131)

	.  reduce 131


state 119
	encabezado_funcion : tipo FUN ID .  (40)

	.  reduce 40


state 120
	declaracion_variable : tipo variables error .  (18)

	.  reduce 18


state 121
	declaracion_variable : tipo variables ';' .  (17)

	.  reduce 17


state 122
	variables : variables ',' . variable_simple  (87)

	ID  shift 2
	.  error

	ID_simple  goto 62
	variable_simple  goto 177


state 123
	variables : variables variable_simple .  (88)

	.  reduce 88


state 124
	parametros_parentesis : '(' error . ')'  (46)

	')'  shift 178
	.  error


state 125
	parametros_parentesis : '(' ')' .  (45)

	.  reduce 45


state 126
	parametros_parentesis : '(' ID_simple . ')'  (44)

	')'  shift 179
	.  error


state 127
	parametros_parentesis : '(' tipo_primitivo . ID_simple ')'  (42)
	parametros_parentesis : '(' tipo_primitivo . ')'  (43)

	ID  shift 2
	')'  shift 180
	.  error

	ID_simple  goto 181


state 128
	declaracion_funciones : encabezado_funcion parametros_parentesis BEGIN . cuerpo_funcion END  (39)

	IF  shift 5
	OUTF  shift 6
	TYPEDEF  shift 7
	RET  shift 8
	ID  shift 2
	WHILE  shift 9
	GOTO  shift 10
	ETIQUETA  shift 11
	INTEGER  shift 12
	DOUBLE  shift 13
	.  error

	ID_simple  goto 14
	sentencias  goto 182
	sentencia  goto 16
	sentencia_declarativa  goto 17
	sentencia_ejecutable  goto 18
	declaracion_variable  goto 19
	declaracion_funciones  goto 20
	declaracion_subtipo  goto 21
	tipo  goto 22
	tipo_primitivo  goto 23
	encabezado_funcion  goto 24
	cuerpo_funcion  goto 183
	retorno  goto 25
	asignacion  goto 26
	sentencia_IF  goto 27
	sentencia_WHILE  goto 28
	sentencia_goto  goto 29
	outf_rule  goto 30
	variable_simple  goto 31


state 129
	asignacion : variable_simple ASIGNACION expresion_arit .  (60)
	expresion_arit : expresion_arit . '+' termino  (68)
	expresion_arit : expresion_arit . '-' termino  (69)
	expresion_arit : expresion_arit . '+' error  (73)
	expresion_arit : expresion_arit . '-' error  (74)

	'+'  shift 90
	'-'  shift 91
	$end  reduce 60
	IF  reduce 60
	ELSE  reduce 60
	END  reduce 60
	END_IF  reduce 60
	OUTF  reduce 60
	TYPEDEF  reduce 60
	RET  reduce 60
	ID  reduce 60
	WHILE  reduce 60
	GOTO  reduce 60
	ETIQUETA  reduce 60
	INTEGER  reduce 60
	DOUBLE  reduce 60
	';'  reduce 60
	')'  reduce 60


state 130
	asignacion : variable_simple '{' CTE . '}' ASIGNACION expresion_arit  (61)

	'}'  shift 184
	.  error


state 131
	programa : ID_simple BEGIN sentencias END .  (1)

	.  reduce 1


state 132
	expresion_arit : error '+' error .  (71)

	.  reduce 71


state 133
	expresion_arit : error '-' error .  (72)

	.  reduce 72


state 134
	termino : error '*' error .  (79)

	.  reduce 79


state 135
	termino : error '/' error .  (80)

	.  reduce 80


state 136
	condicion : '(' error ')' .  (116)

	.  reduce 116


state 137
	list_expre : expresion_arit .  (67)
	expresion_arit : expresion_arit . '+' termino  (68)
	expresion_arit : expresion_arit . '-' termino  (69)
	expresion_arit : expresion_arit . '+' error  (73)
	expresion_arit : expresion_arit . '-' error  (74)

	'+'  shift 90
	'-'  shift 91
	MAYORIGUAL  reduce 67
	MENORIGUAL  reduce 67
	DISTINTO  reduce 67
	','  reduce 67
	'<'  reduce 67
	'>'  reduce 67
	')'  reduce 67
	'='  reduce 67


state 138
	list_expre : list_expre . ',' expresion_arit  (66)
	condicion : '(' '(' list_expre . ')' comparador '(' list_expre ')' ')'  (107)
	condicion : '(' '(' list_expre . ')' comparador '(' list_expre ')'  (109)
	condicion : '(' '(' list_expre . ')' '(' list_expre ')' ')'  (115)
	condicion : '(' '(' list_expre . comparador '(' list_expre ')' ')'  (117)
	condicion : '(' '(' list_expre . ')' comparador list_expre ')' ')'  (118)

	MAYORIGUAL  shift 85
	MENORIGUAL  shift 86
	DISTINTO  shift 87
	','  shift 140
	'<'  shift 88
	'>'  shift 89
	')'  shift 185
	'='  shift 92
	.  error

	comparador  goto 186


state 139
	condicion : '(' expresion_arit comparador . expresion_arit ')'  (111)
	condicion : '(' expresion_arit comparador . expresion_arit  (113)

	error  shift 34
	CTE  shift 35
	ID  shift 2
	ERROR  shift 36
	'-'  shift 38
	.  error

	ID_simple  goto 39
	CTE_con_sig  goto 40
	expresion_arit  goto 187
	variable_simple  goto 42
	invocacion  goto 43
	termino  goto 44
	factor  goto 45


state 140
	list_expre : list_expre ',' . expresion_arit  (66)

	error  shift 34
	CTE  shift 35
	ID  shift 2
	ERROR  shift 36
	'-'  shift 38
	.  error

	ID_simple  goto 39
	CTE_con_sig  goto 40
	expresion_arit  goto 188
	variable_simple  goto 42
	invocacion  goto 43
	termino  goto 44
	factor  goto 45


state 141
	condicion : '(' list_expre ')' . comparador '(' list_expre ')' ')'  (108)
	condicion : '(' list_expre ')' . comparador '(' list_expre ')'  (110)

	MAYORIGUAL  shift 85
	MENORIGUAL  shift 86
	DISTINTO  shift 87
	'<'  shift 88
	'>'  shift 89
	'='  shift 92
	.  error

	comparador  goto 189


state 142
	invocacion : ID_simple '(' error . ')'  (65)
	expresion_arit : error . '+' error  (71)
	expresion_arit : error . '-' error  (72)
	expresion_arit : error . termino  (75)
	termino : error . '*' error  (79)
	termino : error . '/' error  (80)

	error  shift 72
	CTE  shift 35
	ID  shift 2
	ERROR  shift 36
	')'  shift 190
	'+'  shift 73
	'-'  shift 74
	'*'  shift 75
	'/'  shift 76
	.  error

	ID_simple  goto 39
	CTE_con_sig  goto 40
	variable_simple  goto 42
	invocacion  goto 43
	termino  goto 77
	factor  goto 45


state 143
	invocacion : ID_simple '(' ')' .  (64)

	.  reduce 64


state 144
	invocacion : ID_simple '(' tipo_primitivo . '(' expresion_arit ')' ')'  (63)

	'('  shift 191
	.  error


state 145
	invocacion : ID_simple '(' expresion_arit . ')'  (62)
	expresion_arit : expresion_arit . '+' termino  (68)
	expresion_arit : expresion_arit . '-' termino  (69)
	expresion_arit : expresion_arit . '+' error  (73)
	expresion_arit : expresion_arit . '-' error  (74)

	')'  shift 192
	'+'  shift 90
	'-'  shift 91
	.  error


state 146
	expresion_arit : expresion_arit '+' error .  (73)
	termino : error . '*' error  (79)
	termino : error . '/' error  (80)

	'*'  shift 75
	'/'  shift 76
	$end  reduce 73
	error  reduce 73
	IF  reduce 73
	THEN  reduce 73
	ELSE  reduce 73
	BEGIN  reduce 73
	END  reduce 73
	END_IF  reduce 73
	OUTF  reduce 73
	TYPEDEF  reduce 73
	RET  reduce 73
	ID  reduce 73
	WHILE  reduce 73
	GOTO  reduce 73
	ETIQUETA  reduce 73
	MAYORIGUAL  reduce 73
	MENORIGUAL  reduce 73
	DISTINTO  reduce 73
	INTEGER  reduce 73
	DOUBLE  reduce 73
	';'  reduce 73
	','  reduce 73
	'<'  reduce 73
	'>'  reduce 73
	')'  reduce 73
	'+'  reduce 73
	'-'  reduce 73
	'='  reduce 73


state 147
	expresion_arit : expresion_arit '+' termino .  (68)
	termino : termino . '*' factor  (76)
	termino : termino . '/' factor  (77)
	termino : termino . '*' error  (81)
	termino : termino . '/' error  (82)

	'*'  shift 95
	'/'  shift 96
	$end  reduce 68
	error  reduce 68
	IF  reduce 68
	THEN  reduce 68
	ELSE  reduce 68
	BEGIN  reduce 68
	END  reduce 68
	END_IF  reduce 68
	OUTF  reduce 68
	TYPEDEF  reduce 68
	RET  reduce 68
	ID  reduce 68
	WHILE  reduce 68
	GOTO  reduce 68
	ETIQUETA  reduce 68
	MAYORIGUAL  reduce 68
	MENORIGUAL  reduce 68
	DISTINTO  reduce 68
	INTEGER  reduce 68
	DOUBLE  reduce 68
	';'  reduce 68
	','  reduce 68
	'<'  reduce 68
	'>'  reduce 68
	')'  reduce 68
	'+'  reduce 68
	'-'  reduce 68
	'='  reduce 68


state 148
	expresion_arit : expresion_arit '-' error .  (74)
	termino : error . '*' error  (79)
	termino : error . '/' error  (80)

	'*'  shift 75
	'/'  shift 76
	$end  reduce 74
	error  reduce 74
	IF  reduce 74
	THEN  reduce 74
	ELSE  reduce 74
	BEGIN  reduce 74
	END  reduce 74
	END_IF  reduce 74
	OUTF  reduce 74
	TYPEDEF  reduce 74
	RET  reduce 74
	ID  reduce 74
	WHILE  reduce 74
	GOTO  reduce 74
	ETIQUETA  reduce 74
	MAYORIGUAL  reduce 74
	MENORIGUAL  reduce 74
	DISTINTO  reduce 74
	INTEGER  reduce 74
	DOUBLE  reduce 74
	';'  reduce 74
	','  reduce 74
	'<'  reduce 74
	'>'  reduce 74
	')'  reduce 74
	'+'  reduce 74
	'-'  reduce 74
	'='  reduce 74


state 149
	expresion_arit : expresion_arit '-' termino .  (69)
	termino : termino . '*' factor  (76)
	termino : termino . '/' factor  (77)
	termino : termino . '*' error  (81)
	termino : termino . '/' error  (82)

	'*'  shift 95
	'/'  shift 96
	$end  reduce 69
	error  reduce 69
	IF  reduce 69
	THEN  reduce 69
	ELSE  reduce 69
	BEGIN  reduce 69
	END  reduce 69
	END_IF  reduce 69
	OUTF  reduce 69
	TYPEDEF  reduce 69
	RET  reduce 69
	ID  reduce 69
	WHILE  reduce 69
	GOTO  reduce 69
	ETIQUETA  reduce 69
	MAYORIGUAL  reduce 69
	MENORIGUAL  reduce 69
	DISTINTO  reduce 69
	INTEGER  reduce 69
	DOUBLE  reduce 69
	';'  reduce 69
	','  reduce 69
	'<'  reduce 69
	'>'  reduce 69
	')'  reduce 69
	'+'  reduce 69
	'-'  reduce 69
	'='  reduce 69


state 150
	expresion_arit : expresion_arit . '+' termino  (68)
	expresion_arit : expresion_arit . '-' termino  (69)
	expresion_arit : expresion_arit . '+' error  (73)
	expresion_arit : expresion_arit . '-' error  (74)
	condicion : expresion_arit comparador expresion_arit . ')'  (112)
	condicion : expresion_arit comparador expresion_arit .  (114)

	')'  shift 193
	'+'  shift 90
	'-'  shift 91
	error  reduce 114
	IF  reduce 114
	THEN  reduce 114
	BEGIN  reduce 114
	OUTF  reduce 114
	RET  reduce 114
	ID  reduce 114
	WHILE  reduce 114
	GOTO  reduce 114
	ETIQUETA  reduce 114


state 151
	factor : variable_simple '{' CTE . '}'  (86)

	'}'  shift 194
	.  error


state 152
	termino : termino '*' error .  (81)

	.  reduce 81


state 153
	termino : termino '*' factor .  (76)

	.  reduce 76


state 154
	termino : termino '/' error .  (82)

	.  reduce 82


state 155
	termino : termino '/' factor .  (77)

	.  reduce 77


state 156
	bloque_else_multiple : ELSE . BEGIN bloque_sent_ejecutables ';' END  (127)
	bloque_else_multiple : ELSE . BEGIN bloque_sent_ejecutables END  (128)
	bloque_else_simple : ELSE . bloque_sentencia_simple  (129)

	IF  shift 5
	BEGIN  shift 195
	OUTF  shift 6
	RET  shift 8
	ID  shift 2
	WHILE  shift 9
	GOTO  shift 10
	ETIQUETA  shift 11
	.  error

	ID_simple  goto 62
	sentencia_ejecutable  goto 114
	retorno  goto 25
	asignacion  goto 26
	sentencia_IF  goto 27
	sentencia_WHILE  goto 28
	sentencia_goto  goto 29
	outf_rule  goto 30
	variable_simple  goto 31
	bloque_sentencia_simple  goto 196


state 157
	sentencia_IF : IF condicion THEN END_IF .  (99)

	.  reduce 99


state 158
	sentencia_IF : IF condicion THEN bloque_unidad . ';' bloque_else ';' END_IF  (96)
	sentencia_IF : IF condicion THEN bloque_unidad . ';' END_IF  (97)
	sentencia_IF : IF condicion THEN bloque_unidad . ';' ELSE END_IF  (100)
	sentencia_IF : IF condicion THEN bloque_unidad . bloque_else ';' END_IF  (101)
	sentencia_IF : IF condicion THEN bloque_unidad . END_IF  (102)
	sentencia_IF : IF condicion THEN bloque_unidad . ';' bloque_else END_IF  (103)
	sentencia_IF : IF condicion THEN bloque_unidad . bloque_else END_IF  (104)
	sentencia_IF : IF condicion THEN bloque_unidad . ';' error  (105)
	sentencia_IF : IF condicion THEN bloque_unidad . ';' bloque_else ';' error  (106)

	ELSE  shift 156
	END_IF  shift 197
	';'  shift 198
	.  error

	bloque_else  goto 199
	bloque_else_simple  goto 160
	bloque_else_multiple  goto 161


state 159
	sentencia_IF : IF condicion THEN bloque_else . ';' END_IF  (98)

	';'  shift 200
	.  error


state 160
	bloque_else : bloque_else_simple .  (125)

	.  reduce 125


state 161
	bloque_else : bloque_else_multiple .  (126)

	.  reduce 126


state 162
	outf_rule : OUTF '(' sentencias ')' .  (59)

	.  reduce 59


state 163
	outf_rule : OUTF '(' expresion_arit ')' .  (56)

	.  reduce 56


state 164
	outf_rule : OUTF '(' cadena ')' .  (58)

	.  reduce 58


state 165
	asignacion : variable_simple '{' . CTE '}' ASIGNACION expresion_arit  (61)
	factor : variable_simple '{' . CTE '}'  (86)

	CTE  shift 201
	.  error


state 166
	declaracion_subtipo : TYPEDEF TRIPLE '<' tipo . '>' ID_simple  (27)
	declaracion_subtipo : TYPEDEF TRIPLE '<' tipo . ID_simple  (36)
	declaracion_subtipo : TYPEDEF TRIPLE '<' tipo . '>' error  (38)

	ID  shift 2
	'>'  shift 202
	.  error

	ID_simple  goto 203


state 167
	declaracion_subtipo : TYPEDEF TRIPLE tipo '>' . ID_simple  (35)

	ID  shift 2
	.  error

	ID_simple  goto 204


state 168
	declaracion_subtipo : TYPEDEF TRIPLE tipo ID_simple .  (37)

	.  reduce 37


state 169
	declaracion_subtipo : TYPEDEF ASIGNACION tipo '{' . CTE_con_sig ',' CTE_con_sig '}'  (32)

	CTE  shift 35
	ERROR  shift 36
	'-'  shift 38
	.  error

	CTE_con_sig  goto 205


state 170
	declaracion_subtipo : TYPEDEF '<' tipo '>' . ID_simple  (34)

	ID  shift 2
	.  error

	ID_simple  goto 206


state 171
	declaracion_subtipo : TYPEDEF ID_simple ASIGNACION '{' . CTE_con_sig ',' CTE_con_sig '}'  (33)

	CTE  shift 35
	ERROR  shift 36
	'-'  shift 38
	.  error

	CTE_con_sig  goto 207


state 172
	declaracion_subtipo : TYPEDEF ID_simple ASIGNACION tipo . '{' CTE_con_sig ',' CTE_con_sig '}'  (23)
	declaracion_subtipo : TYPEDEF ID_simple ASIGNACION tipo . CTE_con_sig ',' CTE_con_sig '}'  (24)
	declaracion_subtipo : TYPEDEF ID_simple ASIGNACION tipo . '{' CTE_con_sig ',' CTE_con_sig  (25)
	declaracion_subtipo : TYPEDEF ID_simple ASIGNACION tipo . CTE_con_sig ',' CTE_con_sig  (26)
	declaracion_subtipo : TYPEDEF ID_simple ASIGNACION tipo . '{' ',' CTE_con_sig '}'  (28)
	declaracion_subtipo : TYPEDEF ID_simple ASIGNACION tipo . '{' CTE_con_sig '}'  (29)
	declaracion_subtipo : TYPEDEF ID_simple ASIGNACION tipo . '{' CTE_con_sig ',' '}'  (30)
	declaracion_subtipo : TYPEDEF ID_simple ASIGNACION tipo . '{' '}'  (31)

	CTE  shift 35
	ERROR  shift 36
	'{'  shift 208
	'-'  shift 38
	.  error

	CTE_con_sig  goto 209


state 173
	retorno : RET '(' expresion_arit ')' .  (48)

	.  reduce 48


state 174
	bloque_unidad_multiple : BEGIN END .  (133)

	.  reduce 133


state 175
	bloque_unidad_multiple : BEGIN bloque_sent_ejecutables . ';' END  (132)
	bloque_unidad_multiple : BEGIN bloque_sent_ejecutables . END  (134)
	bloque_sent_ejecutables : bloque_sent_ejecutables . ';' bloque_sentencia_simple  (136)
	bloque_sent_ejecutables : bloque_sent_ejecutables . bloque_sentencia_simple  (138)

	IF  shift 5
	END  shift 210
	OUTF  shift 6
	RET  shift 8
	ID  shift 2
	WHILE  shift 9
	GOTO  shift 10
	ETIQUETA  shift 11
	';'  shift 211
	.  error

	ID_simple  goto 62
	sentencia_ejecutable  goto 114
	retorno  goto 25
	asignacion  goto 26
	sentencia_IF  goto 27
	sentencia_WHILE  goto 28
	sentencia_goto  goto 29
	outf_rule  goto 30
	variable_simple  goto 31
	bloque_sentencia_simple  goto 212


state 176
	bloque_sent_ejecutables : bloque_sentencia_simple .  (137)

	.  reduce 137


state 177
	variables : variables ',' variable_simple .  (87)

	.  reduce 87


state 178
	parametros_parentesis : '(' error ')' .  (46)

	.  reduce 46


state 179
	parametros_parentesis : '(' ID_simple ')' .  (44)

	.  reduce 44


state 180
	parametros_parentesis : '(' tipo_primitivo ')' .  (43)

	.  reduce 43


state 181
	parametros_parentesis : '(' tipo_primitivo ID_simple . ')'  (42)

	')'  shift 213
	.  error


state 182
	sentencias : sentencias . sentencia  (7)
	cuerpo_funcion : sentencias .  (47)

	IF  shift 5
	OUTF  shift 6
	TYPEDEF  shift 7
	RET  shift 8
	ID  shift 2
	WHILE  shift 9
	GOTO  shift 10
	ETIQUETA  shift 11
	INTEGER  shift 12
	DOUBLE  shift 13
	END  reduce 47

	ID_simple  goto 14
	sentencia  goto 57
	sentencia_declarativa  goto 17
	sentencia_ejecutable  goto 18
	declaracion_variable  goto 19
	declaracion_funciones  goto 20
	declaracion_subtipo  goto 21
	tipo  goto 22
	tipo_primitivo  goto 23
	encabezado_funcion  goto 24
	retorno  goto 25
	asignacion  goto 26
	sentencia_IF  goto 27
	sentencia_WHILE  goto 28
	sentencia_goto  goto 29
	outf_rule  goto 30
	variable_simple  goto 31


state 183
	declaracion_funciones : encabezado_funcion parametros_parentesis BEGIN cuerpo_funcion . END  (39)

	END  shift 214
	.  error


state 184
	asignacion : variable_simple '{' CTE '}' . ASIGNACION expresion_arit  (61)

	ASIGNACION  shift 215
	.  error


state 185
	condicion : '(' '(' list_expre ')' . comparador '(' list_expre ')' ')'  (107)
	condicion : '(' '(' list_expre ')' . comparador '(' list_expre ')'  (109)
	condicion : '(' '(' list_expre ')' . '(' list_expre ')' ')'  (115)
	condicion : '(' '(' list_expre ')' . comparador list_expre ')' ')'  (118)

	MAYORIGUAL  shift 85
	MENORIGUAL  shift 86
	DISTINTO  shift 87
	'<'  shift 88
	'>'  shift 89
	'('  shift 216
	'='  shift 92
	.  error

	comparador  goto 217


state 186
	condicion : '(' '(' list_expre comparador . '(' list_expre ')' ')'  (117)

	'('  shift 218
	.  error


state 187
	expresion_arit : expresion_arit . '+' termino  (68)
	expresion_arit : expresion_arit . '-' termino  (69)
	expresion_arit : expresion_arit . '+' error  (73)
	expresion_arit : expresion_arit . '-' error  (74)
	condicion : '(' expresion_arit comparador expresion_arit . ')'  (111)
	condicion : '(' expresion_arit comparador expresion_arit .  (113)

	')'  shift 219
	'+'  shift 90
	'-'  shift 91
	error  reduce 113
	IF  reduce 113
	THEN  reduce 113
	BEGIN  reduce 113
	OUTF  reduce 113
	RET  reduce 113
	ID  reduce 113
	WHILE  reduce 113
	GOTO  reduce 113
	ETIQUETA  reduce 113


state 188
	list_expre : list_expre ',' expresion_arit .  (66)
	expresion_arit : expresion_arit . '+' termino  (68)
	expresion_arit : expresion_arit . '-' termino  (69)
	expresion_arit : expresion_arit . '+' error  (73)
	expresion_arit : expresion_arit . '-' error  (74)

	'+'  shift 90
	'-'  shift 91
	MAYORIGUAL  reduce 66
	MENORIGUAL  reduce 66
	DISTINTO  reduce 66
	','  reduce 66
	'<'  reduce 66
	'>'  reduce 66
	')'  reduce 66
	'='  reduce 66


state 189
	condicion : '(' list_expre ')' comparador . '(' list_expre ')' ')'  (108)
	condicion : '(' list_expre ')' comparador . '(' list_expre ')'  (110)

	'('  shift 220
	.  error


state 190
	invocacion : ID_simple '(' error ')' .  (65)

	.  reduce 65


state 191
	invocacion : ID_simple '(' tipo_primitivo '(' . expresion_arit ')' ')'  (63)

	error  shift 34
	CTE  shift 35
	ID  shift 2
	ERROR  shift 36
	'-'  shift 38
	.  error

	ID_simple  goto 39
	CTE_con_sig  goto 40
	expresion_arit  goto 221
	variable_simple  goto 42
	invocacion  goto 43
	termino  goto 44
	factor  goto 45


state 192
	invocacion : ID_simple '(' expresion_arit ')' .  (62)

	.  reduce 62


state 193
	condicion : expresion_arit comparador expresion_arit ')' .  (112)

	.  reduce 112


state 194
	factor : variable_simple '{' CTE '}' .  (86)

	.  reduce 86


state 195
	bloque_else_multiple : ELSE BEGIN . bloque_sent_ejecutables ';' END  (127)
	bloque_else_multiple : ELSE BEGIN . bloque_sent_ejecutables END  (128)

	IF  shift 5
	OUTF  shift 6
	RET  shift 8
	ID  shift 2
	WHILE  shift 9
	GOTO  shift 10
	ETIQUETA  shift 11
	.  error

	ID_simple  goto 62
	sentencia_ejecutable  goto 114
	retorno  goto 25
	asignacion  goto 26
	sentencia_IF  goto 27
	sentencia_WHILE  goto 28
	sentencia_goto  goto 29
	outf_rule  goto 30
	variable_simple  goto 31
	bloque_sent_ejecutables  goto 222
	bloque_sentencia_simple  goto 176


state 196
	bloque_else_simple : ELSE bloque_sentencia_simple .  (129)

	.  reduce 129


state 197
	sentencia_IF : IF condicion THEN bloque_unidad END_IF .  (102)

	.  reduce 102


state 198
	sentencia_IF : IF condicion THEN bloque_unidad ';' . bloque_else ';' END_IF  (96)
	sentencia_IF : IF condicion THEN bloque_unidad ';' . END_IF  (97)
	sentencia_IF : IF condicion THEN bloque_unidad ';' . ELSE END_IF  (100)
	sentencia_IF : IF condicion THEN bloque_unidad ';' . bloque_else END_IF  (103)
	sentencia_IF : IF condicion THEN bloque_unidad ';' . error  (105)
	sentencia_IF : IF condicion THEN bloque_unidad ';' . bloque_else ';' error  (106)

	error  shift 223
	ELSE  shift 224
	END_IF  shift 225
	.  error

	bloque_else  goto 226
	bloque_else_simple  goto 160
	bloque_else_multiple  goto 161


state 199
	sentencia_IF : IF condicion THEN bloque_unidad bloque_else . ';' END_IF  (101)
	sentencia_IF : IF condicion THEN bloque_unidad bloque_else . END_IF  (104)

	END_IF  shift 227
	';'  shift 228
	.  error


state 200
	sentencia_IF : IF condicion THEN bloque_else ';' . END_IF  (98)

	END_IF  shift 229
	.  error


state 201
	asignacion : variable_simple '{' CTE . '}' ASIGNACION expresion_arit  (61)
	factor : variable_simple '{' CTE . '}'  (86)

	'}'  shift 230
	.  error


state 202
	declaracion_subtipo : TYPEDEF TRIPLE '<' tipo '>' . ID_simple  (27)
	declaracion_subtipo : TYPEDEF TRIPLE '<' tipo '>' . error  (38)

	error  shift 231
	ID  shift 2
	.  error

	ID_simple  goto 232


state 203
	declaracion_subtipo : TYPEDEF TRIPLE '<' tipo ID_simple .  (36)

	.  reduce 36


state 204
	declaracion_subtipo : TYPEDEF TRIPLE tipo '>' ID_simple .  (35)

	.  reduce 35


state 205
	declaracion_subtipo : TYPEDEF ASIGNACION tipo '{' CTE_con_sig . ',' CTE_con_sig '}'  (32)

	','  shift 233
	.  error


state 206
	declaracion_subtipo : TYPEDEF '<' tipo '>' ID_simple .  (34)

	.  reduce 34


state 207
	declaracion_subtipo : TYPEDEF ID_simple ASIGNACION '{' CTE_con_sig . ',' CTE_con_sig '}'  (33)

	','  shift 234
	.  error


state 208
	declaracion_subtipo : TYPEDEF ID_simple ASIGNACION tipo '{' . CTE_con_sig ',' CTE_con_sig '}'  (23)
	declaracion_subtipo : TYPEDEF ID_simple ASIGNACION tipo '{' . CTE_con_sig ',' CTE_con_sig  (25)
	declaracion_subtipo : TYPEDEF ID_simple ASIGNACION tipo '{' . ',' CTE_con_sig '}'  (28)
	declaracion_subtipo : TYPEDEF ID_simple ASIGNACION tipo '{' . CTE_con_sig '}'  (29)
	declaracion_subtipo : TYPEDEF ID_simple ASIGNACION tipo '{' . CTE_con_sig ',' '}'  (30)
	declaracion_subtipo : TYPEDEF ID_simple ASIGNACION tipo '{' . '}'  (31)

	CTE  shift 35
	ERROR  shift 36
	','  shift 235
	'}'  shift 236
	'-'  shift 38
	.  error

	CTE_con_sig  goto 237


state 209
	declaracion_subtipo : TYPEDEF ID_simple ASIGNACION tipo CTE_con_sig . ',' CTE_con_sig '}'  (24)
	declaracion_subtipo : TYPEDEF ID_simple ASIGNACION tipo CTE_con_sig . ',' CTE_con_sig  (26)

	','  shift 238
	.  error


state 210
	bloque_unidad_multiple : BEGIN bloque_sent_ejecutables END .  (134)

	.  reduce 134


state 211
	bloque_unidad_multiple : BEGIN bloque_sent_ejecutables ';' . END  (132)
	bloque_sent_ejecutables : bloque_sent_ejecutables ';' . bloque_sentencia_simple  (136)

	IF  shift 5
	END  shift 239
	OUTF  shift 6
	RET  shift 8
	ID  shift 2
	WHILE  shift 9
	GOTO  shift 10
	ETIQUETA  shift 11
	.  error

	ID_simple  goto 62
	sentencia_ejecutable  goto 114
	retorno  goto 25
	asignacion  goto 26
	sentencia_IF  goto 27
	sentencia_WHILE  goto 28
	sentencia_goto  goto 29
	outf_rule  goto 30
	variable_simple  goto 31
	bloque_sentencia_simple  goto 240


state 212
	bloque_sent_ejecutables : bloque_sent_ejecutables bloque_sentencia_simple .  (138)

	.  reduce 138


state 213
	parametros_parentesis : '(' tipo_primitivo ID_simple ')' .  (42)

	.  reduce 42


state 214
	declaracion_funciones : encabezado_funcion parametros_parentesis BEGIN cuerpo_funcion END .  (39)

	.  reduce 39


state 215
	asignacion : variable_simple '{' CTE '}' ASIGNACION . expresion_arit  (61)

	error  shift 34
	CTE  shift 35
	ID  shift 2
	ERROR  shift 36
	'-'  shift 38
	.  error

	ID_simple  goto 39
	CTE_con_sig  goto 40
	expresion_arit  goto 241
	variable_simple  goto 42
	invocacion  goto 43
	termino  goto 44
	factor  goto 45


state 216
	condicion : '(' '(' list_expre ')' '(' . list_expre ')' ')'  (115)

	error  shift 34
	CTE  shift 35
	ID  shift 2
	ERROR  shift 36
	'-'  shift 38
	.  error

	ID_simple  goto 39
	CTE_con_sig  goto 40
	expresion_arit  goto 137
	variable_simple  goto 42
	invocacion  goto 43
	list_expre  goto 242
	termino  goto 44
	factor  goto 45


state 217
	condicion : '(' '(' list_expre ')' comparador . '(' list_expre ')' ')'  (107)
	condicion : '(' '(' list_expre ')' comparador . '(' list_expre ')'  (109)
	condicion : '(' '(' list_expre ')' comparador . list_expre ')' ')'  (118)

	error  shift 34
	CTE  shift 35
	ID  shift 2
	ERROR  shift 36
	'('  shift 243
	'-'  shift 38
	.  error

	ID_simple  goto 39
	CTE_con_sig  goto 40
	expresion_arit  goto 137
	variable_simple  goto 42
	invocacion  goto 43
	list_expre  goto 244
	termino  goto 44
	factor  goto 45


state 218
	condicion : '(' '(' list_expre comparador '(' . list_expre ')' ')'  (117)

	error  shift 34
	CTE  shift 35
	ID  shift 2
	ERROR  shift 36
	'-'  shift 38
	.  error

	ID_simple  goto 39
	CTE_con_sig  goto 40
	expresion_arit  goto 137
	variable_simple  goto 42
	invocacion  goto 43
	list_expre  goto 245
	termino  goto 44
	factor  goto 45


state 219
	condicion : '(' expresion_arit comparador expresion_arit ')' .  (111)

	.  reduce 111


state 220
	condicion : '(' list_expre ')' comparador '(' . list_expre ')' ')'  (108)
	condicion : '(' list_expre ')' comparador '(' . list_expre ')'  (110)

	error  shift 34
	CTE  shift 35
	ID  shift 2
	ERROR  shift 36
	'-'  shift 38
	.  error

	ID_simple  goto 39
	CTE_con_sig  goto 40
	expresion_arit  goto 137
	variable_simple  goto 42
	invocacion  goto 43
	list_expre  goto 246
	termino  goto 44
	factor  goto 45


state 221
	invocacion : ID_simple '(' tipo_primitivo '(' expresion_arit . ')' ')'  (63)
	expresion_arit : expresion_arit . '+' termino  (68)
	expresion_arit : expresion_arit . '-' termino  (69)
	expresion_arit : expresion_arit . '+' error  (73)
	expresion_arit : expresion_arit . '-' error  (74)

	')'  shift 247
	'+'  shift 90
	'-'  shift 91
	.  error


state 222
	bloque_else_multiple : ELSE BEGIN bloque_sent_ejecutables . ';' END  (127)
	bloque_else_multiple : ELSE BEGIN bloque_sent_ejecutables . END  (128)
	bloque_sent_ejecutables : bloque_sent_ejecutables . ';' bloque_sentencia_simple  (136)
	bloque_sent_ejecutables : bloque_sent_ejecutables . bloque_sentencia_simple  (138)

	IF  shift 5
	END  shift 248
	OUTF  shift 6
	RET  shift 8
	ID  shift 2
	WHILE  shift 9
	GOTO  shift 10
	ETIQUETA  shift 11
	';'  shift 249
	.  error

	ID_simple  goto 62
	sentencia_ejecutable  goto 114
	retorno  goto 25
	asignacion  goto 26
	sentencia_IF  goto 27
	sentencia_WHILE  goto 28
	sentencia_goto  goto 29
	outf_rule  goto 30
	variable_simple  goto 31
	bloque_sentencia_simple  goto 212


state 223
	sentencia_IF : IF condicion THEN bloque_unidad ';' error .  (105)

	.  reduce 105


state 224
	sentencia_IF : IF condicion THEN bloque_unidad ';' ELSE . END_IF  (100)
	bloque_else_multiple : ELSE . BEGIN bloque_sent_ejecutables ';' END  (127)
	bloque_else_multiple : ELSE . BEGIN bloque_sent_ejecutables END  (128)
	bloque_else_simple : ELSE . bloque_sentencia_simple  (129)

	IF  shift 5
	BEGIN  shift 195
	END_IF  shift 250
	OUTF  shift 6
	RET  shift 8
	ID  shift 2
	WHILE  shift 9
	GOTO  shift 10
	ETIQUETA  shift 11
	.  error

	ID_simple  goto 62
	sentencia_ejecutable  goto 114
	retorno  goto 25
	asignacion  goto 26
	sentencia_IF  goto 27
	sentencia_WHILE  goto 28
	sentencia_goto  goto 29
	outf_rule  goto 30
	variable_simple  goto 31
	bloque_sentencia_simple  goto 196


state 225
	sentencia_IF : IF condicion THEN bloque_unidad ';' END_IF .  (97)

	.  reduce 97


state 226
	sentencia_IF : IF condicion THEN bloque_unidad ';' bloque_else . ';' END_IF  (96)
	sentencia_IF : IF condicion THEN bloque_unidad ';' bloque_else . END_IF  (103)
	sentencia_IF : IF condicion THEN bloque_unidad ';' bloque_else . ';' error  (106)

	END_IF  shift 251
	';'  shift 252
	.  error


state 227
	sentencia_IF : IF condicion THEN bloque_unidad bloque_else END_IF .  (104)

	.  reduce 104


state 228
	sentencia_IF : IF condicion THEN bloque_unidad bloque_else ';' . END_IF  (101)

	END_IF  shift 253
	.  error


state 229
	sentencia_IF : IF condicion THEN bloque_else ';' END_IF .  (98)

	.  reduce 98


state 230
	asignacion : variable_simple '{' CTE '}' . ASIGNACION expresion_arit  (61)
	factor : variable_simple '{' CTE '}' .  (86)

	ASIGNACION  shift 215
	')'  reduce 86
	'+'  reduce 86
	'-'  reduce 86
	'*'  reduce 86
	'/'  reduce 86


state 231
	declaracion_subtipo : TYPEDEF TRIPLE '<' tipo '>' error .  (38)

	.  reduce 38


state 232
	declaracion_subtipo : TYPEDEF TRIPLE '<' tipo '>' ID_simple .  (27)

	.  reduce 27


state 233
	declaracion_subtipo : TYPEDEF ASIGNACION tipo '{' CTE_con_sig ',' . CTE_con_sig '}'  (32)

	CTE  shift 35
	ERROR  shift 36
	'-'  shift 38
	.  error

	CTE_con_sig  goto 254


state 234
	declaracion_subtipo : TYPEDEF ID_simple ASIGNACION '{' CTE_con_sig ',' . CTE_con_sig '}'  (33)

	CTE  shift 35
	ERROR  shift 36
	'-'  shift 38
	.  error

	CTE_con_sig  goto 255


state 235
	declaracion_subtipo : TYPEDEF ID_simple ASIGNACION tipo '{' ',' . CTE_con_sig '}'  (28)

	CTE  shift 35
	ERROR  shift 36
	'-'  shift 38
	.  error

	CTE_con_sig  goto 256


state 236
	declaracion_subtipo : TYPEDEF ID_simple ASIGNACION tipo '{' '}' .  (31)

	.  reduce 31


state 237
	declaracion_subtipo : TYPEDEF ID_simple ASIGNACION tipo '{' CTE_con_sig . ',' CTE_con_sig '}'  (23)
	declaracion_subtipo : TYPEDEF ID_simple ASIGNACION tipo '{' CTE_con_sig . ',' CTE_con_sig  (25)
	declaracion_subtipo : TYPEDEF ID_simple ASIGNACION tipo '{' CTE_con_sig . '}'  (29)
	declaracion_subtipo : TYPEDEF ID_simple ASIGNACION tipo '{' CTE_con_sig . ',' '}'  (30)

	','  shift 257
	'}'  shift 258
	.  error


state 238
	declaracion_subtipo : TYPEDEF ID_simple ASIGNACION tipo CTE_con_sig ',' . CTE_con_sig '}'  (24)
	declaracion_subtipo : TYPEDEF ID_simple ASIGNACION tipo CTE_con_sig ',' . CTE_con_sig  (26)

	CTE  shift 35
	ERROR  shift 36
	'-'  shift 38
	.  error

	CTE_con_sig  goto 259


state 239
	bloque_unidad_multiple : BEGIN bloque_sent_ejecutables ';' END .  (132)

	.  reduce 132


state 240
	bloque_sent_ejecutables : bloque_sent_ejecutables ';' bloque_sentencia_simple .  (136)

	.  reduce 136


state 241
	asignacion : variable_simple '{' CTE '}' ASIGNACION expresion_arit .  (61)
	expresion_arit : expresion_arit . '+' termino  (68)
	expresion_arit : expresion_arit . '-' termino  (69)
	expresion_arit : expresion_arit . '+' error  (73)
	expresion_arit : expresion_arit . '-' error  (74)

	'+'  shift 90
	'-'  shift 91
	$end  reduce 61
	IF  reduce 61
	ELSE  reduce 61
	END  reduce 61
	END_IF  reduce 61
	OUTF  reduce 61
	TYPEDEF  reduce 61
	RET  reduce 61
	ID  reduce 61
	WHILE  reduce 61
	GOTO  reduce 61
	ETIQUETA  reduce 61
	INTEGER  reduce 61
	DOUBLE  reduce 61
	';'  reduce 61
	')'  reduce 61


state 242
	list_expre : list_expre . ',' expresion_arit  (66)
	condicion : '(' '(' list_expre ')' '(' list_expre . ')' ')'  (115)

	','  shift 140
	')'  shift 260
	.  error


state 243
	condicion : '(' '(' list_expre ')' comparador '(' . list_expre ')' ')'  (107)
	condicion : '(' '(' list_expre ')' comparador '(' . list_expre ')'  (109)

	error  shift 34
	CTE  shift 35
	ID  shift 2
	ERROR  shift 36
	'-'  shift 38
	.  error

	ID_simple  goto 39
	CTE_con_sig  goto 40
	expresion_arit  goto 137
	variable_simple  goto 42
	invocacion  goto 43
	list_expre  goto 261
	termino  goto 44
	factor  goto 45


state 244
	list_expre : list_expre . ',' expresion_arit  (66)
	condicion : '(' '(' list_expre ')' comparador list_expre . ')' ')'  (118)

	','  shift 140
	')'  shift 262
	.  error


state 245
	list_expre : list_expre . ',' expresion_arit  (66)
	condicion : '(' '(' list_expre comparador '(' list_expre . ')' ')'  (117)

	','  shift 140
	')'  shift 263
	.  error


state 246
	list_expre : list_expre . ',' expresion_arit  (66)
	condicion : '(' list_expre ')' comparador '(' list_expre . ')' ')'  (108)
	condicion : '(' list_expre ')' comparador '(' list_expre . ')'  (110)

	','  shift 140
	')'  shift 264
	.  error


state 247
	invocacion : ID_simple '(' tipo_primitivo '(' expresion_arit ')' . ')'  (63)

	')'  shift 265
	.  error


state 248
	bloque_else_multiple : ELSE BEGIN bloque_sent_ejecutables END .  (128)

	.  reduce 128


state 249
	bloque_else_multiple : ELSE BEGIN bloque_sent_ejecutables ';' . END  (127)
	bloque_sent_ejecutables : bloque_sent_ejecutables ';' . bloque_sentencia_simple  (136)

	IF  shift 5
	END  shift 266
	OUTF  shift 6
	RET  shift 8
	ID  shift 2
	WHILE  shift 9
	GOTO  shift 10
	ETIQUETA  shift 11
	.  error

	ID_simple  goto 62
	sentencia_ejecutable  goto 114
	retorno  goto 25
	asignacion  goto 26
	sentencia_IF  goto 27
	sentencia_WHILE  goto 28
	sentencia_goto  goto 29
	outf_rule  goto 30
	variable_simple  goto 31
	bloque_sentencia_simple  goto 240


state 250
	sentencia_IF : IF condicion THEN bloque_unidad ';' ELSE END_IF .  (100)

	.  reduce 100


state 251
	sentencia_IF : IF condicion THEN bloque_unidad ';' bloque_else END_IF .  (103)

	.  reduce 103


state 252
	sentencia_IF : IF condicion THEN bloque_unidad ';' bloque_else ';' . END_IF  (96)
	sentencia_IF : IF condicion THEN bloque_unidad ';' bloque_else ';' . error  (106)

	error  shift 267
	END_IF  shift 268
	.  error


state 253
	sentencia_IF : IF condicion THEN bloque_unidad bloque_else ';' END_IF .  (101)

	.  reduce 101


state 254
	declaracion_subtipo : TYPEDEF ASIGNACION tipo '{' CTE_con_sig ',' CTE_con_sig . '}'  (32)

	'}'  shift 269
	.  error


state 255
	declaracion_subtipo : TYPEDEF ID_simple ASIGNACION '{' CTE_con_sig ',' CTE_con_sig . '}'  (33)

	'}'  shift 270
	.  error


state 256
	declaracion_subtipo : TYPEDEF ID_simple ASIGNACION tipo '{' ',' CTE_con_sig . '}'  (28)

	'}'  shift 271
	.  error


state 257
	declaracion_subtipo : TYPEDEF ID_simple ASIGNACION tipo '{' CTE_con_sig ',' . CTE_con_sig '}'  (23)
	declaracion_subtipo : TYPEDEF ID_simple ASIGNACION tipo '{' CTE_con_sig ',' . CTE_con_sig  (25)
	declaracion_subtipo : TYPEDEF ID_simple ASIGNACION tipo '{' CTE_con_sig ',' . '}'  (30)

	CTE  shift 35
	ERROR  shift 36
	'}'  shift 272
	'-'  shift 38
	.  error

	CTE_con_sig  goto 273


state 258
	declaracion_subtipo : TYPEDEF ID_simple ASIGNACION tipo '{' CTE_con_sig '}' .  (29)

	.  reduce 29


state 259
	declaracion_subtipo : TYPEDEF ID_simple ASIGNACION tipo CTE_con_sig ',' CTE_con_sig . '}'  (24)
	declaracion_subtipo : TYPEDEF ID_simple ASIGNACION tipo CTE_con_sig ',' CTE_con_sig .  (26)

	'}'  shift 274
	$end  reduce 26
	IF  reduce 26
	END  reduce 26
	OUTF  reduce 26
	TYPEDEF  reduce 26
	RET  reduce 26
	ID  reduce 26
	WHILE  reduce 26
	GOTO  reduce 26
	ETIQUETA  reduce 26
	INTEGER  reduce 26
	DOUBLE  reduce 26
	';'  reduce 26
	')'  reduce 26


state 260
	condicion : '(' '(' list_expre ')' '(' list_expre ')' . ')'  (115)

	')'  shift 275
	.  error


state 261
	list_expre : list_expre . ',' expresion_arit  (66)
	condicion : '(' '(' list_expre ')' comparador '(' list_expre . ')' ')'  (107)
	condicion : '(' '(' list_expre ')' comparador '(' list_expre . ')'  (109)

	','  shift 140
	')'  shift 276
	.  error


state 262
	condicion : '(' '(' list_expre ')' comparador list_expre ')' . ')'  (118)

	')'  shift 277
	.  error


state 263
	condicion : '(' '(' list_expre comparador '(' list_expre ')' . ')'  (117)

	')'  shift 278
	.  error


state 264
	condicion : '(' list_expre ')' comparador '(' list_expre ')' . ')'  (108)
	condicion : '(' list_expre ')' comparador '(' list_expre ')' .  (110)

	')'  shift 279
	error  reduce 110
	IF  reduce 110
	THEN  reduce 110
	BEGIN  reduce 110
	OUTF  reduce 110
	RET  reduce 110
	ID  reduce 110
	WHILE  reduce 110
	GOTO  reduce 110
	ETIQUETA  reduce 110


state 265
	invocacion : ID_simple '(' tipo_primitivo '(' expresion_arit ')' ')' .  (63)

	.  reduce 63


state 266
	bloque_else_multiple : ELSE BEGIN bloque_sent_ejecutables ';' END .  (127)

	.  reduce 127


state 267
	sentencia_IF : IF condicion THEN bloque_unidad ';' bloque_else ';' error .  (106)

	.  reduce 106


state 268
	sentencia_IF : IF condicion THEN bloque_unidad ';' bloque_else ';' END_IF .  (96)

	.  reduce 96


state 269
	declaracion_subtipo : TYPEDEF ASIGNACION tipo '{' CTE_con_sig ',' CTE_con_sig '}' .  (32)

	.  reduce 32


state 270
	declaracion_subtipo : TYPEDEF ID_simple ASIGNACION '{' CTE_con_sig ',' CTE_con_sig '}' .  (33)

	.  reduce 33


state 271
	declaracion_subtipo : TYPEDEF ID_simple ASIGNACION tipo '{' ',' CTE_con_sig '}' .  (28)

	.  reduce 28


state 272
	declaracion_subtipo : TYPEDEF ID_simple ASIGNACION tipo '{' CTE_con_sig ',' '}' .  (30)

	.  reduce 30


state 273
	declaracion_subtipo : TYPEDEF ID_simple ASIGNACION tipo '{' CTE_con_sig ',' CTE_con_sig . '}'  (23)
	declaracion_subtipo : TYPEDEF ID_simple ASIGNACION tipo '{' CTE_con_sig ',' CTE_con_sig .  (25)

	'}'  shift 280
	$end  reduce 25
	IF  reduce 25
	END  reduce 25
	OUTF  reduce 25
	TYPEDEF  reduce 25
	RET  reduce 25
	ID  reduce 25
	WHILE  reduce 25
	GOTO  reduce 25
	ETIQUETA  reduce 25
	INTEGER  reduce 25
	DOUBLE  reduce 25
	';'  reduce 25
	')'  reduce 25


state 274
	declaracion_subtipo : TYPEDEF ID_simple ASIGNACION tipo CTE_con_sig ',' CTE_con_sig '}' .  (24)

	.  reduce 24


state 275
	condicion : '(' '(' list_expre ')' '(' list_expre ')' ')' .  (115)

	.  reduce 115


state 276
	condicion : '(' '(' list_expre ')' comparador '(' list_expre ')' . ')'  (107)
	condicion : '(' '(' list_expre ')' comparador '(' list_expre ')' .  (109)

	')'  shift 281
	error  reduce 109
	IF  reduce 109
	THEN  reduce 109
	BEGIN  reduce 109
	OUTF  reduce 109
	RET  reduce 109
	ID  reduce 109
	WHILE  reduce 109
	GOTO  reduce 109
	ETIQUETA  reduce 109


state 277
	condicion : '(' '(' list_expre ')' comparador list_expre ')' ')' .  (118)

	.  reduce 118


state 278
	condicion : '(' '(' list_expre comparador '(' list_expre ')' ')' .  (117)

	.  reduce 117


state 279
	condicion : '(' list_expre ')' comparador '(' list_expre ')' ')' .  (108)

	.  reduce 108


state 280
	declaracion_subtipo : TYPEDEF ID_simple ASIGNACION tipo '{' CTE_con_sig ',' CTE_con_sig '}' .  (23)

	.  reduce 23


state 281
	condicion : '(' '(' list_expre ')' comparador '(' list_expre ')' ')' .  (107)

	.  reduce 107


39 terminals, 40 nonterminals
145 grammar rules, 282 states
